531 1 533
Fail!
391 1 392
45 1 45
30 1 29
337 1 338
Fail!
466 1 467
53 1 53
117 1 118
292 1 293
Fail!
39 1 39
100 1 101
Fail!
91 1 92
663 1 666
397 1 398
Fail!
345 1 346
Fail!
711 1 714
592 1 594
Fail!
29 1 28
412 1 413
Fail!
Fail!
Fail!
574 1 576
656 1 659
Fail!
423 1 424
24 1 23
390 1 391
735 1 738
162 1 163
Fail!
391 1 392
301 1 302
Fail!
205 1 206
385 1 386
12 1 11
86 1 86
471 1 472
337 1 338
Fail!
598 1 600
421 1 422
468 1 469
19 1 18
435 1 436
4 1 3
129 1 130
367 1 368
14 1 13
154 1 155
188 1 189
657 1 660
322 1 323
125 1 126
149 1 150
577 1 579
15 1 14
Fail!
124 1 125
571 1 573
235 1 236
354 1 355
Fail!
401 1 402
258 1 259
Fail!
Fail!
592 1 594
473 1 475
165 1 166
220 1 221
Fail!
94 1 95
606 1 608
Fail!
594 1 596
163 1 164
235 1 236
Fail!
186 1 187
533 1 535
618 1 620
645 1 647
411 1 412
671 1 674
740 1 743
Fail!
275 1 276
Fail!
501 1 503
345 1 346
Fail!
483 1 485
40 1 40
Fail!
267 1 268
262 1 263
471 1 472
413 1 414
533 1 535
667 1 670
671 1 674
77 1 77
526 1 528
473 1 475
50 1 50
313 1 314
442 1 443
Fail!
Fail!
210 1 211
Fail!
100 1 101
181 1 182
429 1 430
667 1 670
72 1 72
150 1 151
Fail!
Fail!
220 1 221
369 1 370
Fail!
531 1 533
413 1 414
Fail!
622 1 624
217 1 218
482 1 484
390 1 391
483 1 485
65 1 65
79 1 79
Fail!
258 1 259
Fail!
157 1 158
607 1 609
Fail!
144 1 145
Fail!
150 1 151
247 1 248
189 1 190
295 1 296
466 1 467
227 1 228
298 1 299
337 1 338
202 1 203
189 1 190
657 1 660
230 1 231
493 1 495
Fail!
449 1 450
450 1 451
Fail!
Fail!
48 1 48
Fail!
261 1 262
191 1 192
260 1 261
531 1 533
Fail!
122 1 123
60 1 60
325 1 326
461 1 462
235 1 236
431 1 432
Fail!
210 1 211
550 1 552
443 1 444
Fail!
323 1 324
222 1 223
174 1 175
Fail!
296 1 297
Fail!
Fail!
555 1 557
394 1 395
227 1 228
18 1 17
188 1 189
188 1 189
Fail!
645 1 647
221 1 222
316 1 317
219 1 220
106 1 107
Fail!
87 1 87
137 1 138
176 1 177
4 1 3
519 1 521
255 1 256
228 1 229
39 1 39
107 1 108
Fail!
103 1 104
97 1 98
191 1 192
295 1 296
179 1 180
Fail!
371 1 372
105 1 106
65 1 65
654 1 657
377 1 378
Fail!
Fail!
290 1 291
Fail!
Fail!
Fail!
696 1 699
Fail!
187 1 188
519 1 521
Fail!
652 1 655
662 1 665
355 1 356
201 1 202
228 1 229
645 1 647
347 1 348
Fail!
193 1 194
Fail!
30 1 29
Fail!
37 1 37
Fail!
Fail!
70 1 70
Fail!
Fail!
119 1 120
Fail!
Fail!
390 1 391
Fail!
Fail!
267 1 268
416 1 417
465 1 466
118 1 119
675 1 678
520 1 522
Fail!
70 1 70
Fail!
139 1 140
Fail!
Fail!
Fail!
561 1 563
Fail!
390 1 391
390 1 391
363 1 364
Fail!
268 1 269
98 1 99
15 1 14
278 1 279
89 1 89
Fail!
437 1 438
85 1 85
207 1 208
79 1 79
198 1 199
Fail!
324 1 325
Fail!
431 1 432
141 1 142
266 1 267
463 1 464
Fail!
75 1 75
536 1 538
Fail!
Fail!
536 1 538
262 1 263
Fail!
686 1 689
Fail!
Fail!
461 1 462
109 1 110
Fail!
202 1 203
Fail!
9 1 8
Fail!
69 1 69
Fail!
406 1 407
179 1 180
Fail!
602 1 604
Fail!
299 1 300
Fail!
226 1 227
231 1 232
228 1 229
411 1 412
Fail!
76 1 76
526 1 528
51 1 51
Fail!
313 1 314
76 1 76
Fail!
Fail!
44 1 44
200 1 201
242 1 243
8 1 7
250 1 251
Fail!
135 1 136
Fail!
30 1 29
103 1 104
24 1 23
317 1 318
112 1 113
299 1 300
Fail!
15 1 14
662 1 665
192 1 193
314 1 315
Fail!
181 1 182
142 1 143
70 1 70
Fail!
32 2 31
712 1 715
120 1 121
Fail!
Fail!
319 1 320
163 1 164
448 1 449
Fail!
524 1 526
125 1 126
302 1 303
141 1 142
Fail!
Fail!
Fail!
Fail!
65 1 65
58 1 58
334 1 335
242 1 243
292 1 293
675 1 678
Fail!
454 1 455
Fail!
324 1 325
Fail!
49 1 49
359 1 360
555 1 557
329 1 330
166 1 167
651 1 654
739 1 742
447 1 448
526 1 528
Fail!
504 1 506
287 1 288
31 1 30
195 1 196
64 1 64
Fail!
442 1 443
Fail!
Fail!
Fail!
641 1 643
531 1 533
448 1 449
466 1 467
Fail!
312 1 313
186 1 187
174 1 175
440 1 441
580 1 582
Fail!
Fail!
189 1 190
105 1 106
Fail!
134 1 135
324 1 325
50 1 50
47 1 47
406 1 407
Fail!
Fail!
454 1 455
Fail!
Fail!
514 1 516
Fail!
163 1 164
97 1 98
344 1 345
488 1 490
87 1 87
Fail!
Fail!
106 1 107
209 1 210
526 1 528
43 1 43
358 1 359
421 1 422
49 1 49
55 1 55
253 1 254
45 1 45
324 1 325
Fail!
Fail!
58 1 58
367 1 368
19 1 18
Fail!
Fail!
Fail!
124 1 125
Fail!
421 1 422
466 1 467
712 1 715
131 1 132
658 1 661
312 1 313
404 1 405
Fail!
295 1 296
122 1 123
693 1 696
Fail!
Fail!
13 1 12
Fail!
Fail!
