2 1 1
196 1 195
282 1 281
211 1 210
207 1 206
544 1 543
168 1 167
Fail!
226 1 225
Fail!
Fail!
346 1 345
781 1 780
277 1 276
556 1 555
Fail!
15 1 14
93 1 92
350 1 349
183 1 182
142 1 141
Fail!
Fail!
429 1 428
Fail!
37 1 36
422 1 421
354 1 353
148 1 147
135 1 134
10 1 9
Fail!
253 1 252
601 1 600
314 1 313
617 1 616
30 1 29
21 1 20
642 1 641
95 1 94
Fail!
Fail!
150 1 149
433 1 432
84 1 83
221 1 220
173 1 172
420 1 419
208 1 207
294 1 293
Fail!
Fail!
Fail!
671 1 670
163 1 162
674 1 673
Fail!
405 1 404
89 1 88
Fail!
40 1 39
115 1 114
Fail!
459 1 458
391 1 390
475 1 474
263 1 262
271 1 270
258 1 257
Fail!
Fail!
Fail!
55 1 54
232 1 231
Fail!
420 1 419
Fail!
204 1 203
Fail!
Fail!
Fail!
348 1 347
61 1 60
612 1 611
Fail!
202 1 201
Fail!
821 1 820
Fail!
379 1 378
238 1 237
Fail!
556 1 555
Fail!
127 1 126
611 1 610
66 1 65
Fail!
Fail!
253 1 252
136 1 135
64 1 63
77 1 76
38 1 37
47 1 46
169 1 168
615 1 614
401 1 400
395 1 394
Fail!
Fail!
Fail!
484 1 483
129 1 128
496 1 495
443 1 442
Fail!
811 1 810
105 1 104
Fail!
129 1 128
139 1 138
Fail!
820 1 819
633 1 632
219 1 218
354 1 353
31 1 30
43 1 42
Fail!
391 1 390
Fail!
2 1 1
458 1 457
65 1 64
697 1 696
39 1 38
277 1 276
353 1 352
781 1 780
346 1 345
119 1 118
778 1 777
255 1 254
202 1 201
136 1 135
285 1 284
372 1 371
636 1 635
293 1 292
29 1 28
27 1 26
Fail!
340 1 339
461 1 460
83 1 82
498 1 497
371 1 370
51 1 50
Fail!
Fail!
424 1 423
130 1 129
187 1 186
503 1 502
Fail!
662 1 661
230 1 229
Fail!
Fail!
219 1 218
556 1 555
94 1 93
Fail!
63 1 62
549 1 548
558 1 557
110 1 109
Fail!
12 1 11
214 1 213
366 1 365
492 1 491
Fail!
254 1 253
182 1 181
632 1 631
98 1 97
Fail!
Fail!
822 1 821
188 1 187
Fail!
364 1 363
496 1 495
46 1 45
22 1 21
Fail!
197 1 196
9 1 8
95 1 94
Fail!
Fail!
Fail!
421 1 420
540 1 539
351 1 350
221 1 220
590 1 589
Fail!
88 1 87
416 1 415
413 1 412
440 1 439
Fail!
589 1 588
Fail!
397 1 396
Fail!
62 1 61
Fail!
65 1 64
760 1 759
4 1 3
Fail!
Fail!
606 1 605
495 1 494
413 1 412
440 1 439
Fail!
234 1 233
94 1 93
Fail!
364 1 363
Fail!
277 1 276
92 1 91
260 1 259
Fail!
347 1 346
Fail!
Fail!
277 1 276
642 1 641
Fail!
272 1 271
88 1 87
14 1 13
13 1 12
Fail!
168 1 167
106 1 105
137 1 136
Fail!
Fail!
558 1 557
163 1 162
45 1 44
662 1 661
146 1 145
148 1 147
18 1 17
326 1 325
796 1 795
209 1 208
Fail!
118 1 117
475 1 474
151 1 150
142 1 141
187 1 186
166 1 165
304 1 303
719 1 718
Fail!
Fail!
46 1 45
287 1 286
118 1 117
724 1 723
248 1 247
494 1 493
7 1 6
271 1 270
168 1 167
549 1 548
217 1 216
Fail!
392 1 391
348 1 347
638 1 637
42 1 41
Fail!
770 1 769
Fail!
344 1 343
294 1 293
197 1 196
142 1 141
Fail!
Fail!
364 1 363
353 1 352
742 1 741
436 1 435
590 1 589
195 1 194
22 1 21
Fail!
9 1 8
831 1 830
178 1 177
337 1 336
Fail!
Fail!
380 1 379
601 1 600
595 1 594
317 1 316
95 1 94
32 1 31
723 1 722
Fail!
233 1 232
Fail!
Fail!
351 1 350
580 1 579
413 1 412
110 1 109
245 1 244
98 1 97
32 1 31
Fail!
Fail!
Fail!
420 1 419
324 1 323
Fail!
Fail!
371 1 370
742 1 741
