Fail!
93 1 92
Fail!
Fail!
83 1 82
Fail!
Fail!
149 1 148
7 1 6
Fail!
Fail!
161 1 160
Fail!
Fail!
Fail!
Fail!
Fail!
Fail!
Fail!
84 1 83
Fail!
Fail!
Fail!
Fail!
115 1 114
158 1 157
Fail!
Fail!
Fail!
Fail!
70 1 69
Fail!
Fail!
Fail!
Fail!
Fail!
Fail!
Fail!
Fail!
50 1 49
Fail!
184 1 183
Fail!
103 1 102
Fail!
58 1 57
13 1 12
93 1 92
Fail!
Fail!
Fail!
7 1 6
161 1 160
Fail!
Fail!
Fail!
Fail!
Fail!
65 1 64
Fail!
Fail!
Fail!
50 1 49
Fail!
Fail!
159 1 158
146 1 145
Fail!
Fail!
65 1 64
Fail!
79 1 78
Fail!
177 1 176
Fail!
Fail!
Fail!
55 1 54
154 1 153
Fail!
Fail!
Fail!
Fail!
Fail!
Fail!
68 1 67
Fail!
Fail!
Fail!
Fail!
Fail!
63 1 62
Fail!
Fail!
Fail!
132 1 131
Fail!
Fail!
121 1 120
Fail!
Fail!
111 1 110
Fail!
Fail!
42 1 41
Fail!
46 1 45
38 1 37
Fail!
Fail!
Fail!
131 1 130
Fail!
Fail!
Fail!
126 1 125
Fail!
Fail!
Fail!
Fail!
Fail!
106 1 105
Fail!
Fail!
Fail!
Fail!
120 1 119
Fail!
Fail!
Fail!
Fail!
Fail!
86 1 85
Fail!
Fail!
Fail!
Fail!
124 1 123
Fail!
22 1 21
50 1 49
88 1 87
Fail!
65 1 64
139 1 138
