191 1 190
173 1 172
496 1 496
188 1 187
345 1 344
508 1 508
521 1 521
359 1 358
184 1 183
460 1 460
398 1 397
90 1 89
454 1 454
Fail!
96 1 95
Fail!
Fail!
158 1 157
154 1 153
652 1 653
460 1 460
560 1 560
450 1 450
Fail!
681 1 682
Fail!
184 1 183
397 1 396
207 1 206
Fail!
121 1 120
617 1 618
167 1 166
100 1 99
109 1 108
502 1 502
Fail!
Fail!
324 1 323
533 1 533
14 1 13
379 1 378
Fail!
202 1 201
208 1 207
37 1 36
135 1 134
847 1 848
62 1 61
Fail!
71 1 70
520 1 520
608 1 609
276 1 275
152 1 151
Fail!
401 1 400
183 1 182
183 1 182
140 1 139
Fail!
772 1 773
753 1 754
186 1 185
881 1 882
761 1 762
639 1 640
565 1 566
Fail!
431 1 431
49 1 48
251 1 250
371 1 370
407 2 406
Fail!
334 1 333
Fail!
420 1 420
137 1 136
810 1 811
94 1 93
Fail!
544 1 544
586 1 587
329 1 328
485 1 485
Fail!
Fail!
802 1 803
323 1 322
222 1 221
Fail!
Fail!
336 1 335
427 1 427
58 1 57
223 1 222
27 1 26
124 1 123
184 1 183
478 1 478
164 1 163
Fail!
298 1 297
491 1 491
Fail!
Fail!
133 1 132
209 1 208
Fail!
309 1 308
186 1 185
491 1 491
104 1 103
142 1 141
145 1 144
311 1 310
174 1 173
454 1 454
116 1 115
Fail!
364 1 363
699 1 700
181 1 180
726 1 727
5 1 4
107 1 106
627 1 628
630 1 631
2 1 1
15 1 14
269 1 268
24 1 23
18 1 17
92 1 91
356 1 355
227 1 226
829 1 830
687 1 688
168 1 167
142 1 141
Fail!
326 1 325
Fail!
524 1 524
711 1 712
329 1 328
45 1 44
617 1 618
326 1 325
694 1 695
201 1 200
233 1 232
647 1 648
102 1 101
Fail!
Fail!
Fail!
413 1 413
397 1 396
120 1 119
621 1 622
313 1 312
223 1 222
Fail!
Fail!
767 1 768
520 1 520
90 1 89
263 1 262
308 1 307
296 1 295
849 1 850
174 1 173
Fail!
Fail!
496 1 496
244 1 243
Fail!
749 1 750
244 1 243
767 1 768
666 1 667
115 1 114
285 1 284
Fail!
688 1 689
28 1 27
32 1 31
277 1 276
351 1 350
458 1 458
62 1 61
375 1 374
Fail!
Fail!
236 1 235
446 1 446
115 1 114
847 1 848
144 1 143
56 1 55
Fail!
456 1 456
126 1 125
610 1 611
259 1 258
Fail!
Fail!
654 1 655
Fail!
748 1 749
Fail!
65 1 64
Fail!
684 1 685
95 1 94
306 1 305
647 1 648
303 1 302
189 1 188
397 1 396
722 1 723
175 1 174
100 1 99
810 1 811
342 1 341
536 1 536
753 1 754
179 1 178
217 1 216
502 1 502
149 1 148
26 1 25
Fail!
482 1 482
468 1 468
Fail!
7 1 6
498 1 498
35 1 34
116 1 115
Fail!
17 1 16
631 1 632
213 1 212
810 1 811
Fail!
508 1 508
Fail!
896 1 897
428 1 428
Fail!
Fail!
Fail!
Fail!
Fail!
462 1 462
77 1 76
280 1 279
574 1 575
740 1 741
594 1 595
332 1 331
257 1 256
213 1 212
598 1 599
855 1 856
56 1 55
100 1 99
389 1 388
Fail!
894 1 895
170 1 169
462 1 462
144 1 143
132 1 131
Fail!
Fail!
714 1 715
74 1 73
Fail!
276 1 275
Fail!
344 1 343
426 1 426
14 1 13
558 1 558
193 1 192
126 1 125
753 1 754
326 1 325
649 1 650
442 1 442
132 1 131
876 1 877
652 1 653
428 1 428
857 1 858
Fail!
Fail!
Fail!
344 1 343
509 1 509
Fail!
53 1 52
Fail!
Fail!
168 1 167
80 1 79
4 1 3
Fail!
263 1 262
Fail!
26 1 25
638 1 639
260 1 259
81 1 80
329 1 328
426 1 426
881 1 882
Fail!
404 1 403
Fail!
378 1 377
449 1 449
273 1 272
Fail!
Fail!
77 1 76
795 1 796
175 1 174
Fail!
141 1 140
Fail!
753 1 754
12 1 11
526 1 526
496 1 496
390 1 389
Fail!
894 1 895
41 1 40
Fail!
280 1 279
209 1 208
327 1 326
Fail!
711 1 712
126 1 125
490 1 490
147 1 146
186 1 185
235 1 234
71 1 70
560 1 560
2 1 1
189 1 188
Fail!
40 1 39
397 1 396
225 1 224
666 1 667
559 1 559
434 1 434
202 1 201
359 1 358
Fail!
711 1 712
583 1 584
559 1 559
95 1 94
259 1 258
Fail!
11 1 10
526 1 526
795 1 796
315 1 314
324 1 323
721 1 722
344 1 343
18 1 17
532 1 532
230 1 229
428 1 428
361 1 360
208 1 207
349 1 348
244 1 243
265 1 264
26 1 25
175 1 174
787 1 788
283 1 282
96 1 95
344 1 343
235 1 234
3 1 2
695 1 696
Fail!
847 1 848
559 1 559
277 1 276
113 1 112
652 1 653
385 1 384
Fail!
Fail!
434 1 434
Fail!
330 1 329
Fail!
86 1 85
Fail!
458 1 458
64 1 63
94 1 93
50 1 49
27 1 26
16 1 15
173 1 172
6 1 5
516 1 516
526 1 526
520 1 520
533 1 533
807 1 808
135 1 134
318 1 317
772 1 773
293 1 292
797 1 798
Fail!
601 1 602
456 1 456
442 1 442
253 1 252
65 1 64
508 1 508
Fail!
383 1 382
261 1 260
337 1 336
Fail!
464 1 464
216 1 215
102 1 101
296 1 295
Fail!
Fail!
756 1 757
666 1 667
185 1 184
185 1 184
Fail!
Fail!
85 1 84
211 1 210
559 1 559
336 1 335
Fail!
29 1 28
145 1 144
694 1 695
96 1 95
355 1 354
90 1 89
77 1 76
505 1 505
810 1 811
57 1 56
Fail!
141 1 140
Fail!
18 1 17
77 1 76
57 1 56
149 1 148
896 1 897
Fail!
162 1 161
Fail!
Fail!
Fail!
152 1 151
293 1 292
115 1 114
355 1 354
Fail!
Fail!
Fail!
230 1 229
134 1 133
49 1 48
519 1 519
211 1 210
Fail!
516 1 516
156 1 155
375 1 374
175 1 174
654 1 655
Fail!
192 1 191
312 1 311
Fail!
23 1 22
336 1 335
181 1 180
26 1 25
Fail!
571 1 572
731 1 732
639 1 640
Fail!
855 1 856
528 1 528
94 1 93
115 1 114
749 1 750
574 1 575
Fail!
652 1 653
356 1 355
894 1 895
32 1 31
40 1 39
758 1 759
389 1 388
442 1 442
Fail!
586 1 587
341 1 340
Fail!
83 1 82
110 1 109
Fail!
446 1 446
328 1 327
276 1 275
Fail!
246 1 245
590 1 591
303 1 302
Fail!
Fail!
Fail!
Fail!
Fail!
187 1 186
Fail!
159 1 158
Fail!
684 1 685
Fail!
113 1 112
Fail!
18 1 17
721 1 722
Fail!
490 1 490
818 1 819
422 1 422
222 1 221
63 1 62
336 1 335
341 1 340
29 1 28
237 1 236
53 1 52
433 1 433
Fail!
699 1 700
740 1 741
320 1 319
324 1 323
428 1 428
264 1 263
537 1 537
594 1 595
876 1 877
Fail!
110 1 109
Fail!
810 1 811
15 1 14
452 1 452
449 1 449
107 1 106
78 1 77
530 1 530
520 1 520
62 1 61
310 1 309
815 1 816
586 1 587
905 1 906
544 1 544
309 1 308
468 1 468
49 1 48
463 1 463
151 1 150
361 1 360
416 1 416
411 1 411
894 1 895
Fail!
Fail!
753 1 754
239 1 238
420 1 420
186 1 185
14 1 13
136 1 135
673 1 674
315 1 314
131 1 130
Fail!
111 1 110
Fail!
175 1 174
398 1 397
65 1 64
466 1 466
Fail!
Fail!
401 1 400
520 1 520
Fail!
Fail!
519 1 519
39 1 38
29 1 28
654 1 655
758 1 759
168 1 167
722 1 723
Fail!
240 1 239
413 1 413
50 1 49
433 1 433
9 1 8
Fail!
Fail!
Fail!
815 1 816
Fail!
259 1 258
327 1 326
Fail!
Fail!
344 1 343
235 1 234
225 1 224
313 1 312
Fail!
65 1 64
257 1 256
Fail!
Fail!
Fail!
138 1 137
11 1 10
12 1 11
220 1 219
74 1 73
Fail!
2 1 1
Fail!
Fail!
266 1 265
116 1 115
142 1 141
Fail!
463 1 463
Fail!
520 1 520
36 1 35
320 1 319
Fail!
44 1 43
26 1 25
114 1 113
188 1 187
649 1 650
Fail!
578 1 579
Fail!
Fail!
434 1 434
905 1 906
145 1 144
125 1 124
416 1 416
407 2 406
4 1 3
78 1 77
137 1 136
Fail!
144 1 143
829 1 830
308 1 307
Fail!
135 1 134
