Fail!
281 1 280
190 1 189
Fail!
246 1 245
787 1 786
899 1 899
64 1 63
414 1 413
Fail!
497 1 496
461 1 460
452 1 451
94 1 93
101 1 100
Fail!
718 1 717
297 1 296
117 1 116
477 1 476
541 1 540
Fail!
248 1 247
Fail!
460 1 459
131 1 130
Fail!
304 1 303
133 1 132
55 1 54
47 1 46
118 1 117
787 1 786
Fail!
Fail!
86 1 85
Fail!
Fail!
677 1 676
Fail!
212 1 211
Fail!
Fail!
Fail!
418 1 417
199 1 198
241 1 240
492 1 491
43 1 42
368 1 367
Fail!
121 1 120
201 1 200
295 1 294
Fail!
910 1 910
760 1 759
81 1 80
136 1 135
Fail!
Fail!
130 1 129
Fail!
429 1 428
495 1 494
614 1 613
119 1 118
736 1 735
723 1 722
516 1 515
224 1 223
Fail!
Fail!
345 1 344
120 1 119
287 1 286
74 1 73
360 1 359
525 1 524
Fail!
Fail!
190 1 189
175 1 174
176 1 175
369 1 368
Fail!
23 1 22
89 1 88
849 1 848
48 1 47
173 1 172
384 1 383
289 1 288
92 1 91
164 1 163
68 1 67
311 1 310
96 1 95
Fail!
839 1 838
Fail!
858 1 858
75 1 74
701 1 700
82 1 81
54 1 53
120 1 119
131 1 130
64 1 63
121 1 120
304 1 303
Fail!
677 1 676
736 1 735
Fail!
679 1 678
Fail!
Fail!
4 1 3
515 1 514
17 1 16
407 1 406
43 1 42
532 1 531
599 1 598
583 1 582
Fail!
285 1 284
254 1 253
472 1 471
Fail!
292 1 291
Fail!
157 1 156
Fail!
899 1 899
248 1 247
677 1 676
604 1 603
250 1 249
524 1 523
623 1 622
22 1 21
427 1 426
266 1 265
255 1 254
760 1 759
220 1 219
205 1 204
18 1 17
84 1 83
137 1 136
1 1 0
Fail!
Fail!
753 1 752
199 1 198
Fail!
Fail!
264 1 263
114 1 113
Fail!
711 1 710
Fail!
145 1 144
910 1 910
221 1 220
284 1 283
895 1 895
204 1 203
723 1 722
221 1 220
359 1 358
145 1 144
498 1 497
120 1 119
7 1 6
Fail!
149 1 148
341 1 340
225 1 224
141 1 140
505 1 504
486 1 485
575 1 574
98 1 97
Fail!
Fail!
542 1 541
172 1 171
Fail!
898 1 898
78 1 77
Fail!
140 1 139
365 1 364
427 1 426
105 1 104
492 1 491
718 1 717
574 1 573
364 1 363
898 1 898
Fail!
Fail!
274 1 273
599 1 598
Fail!
892 1 892
179 1 178
464 1 463
39 1 38
212 1 211
243 1 242
398 1 397
Fail!
13 1 12
Fail!
291 1 290
44 1 43
534 1 533
138 1 137
707 1 706
407 1 406
Fail!
Fail!
44 1 43
591 1 590
71 1 70
354 1 353
131 1 130
132 1 131
542 1 541
147 1 146
40 1 39
161 1 160
119 1 118
Fail!
787 1 786
691 1 690
668 1 667
110 1 109
Fail!
166 1 165
55 1 54
837 1 836
204 1 203
82 1 81
Fail!
Fail!
Fail!
455 1 454
270 1 269
287 1 286
120 1 119
744 1 743
259 1 258
698 1 697
134 1 133
Fail!
54 1 53
586 1 585
137 1 136
507 1 506
314 1 313
198 1 197
51 1 50
98 1 97
137 1 136
55 1 54
26 1 25
633 1 632
Fail!
499 1 498
73 1 72
54 1 53
73 1 72
515 1 514
Fail!
225 1 224
211 1 210
172 1 171
417 1 416
149 1 148
106 1 105
575 1 574
527 1 526
61 1 60
743 1 742
Fail!
909 1 909
861 1 861
265 1 264
176 1 175
Fail!
756 1 755
8 1 7
Fail!
582 1 581
407 1 406
275 1 274
427 1 426
3 1 2
130 1 129
Fail!
Fail!
896 1 896
218 1 217
72 1 71
201 1 200
419 1 418
787 1 786
Fail!
828 1 827
893 1 893
119 1 118
Fail!
257 1 256
630 1 629
285 1 284
898 1 898
47 1 46
759 1 758
Fail!
581 1 580
277 1 276
679 1 678
440 1 439
Fail!
222 1 221
297 1 296
216 1 215
207 1 206
63 1 62
335 1 334
Fail!
23 1 22
898 1 898
160 1 159
41 1 40
Fail!
338 1 337
254 1 253
121 1 120
Fail!
Fail!
Fail!
739 1 738
277 1 276
Fail!
Fail!
205 1 204
899 1 899
818 1 817
190 1 189
606 1 605
359 1 358
20 1 19
225 1 224
Fail!
317 1 316
837 1 836
251 1 250
174 1 173
Fail!
123 1 122
106 1 105
347 1 346
604 1 603
179 1 178
348 1 347
Fail!
604 1 603
174 1 173
197 1 196
Fail!
553 1 552
Fail!
Fail!
355 1 354
206 1 205
218 1 217
4 1 3
866 1 866
79 1 78
120 1 119
826 1 825
166 1 165
Fail!
Fail!
Fail!
207 1 206
260 1 259
492 1 491
207 1 206
157 1 156
556 1 555
31 1 30
284 1 283
344 1 343
Fail!
291 1 290
472 1 471
754 1 753
236 1 235
560 1 559
Fail!
718 1 717
224 1 223
Fail!
201 1 200
136 1 135
642 1 641
Fail!
839 1 838
351 1 350
212 1 211
Fail!
532 1 531
Fail!
492 1 491
141 1 140
Fail!
144 1 143
Fail!
149 1 148
134 1 133
612 1 611
718 1 717
378 1 377
364 1 363
284 1 283
737 1 736
318 1 317
Fail!
659 1 658
Fail!
Fail!
769 1 768
345 1 344
330 1 329
129 1 128
423 1 422
825 1 824
892 1 892
209 1 208
200 1 199
94 1 93
Fail!
335 1 334
79 1 78
466 1 465
591 1 590
Fail!
Fail!
534 1 533
11 1 10
56 1 55
849 1 848
107 1 106
532 1 531
103 1 102
162 1 161
172 1 171
Fail!
197 1 196
910 1 910
724 1 723
140 1 139
831 1 830
399 1 398
325 1 324
Fail!
173 1 172
Fail!
357 1 356
515 1 514
682 1 681
623 1 622
52 1 51
Fail!
271 1 270
18 1 17
Fail!
769 1 768
98 1 97
263 1 262
826 1 825
467 1 466
541 1 540
816 1 815
285 1 284
174 1 173
117 1 116
369 1 368
363 1 362
Fail!
8 1 7
418 1 417
534 1 533
270 1 269
29 1 28
724 1 723
831 1 830
769 1 768
368 1 367
898 1 898
255 1 254
466 1 465
492 1 491
303 1 302
822 1 821
139 1 138
45 1 44
Fail!
17 1 16
208 1 207
495 1 494
10 1 9
760 1 759
Fail!
228 1 227
375 1 374
818 1 817
17 1 16
Fail!
633 1 632
Fail!
Fail!
711 1 710
902 1 902
49 1 48
340 1 339
Fail!
101 1 100
497 1 496
Fail!
497 1 496
558 1 557
259 1 258
669 1 668
11 1 10
46 1 45
11 1 10
648 1 647
Fail!
233 1 232
387 1 386
756 1 755
427 1 426
Fail!
327 1 326
Fail!
108 1 107
149 1 148
266 1 265
501 1 500
Fail!
213 1 212
90 1 89
165 1 164
360 1 359
260 1 259
170 1 169
490 1 489
174 1 173
105 1 104
184 1 183
164 1 163
515 1 514
Fail!
44 1 43
455 1 454
591 1 590
Fail!
Fail!
380 1 379
347 1 346
195 1 194
226 1 225
47 1 46
111 1 110
682 1 681
Fail!
307 1 306
283 1 282
69 1 68
542 1 541
260 1 259
524 1 523
234 1 233
342 1 341
Fail!
180 1 179
120 1 119
861 1 861
Fail!
Fail!
392 1 391
796 1 795
40 1 39
701 1 700
673 1 672
756 1 755
145 1 144
514 1 513
341 1 340
910 1 910
Fail!
253 1 252
Fail!
38 1 37
532 1 531
10 1 9
431 1 430
160 1 159
216 1 215
151 1 150
Fail!
33 1 32
868 1 868
Fail!
816 1 815
Fail!
Fail!
151 1 150
Fail!
372 1 371
Fail!
718 1 717
163 1 162
560 1 559
659 1 658
895 1 895
Fail!
Fail!
420 1 419
Fail!
Fail!
629 1 628
68 1 67
211 1 210
109 1 108
79 1 78
446 1 445
612 1 611
Fail!
560 1 559
630 1 629
Fail!
628 1 627
112 1 111
642 1 641
100 1 99
233 1 232
357 1 356
147 1 146
7 1 6
Fail!
364 1 363
378 1 377
364 1 363
612 1 611
157 1 156
