354 1 353
507 1 506
455 1 454
316 1 315
952 1 952
278 1 277
27 1 26
960 1 960
551 1 550
155 1 154
140 1 139
151 1 150
745 1 744
414 1 413
494 1 493
680 1 679
201 1 200
263 1 262
635 1 634
76 1 75
68 1 67
349 1 348
330 1 329
777 1 776
124 1 123
336 1 335
805 1 804
318 1 317
952 1 952
15 1 14
361 1 360
263 1 262
451 1 450
258 1 257
534 1 533
691 1 690
83 1 82
936 1 936
123 1 122
128 1 127
118 1 117
16 1 15
339 1 338
Fail!
51 1 50
53 1 52
342 1 341
391 1 390
220 1 219
348 1 347
106 1 105
54 1 53
Fail!
469 1 468
345 1 344
Fail!
777 1 776
616 1 615
740 1 739
682 1 681
720 1 719
203 1 202
491 1 490
9 1 8
Fail!
16 1 15
846 1 845
678 1 677
302 1 301
Fail!
104 1 103
81 1 80
201 1 200
455 1 454
494 1 493
Fail!
290 1 289
881 1 880
133 1 132
461 1 460
33 1 32
516 1 515
14 1 13
Fail!
298 1 297
277 1 276
635 1 634
37 1 36
42 1 41
43 1 42
Fail!
473 1 472
324 1 323
502 1 501
1135 1 1136
777 1 776
29 1 28
639 1 638
111 1 110
470 1 469
785 1 784
1092 1 1093
455 1 454
1 1 0
Fail!
476 1 475
605 1 604
273 1 272
Fail!
788 1 787
84 1 83
476 1 475
508 1 507
324 1 323
26 1 25
432 1 431
1124 1 1125
47 1 46
Fail!
632 1 631
341 1 340
111 1 110
Fail!
990 1 990
526 1 525
Fail!
209 1 208
246 1 245
170 1 169
Fail!
416 1 415
204 1 203
38 1 37
Fail!
691 1 690
709 1 708
717 1 716
1139 1 1140
310 1 309
25 1 24
986 1 986
787 1 786
354 1 353
146 1 145
662 1 661
351 1 350
230 1 229
235 1 234
250 1 249
792 1 791
132 1 131
20 1 19
Fail!
Fail!
3 1 2
159 1 158
237 1 236
295 1 294
Fail!
61 1 60
148 1 147
Fail!
1074 1 1074
331 1 330
126 1 125
442 1 441
460 1 459
331 1 330
Fail!
18 1 17
197 1 196
487 1 486
1126 1 1127
Fail!
771 1 770
316 1 315
709 1 708
389 1 388
97 1 96
392 1 391
143 1 142
958 1 958
238 1 237
1074 1 1074
391 1 390
678 1 677
992 1 992
Fail!
Fail!
1045 1 1045
422 1 421
946 1 946
128 1 127
654 1 653
159 1 158
Fail!
166 1 165
303 1 302
1087 1 1088
529 1 528
315 1 314
881 1 880
1124 1 1125
393 1 392
203 1 202
212 1 211
678 1 677
526 1 525
186 1 185
279 1 278
99 1 98
571 1 570
759 1 758
238 1 237
Fail!
571 1 570
146 1 145
135 1 134
805 1 804
634 1 633
58 1 57
Fail!
1084 1 1085
63 1 62
544 1 543
444 1 443
Fail!
523 1 522
269 1 268
557 1 556
187 1 186
47 1 46
777 1 776
1088 1 1089
Fail!
451 1 450
144 1 143
Fail!
444 1 443
Fail!
Fail!
634 1 633
125 1 124
145 1 144
513 1 512
43 1 42
113 1 112
124 1 123
288 1 287
912 1 911
71 1 70
Fail!
742 1 741
105 1 104
512 1 511
272 1 271
204 1 203
77 1 76
525 1 524
Fail!
449 1 448
168 1 167
1139 1 1140
167 1 166
805 1 804
470 1 469
33 1 32
831 1 830
240 1 239
516 1 515
423 1 422
460 1 459
787 1 786
Fail!
277 1 276
65 1 64
342 1 341
Fail!
70 1 69
430 1 429
476 1 475
133 1 132
11 1 10
52 1 51
Fail!
818 1 817
457 1 456
282 1 281
829 1 828
192 1 191
69 1 68
946 1 946
228 1 227
364 1 363
272 1 271
489 1 488
41 1 40
607 1 606
750 1 749
Fail!
Fail!
62 1 61
Fail!
455 1 454
Fail!
51 1 50
100 1 99
41 1 40
246 1 245
798 1 797
1059 1 1059
79 1 78
1092 1 1093
Fail!
Fail!
368 1 367
461 1 460
237 1 236
499 1 498
294 1 293
551 1 550
9 1 8
118 1 117
51 1 50
Fail!
Fail!
199 1 198
457 1 456
68 1 67
201 1 200
69 1 68
15 1 14
Fail!
654 1 653
113 1 112
Fail!
232 1 231
104 1 103
785 1 784
92 1 91
425 1 424
1010 1 1010
97 1 96
748 1 747
110 1 109
224 1 223
250 1 249
289 1 288
594 1 593
178 1 177
174 1 173
794 1 793
637 1 636
270 1 269
332 1 331
38 1 37
Fail!
98 1 97
155 1 154
363 1 362
320 1 319
834 1 833
349 1 348
144 1 143
717 1 716
228 1 227
674 1 673
487 1 486
Fail!
363 1 362
Fail!
348 1 347
748 1 747
Fail!
310 1 309
469 1 468
448 1 447
457 1 456
512 1 511
243 1 242
76 1 75
587 1 586
423 1 422
Fail!
371 1 370
38 1 37
281 1 280
51 1 50
635 1 634
89 1 88
449 1 448
380 1 379
277 1 276
159 1 158
690 1 689
463 1 462
15 1 14
32 1 31
382 1 381
383 1 382
995 1 995
203 1 202
Fail!
337 1 336
531 1 530
367 1 366
264 1 263
298 1 297
792 1 791
125 1 124
Fail!
Fail!
508 1 507
315 1 314
233 1 232
325 1 324
432 1 431
656 1 655
551 1 550
352 1 351
995 1 995
347 1 346
128 1 127
Fail!
792 1 791
860 1 859
42 1 41
Fail!
42 1 41
389 1 388
