228 1 227
56 1 55
287 1 286
3 1 2
407 1 406
253 1 252
512 1 511
792 1 791
456 1 455
736 1 735
654 1 653
770 1 769
Fail!
640 1 639
31 1 30
1032 1 1032
186 1 185
451 1 450
19 1 18
387 1 386
425 1 424
25 1 24
288 1 287
351 1 350
153 1 152
99 1 98
578 1 577
111 1 110
539 1 538
703 1 702
1278 1 1278
473 1 472
462 1 461
654 1 653
913 1 913
567 1 566
1036 1 1036
Fail!
197 1 196
55 1 54
219 1 218
1274 1 1274
444 1 443
758 1 757
612 1 611
68 1 67
1124 1 1124
82 1 81
193 1 192
Fail!
752 1 751
80 1 79
644 1 643
182 1 181
255 1 254
205 1 204
769 1 768
182 1 181
62 1 61
Fail!
489 1 488
112 1 111
533 1 532
Fail!
934 1 934
496 1 495
267 1 266
405 1 404
104 1 103
Fail!
Fail!
19 1 18
68 1 67
185 1 184
Fail!
722 1 721
539 1 538
396 1 395
460 1 459
308 1 307
Fail!
444 1 443
62 1 61
512 1 511
191 1 190
480 1 479
1133 1 1133
323 1 322
267 1 266
Fail!
494 1 493
1082 1 1082
440 1 439
210 1 209
666 1 665
77 1 76
436 1 435
105 1 104
Fail!
272 1 271
89 1 88
576 1 575
469 1 468
788 1 787
1091 1 1091
310 1 309
Fail!
287 1 286
677 1 676
20 1 19
119 1 118
119 1 118
589 1 588
368 1 367
31 1 30
210 1 209
38 1 37
211 1 210
160 1 159
281 1 280
86 1 85
80 1 79
1070 1 1070
214 1 213
364 1 363
7 1 6
1024 1 1024
500 1 499
547 1 546
60 1 59
Fail!
107 1 106
31 1 30
15 1 14
249 1 248
Fail!
Fail!
348 1 347
711 1 710
129 1 128
197 1 196
850 1 849
45 1 44
408 1 407
Fail!
592 1 591
776 1 775
437 1 436
77 1 76
77 1 76
49 1 48
390 1 389
23 1 22
Fail!
753 1 752
Fail!
643 1 642
552 1 551
261 1 260
69 1 68
13 1 12
Fail!
106 1 105
871 1 870
894 1 894
20 1 19
1040 1 1040
1231 1 1231
69 1 68
285 1 284
83 1 82
319 1 318
58 1 57
Fail!
313 1 312
116 1 115
251 1 250
646 1 645
Fail!
548 1 547
121 1 120
644 1 643
433 1 432
59 1 58
28 1 27
769 1 768
Fail!
253 1 252
82 1 81
Fail!
494 1 493
488 1 487
36 1 35
Fail!
93 1 92
597 1 596
739 1 738
433 1 432
26 1 25
798 1 797
786 1 785
241 1 240
1018 1 1018
37 1 36
819 1 818
287 1 286
167 1 166
313 1 312
7 1 6
507 1 506
25 1 24
913 1 913
500 1 499
116 1 115
205 1 204
953 1 953
467 1 466
87 1 86
196 1 195
482 1 481
549 1 548
69 1 68
234 1 233
956 1 956
1016 1 1016
52 1 51
467 1 466
26 1 25
433 1 432
11 1 10
Fail!
390 1 389
881 1 881
615 1 614
84 1 83
106 1 105
211 1 210
380 1 379
943 1 943
138 1 137
224 1 223
671 1 670
287 1 286
300 1 299
262 1 261
292 1 291
533 1 532
488 1 487
313 1 312
64 1 63
698 1 697
210 1 209
157 1 156
66 1 65
534 1 533
113 1 112
758 1 757
85 1 84
851 1 850
312 1 311
349 1 348
752 1 751
552 1 551
794 1 793
308 1 307
907 1 907
246 1 245
277 1 276
567 1 566
467 1 466
159 1 158
Fail!
426 1 425
198 1 197
66 1 65
Fail!
534 1 533
655 1 654
202 1 201
127 1 126
1024 1 1024
Fail!
1210 1 1210
Fail!
899 1 899
Fail!
164 1 163
113 1 112
410 1 409
792 1 791
819 1 818
Fail!
852 1 851
Fail!
Fail!
356 1 355
145 1 144
934 1 934
48 1 47
494 1 493
758 1 757
112 1 111
231 1 230
690 1 689
200 1 199
1024 1 1024
1274 1 1274
1252 1 1252
990 1 990
Fail!
29 1 28
644 1 643
690 1 689
769 1 768
368 1 367
766 1 765
390 1 389
212 1 211
Fail!
78 1 77
378 1 377
946 1 946
52 1 51
Fail!
656 1 655
51 1 50
746 1 745
18 1 17
170 1 169
942 1 942
445 1 444
8 1 7
241 1 240
489 1 488
503 1 502
1040 1 1040
1247 1 1247
2 1 1
52 1 51
160 1 159
110 1 109
792 1 791
348 1 347
Fail!
13 1 12
70 1 69
Fail!
159 1 158
170 1 169
185 1 184
Fail!
786 1 785
Fail!
418 1 417
138 1 137
405 1 404
692 1 691
38 1 37
441 1 440
Fail!
425 1 424
173 1 172
390 1 389
41 1 40
126 1 125
599 1 598
Fail!
Fail!
149 1 148
255 1 254
134 1 133
334 1 333
667 1 666
42 1 41
1070 1 1070
514 1 513
Fail!
821 1 820
462 1 461
60 1 59
690 1 689
766 1 765
612 1 611
773 1 772
Fail!
Fail!
622 1 621
571 1 570
80 1 79
678 1 677
138 1 137
723 1 722
1124 1 1124
Fail!
1165 1 1165
191 1 190
Fail!
798 1 797
942 1 942
169 1 168
50 1 49
584 1 583
209 1 208
822 1 821
680 1 679
459 1 458
90 1 89
61 1 60
3 1 2
11 1 10
182 1 181
739 1 738
113 1 112
Fail!
70 1 69
845 1 844
148 1 147
Fail!
34 1 33
646 1 645
451 1 450
141 1 140
30 1 29
34 1 33
212 1 211
104 1 103
Fail!
546 1 545
850 1 849
407 1 406
533 1 532
113 1 112
19 1 18
233 1 232
893 1 893
482 1 481
1076 1 1076
87 1 86
Fail!
310 1 309
1 1 0
551 1 550
481 1 480
34 1 33
Fail!
324 1 323
96 1 95
Fail!
69 1 68
698 1 697
Fail!
580 1 579
Fail!
769 1 768
514 1 513
Fail!
Fail!
756 1 755
202 1 201
1154 1 1154
281 1 280
508 1 507
80 1 79
Fail!
108 1 107
297 1 296
17 1 16
136 1 135
773 1 772
64 1 63
170 1 169
203 1 202
353 1 352
656 1 655
202 1 201
441 1 440
68 1 67
Fail!
161 1 160
1018 1 1018
602 1 601
591 1 590
Fail!
1040 1 1040
191 1 190
Fail!
Fail!
574 1 573
711 1 710
427 1 426
883 1 883
544 1 543
793 1 792
977 1 977
871 1 870
460 1 459
427 1 426
324 1 323
283 1 282
218 1 217
131 1 130
Fail!
112 1 111
434 1 433
278 1 277
556 1 555
326 1 325
204 1 203
930 1 930
Fail!
153 1 152
55 1 54
1040 1 1040
Fail!
584 1 583
773 1 772
412 1 411
410 1 409
662 1 661
12 1 11
7 1 6
444 1 443
287 1 286
308 1 307
147 1 146
203 1 202
705 1 704
121 1 120
507 1 506
3 1 2
1040 1 1040
43 1 42
323 1 322
Fail!
1217 1 1217
29 1 28
4 1 3
615 1 614
40 1 39
34 1 33
12 1 11
64 1 63
441 1 440
53 1 52
722 1 721
196 1 195
Fail!
102 1 101
173 1 172
71 1 70
387 1 386
776 1 775
792 1 791
1165 1 1165
105 1 104
12 1 11
514 1 513
Fail!
49 1 48
75 1 74
385 1 384
65 1 64
253 1 252
260 1 259
571 1 570
2 1 1
285 1 284
87 1 86
466 1 465
1024 1 1024
322 1 321
200 1 199
1181 1 1181
Fail!
Fail!
705 1 704
Fail!
519 1 518
288 1 287
200 1 199
267 1 266
453 1 452
541 1 540
52 1 51
33 1 32
110 1 109
Fail!
Fail!
448 1 447
448 1 447
324 1 323
733 1 732
Fail!
1091 1 1091
288 1 287
228 1 227
580 1 579
93 1 92
41 1 40
7 1 6
42 1 41
869 1 868
845 1 844
1 1 0
249 1 248
497 1 496
69 1 68
901 1 901
29 1 28
421 1 420
990 1 990
427 1 426
18 1 17
Fail!
46 1 45
567 1 566
Fail!
200 1 199
Fail!
407 1 406
1302 1 1302
703 1 702
433 1 432
Fail!
602 1 601
455 1 454
74 1 73
21 1 20
507 1 506
36 1 35
385 1 384
82 1 81
474 1 473
766 1 765
300 1 299
408 1 407
111 1 110
303 1 302
444 1 443
444 1 443
1029 1 1029
852 1 851
Fail!
Fail!
215 1 214
1308 1 1308
680 1 679
657 1 656
11 1 10
656 1 655
589 1 588
453 1 452
157 1 156
338 1 337
78 1 77
367 1 366
145 1 144
534 1 533
391 1 390
692 1 691
353 1 352
574 1 573
278 1 277
288 1 287
98 1 97
29 1 28
556 1 555
Fail!
71 1 70
75 1 74
Fail!
548 1 547
467 1 466
48 1 47
698 1 697
213 1 212
Fail!
194 1 193
904 1 904
301 1 300
578 1 577
915 1 915
473 1 472
287 1 286
107 1 106
48 1 47
Fail!
Fail!
Fail!
324 1 323
292 1 291
845 1 844
112 1 111
205 1 204
1302 1 1302
718 1 717
278 1 277
272 1 271
185 1 184
599 1 598
806 1 805
387 1 386
83 1 82
773 1 772
214 1 213
1291 1 1291
591 1 590
422 1 421
Fail!
441 1 440
756 1 755
161 1 160
419 1 418
251 1 250
115 1 114
571 1 570
42 1 41
283 1 282
9 1 8
1136 1 1136
14 1 13
571 1 570
756 1 755
3 1 2
307 1 306
321 1 320
357 1 356
621 1 620
31 1 30
321 1 320
739 1 738
421 1 420
185 1 184
703 1 702
422 1 421
769 1 768
597 1 596
578 1 577
942 1 942
102 1 101
547 1 546
1032 1 1032
576 1 575
83 1 82
901 1 901
549 1 548
729 1 728
147 1 146
205 1 204
553 1 552
69 1 68
108 1 107
200 1 199
64 1 63
127 1 126
1282 1 1282
125 1 124
752 1 751
290 1 289
930 1 930
Fail!
467 1 466
Fail!
407 1 406
221 1 220
52 1 51
907 1 907
519 1 518
690 1 689
405 1 404
95 1 94
1041 1 1041
432 1 431
185 1 184
113 1 112
942 1 942
488 1 487
Fail!
688 1 687
6 1 5
108 1 107
Fail!
50 1 49
481 1 480
806 1 805
395 1 394
234 1 233
388 1 387
405 1 404
53 1 52
771 1 770
934 1 934
10 1 9
46 1 45
Fail!
272 1 271
1016 1 1016
Fail!
946 1 946
613 1 612
260 1 259
564 1 563
323 1 322
677 1 676
Fail!
175 1 174
241 1 240
636 1 635
487 1 486
105 1 104
73 1 72
292 1 291
703 1 702
913 1 913
711 1 710
547 1 546
334 1 333
1154 1 1154
218 1 217
Fail!
690 1 689
224 1 223
385 1 384
78 1 77
173 1 172
519 1 518
Fail!
321 1 320
482 1 481
1 1 0
421 1 420
819 1 818
82 1 81
226 1 225
169 1 168
592 1 591
Fail!
210 1 209
794 1 793
56 1 55
394 1 393
191 1 190
735 1 734
357 1 356
421 1 420
61 1 60
40 1 39
141 1 140
Fail!
306 1 305
534 1 533
167 1 166
Fail!
694 1 693
351 1 350
4 1 3
58 1 57
153 1 152
61 1 60
1181 1 1181
571 1 570
70 1 69
793 1 792
39 1 38
1032 1 1032
549 1 548
Fail!
777 1 776
34 1 33
57 1 56
75 1 74
53 1 52
186 1 185
Fail!
578 1 577
953 1 953
53 1 52
655 1 654
1239 1 1239
17 1 16
997 1 997
667 1 666
Fail!
385 1 384
937 1 937
292 1 291
11 1 10
467 1 466
639 1 638
1036 1 1036
248 1 247
204 1 203
915 1 915
597 1 596
245 1 244
Fail!
41 1 40
241 1 240
95 1 94
153 1 152
850 1 849
425 1 424
711 1 710
451 1 450
70 1 69
243 1 242
Fail!
1041 1 1041
915 1 915
281 1 280
494 1 493
851 1 850
138 1 137
357 1 356
666 1 665
115 1 114
Fail!
