95 1 94
126 1 125
406 1 406
135 1 134
317 1 317
217 1 216
364 1 364
4 1 3
7 1 6
1092 1 1093
284 1 283
84 1 83
335 1 335
717 1 718
10 1 9
224 1 223
73 1 72
Fail!
321 1 321
Fail!
94 1 93
13 1 12
Fail!
499 1 499
110 1 109
272 1 271
1022 1 1023
75 1 74
231 1 230
229 1 228
443 1 443
329 1 329
64 1 63
341 1 341
273 1 272
29 1 28
516 1 516
120 1 119
255 1 254
1069 1 1070
940 1 941
402 1 402
778 1 779
864 1 865
906 1 907
666 1 667
433 1 433
132 1 131
555 1 555
206 1 205
433 1 433
233 1 232
684 1 685
864 1 865
84 1 83
28 1 27
530 1 530
532 1 532
160 1 159
Fail!
1007 1 1008
854 1 855
706 1 707
Fail!
49 1 48
375 1 375
123 1 122
161 1 160
Fail!
402 1 402
633 1 634
Fail!
303 1 303
Fail!
895 1 896
Fail!
166 1 165
380 1 380
616 1 616
581 1 581
369 1 369
892 1 893
734 1 735
258 1 257
24 1 23
Fail!
242 1 241
315 1 315
Fail!
319 1 319
472 1 472
433 1 433
224 1 223
474 1 474
908 1 909
64 1 63
537 1 537
112 1 111
151 1 150
92 1 91
630 1 630
163 1 162
191 1 190
Fail!
18 1 17
1003 1 1004
148 1 147
190 1 189
666 1 667
775 1 776
385 1 385
341 1 341
Fail!
22 1 21
32 1 31
899 1 900
103 1 102
419 1 419
196 1 195
359 1 359
220 1 219
Fail!
229 1 228
4 1 3
243 1 242
976 1 977
Fail!
Fail!
183 1 182
240 1 239
604 1 604
823 1 824
942 1 943
306 1 306
8 1 7
Fail!
Fail!
Fail!
160 1 159
703 1 704
Fail!
332 1 332
395 1 395
507 1 507
165 1 164
1101 1 1102
572 1 572
219 1 218
153 1 152
Fail!
405 1 405
31 1 30
43 1 42
972 1 973
108 1 107
Fail!
368 1 368
111 1 110
204 1 203
Fail!
433 1 433
153 1 152
Fail!
180 1 179
341 1 341
178 1 177
356 1 356
405 1 405
571 1 571
Fail!
39 1 38
558 1 558
131 1 130
306 1 306
21 1 20
937 1 938
221 1 220
251 1 250
892 1 893
2 1 1
884 1 885
116 1 115
1092 1 1093
359 1 359
21 1 20
Fail!
477 1 477
355 1 355
359 1 359
Fail!
1029 1 1030
Fail!
581 1 581
267 1 266
764 1 765
Fail!
395 1 395
911 1 912
23 1 22
572 1 572
359 1 359
297 1 297
57 1 56
57 1 56
297 1 297
325 1 325
16 1 15
61 1 60
306 1 306
356 1 356
584 1 584
Fail!
107 1 106
246 1 245
429 1 429
Fail!
696 1 697
335 1 335
548 1 548
162 1 161
240 1 239
411 1 411
572 1 572
77 1 76
135 1 134
335 1 335
415 1 415
102 1 101
120 1 119
139 1 138
170 1 169
56 1 55
406 1 406
73 1 72
878 1 879
Fail!
706 1 707
Fail!
Fail!
263 1 262
878 1 879
Fail!
Fail!
836 1 837
835 1 836
242 1 241
581 1 581
Fail!
424 1 424
96 1 95
623 1 623
204 1 203
334 1 334
154 1 153
74 1 73
Fail!
63 1 62
586 1 586
573 1 573
306 1 306
Fail!
626 1 626
852 1 853
52 1 51
32 1 31
505 1 505
Fail!
966 1 967
835 1 836
407 1 407
776 1 777
263 1 262
647 1 648
268 1 267
624 1 624
29 1 28
980 1 981
284 1 283
121 1 120
732 1 733
830 1 831
355 1 355
1097 1 1098
92 1 91
268 1 267
219 1 218
Fail!
289 1 288
Fail!
3 1 2
342 1 342
335 1 335
1007 1 1008
Fail!
395 1 395
264 1 263
170 1 169
147 1 146
18 1 17
912 1 913
260 1 259
558 1 558
Fail!
Fail!
219 1 218
Fail!
Fail!
1053 1 1054
63 1 62
676 1 677
Fail!
455 1 455
362 1 362
231 1 230
91 1 90
368 1 368
162 1 161
15 1 14
397 1 397
Fail!
508 1 508
892 1 893
224 1 223
38 1 37
283 1 282
121 1 120
216 1 215
397 1 397
119 1 118
131 1 130
398 1 398
656 1 657
58 1 57
102 1 101
115 1 114
702 1 703
1007 1 1008
128 1 127
69 1 68
418 1 418
309 1 309
Fail!
75 1 74
Fail!
Fail!
Fail!
160 1 159
399 1 399
132 1 131
Fail!
361 1 361
Fail!
Fail!
297 1 297
Fail!
341 1 341
52 1 51
420 1 420
Fail!
97 1 96
Fail!
894 1 895
539 1 539
8 1 7
777 1 778
11 1 10
9 1 8
40 1 39
192 1 191
878 1 879
Fail!
399 1 399
321 1 321
793 1 794
437 1 437
72 1 71
9 1 8
125 1 124
28 1 27
1003 1 1004
38 1 37
303 1 303
162 1 161
Fail!
11 1 10
306 1 306
771 1 772
90 1 89
122 1 121
630 1 630
474 1 474
158 1 157
69 1 68
214 1 213
477 1 477
39 1 38
236 1 235
990 1 991
313 1 313
Fail!
111 1 110
948 1 949
171 1 170
778 1 779
126 1 125
Fail!
181 1 180
793 1 794
17 1 16
260 1 259
227 1 226
Fail!
548 1 548
864 1 865
28 1 27
687 1 688
664 1 665
135 1 134
246 1 245
13 1 12
385 1 385
630 1 630
48 1 47
823 1 824
Fail!
125 1 124
31 1 30
1031 1 1032
Fail!
565 1 565
Fail!
684 1 685
84 1 83
555 1 555
204 1 203
244 1 243
187 1 186
455 1 455
252 1 251
196 1 195
429 1 429
Fail!
372 1 372
98 1 97
32 1 31
Fail!
26 1 25
394 1 394
309 1 309
3 1 2
395 1 395
948 1 949
46 1 45
248 1 247
626 1 626
867 1 868
62 1 61
736 1 737
240 1 239
703 1 704
1000 1 1001
Fail!
584 1 584
385 1 385
Fail!
678 1 679
197 1 196
706 1 707
Fail!
158 1 157
424 1 424
291 1 290
339 1 339
41 1 40
1030 1 1031
189 1 188
215 1 214
397 1 397
Fail!
Fail!
950 1 951
550 1 550
Fail!
359 1 359
63 1 62
132 1 131
2 1 1
111 1 110
472 1 472
259 1 258
942 1 943
588 1 588
526 1 526
443 1 443
360 1 360
1007 1 1008
573 1 573
1032 1 1033
1000 1 1001
152 1 151
Fail!
Fail!
315 1 315
639 1 640
775 1 776
Fail!
400 1 400
678 1 679
745 1 746
Fail!
Fail!
24 1 23
743 1 744
960 1 961
703 1 704
1029 1 1030
381 1 381
164 1 163
758 1 759
