49 1 48
421 1 422
154 1 154
1179 1 1182
Fail!
1146 1 1149
Fail!
1026 1 1029
547 1 549
348 1 348
647 1 649
832 1 835
772 1 775
1018 1 1021
135 1 135
936 1 939
119 1 119
832 1 835
1146 1 1149
201 1 201
1189 1 1192
438 1 439
878 1 881
936 1 939
438 1 439
1271 1 1274
219 1 219
126 1 126
Fail!
311 1 311
763 1 766
50 1 49
Fail!
240 1 240
422 1 423
858 1 861
1122 1 1125
48 1 47
7 1 6
936 1 939
Fail!
442 1 443
1009 1 1012
510 1 511
475 1 476
799 1 802
115 1 115
1304 1 1307
881 1 884
Fail!
135 1 135
15 1 14
537 1 539
508 1 509
43 1 42
983 1 986
574 1 576
922 1 925
41 1 40
632 1 634
1191 1 1194
193 1 193
503 1 504
138 1 138
Fail!
1253 1 1256
265 1 265
179 1 179
282 1 282
889 1 892
29 1 28
146 1 146
338 1 338
947 1 950
712 1 715
1008 1 1011
533 1 535
1268 1 1271
30 1 29
420 1 421
975 1 978
255 1 255
763 1 766
363 1 363
Fail!
1304 1 1307
Fail!
Fail!
627 1 629
214 1 214
350 1 350
915 1 918
Fail!
889 1 892
275 1 275
482 1 483
Fail!
258 1 258
1266 1 1269
94 1 93
173 1 173
Fail!
1268 1 1271
313 1 313
609 1 611
1318 1 1321
158 1 158
855 1 858
303 1 303
156 1 156
625 1 627
922 1 925
529 1 531
69 1 68
944 1 947
520 1 522
560 1 562
36 1 35
Fail!
1 1 0
Fail!
629 1 631
489 1 490
1288 1 1291
170 1 170
417 1 418
241 1 241
396 1 396
626 1 628
426 1 427
Fail!
1189 1 1192
5 1 4
46 1 45
927 1 930
18 1 17
632 1 634
43 1 42
12 1 11
46 1 45
Fail!
461 1 462
114 1 114
650 1 653
697 1 700
1053 1 1056
391 1 391
167 1 167
106 1 106
112 1 112
346 1 346
537 1 539
670 1 673
135 1 135
265 1 265
743 1 746
83 1 82
Fail!
Fail!
557 1 559
135 1 135
211 1 211
43 1 42
634 1 636
732 1 735
483 1 484
263 1 263
214 1 214
221 1 221
979 1 982
1191 1 1194
247 1 247
94 1 93
554 1 556
221 1 221
181 1 181
201 1 201
258 1 258
240 1 240
159 1 159
369 1 369
131 1 131
491 1 492
1189 1 1192
59 1 58
1338 1 1341
73 1 72
361 1 361
244 1 244
947 1 950
311 1 311
422 1 423
1087 1 1090
Fail!
312 1 312
888 1 891
289 1 289
269 1 269
1335 1 1338
356 1 356
1288 1 1291
422 1 423
558 1 560
389 1 389
105 1 105
234 1 234
722 1 725
947 1 950
860 1 863
950 1 953
Fail!
720 1 723
443 1 444
288 1 288
241 1 241
953 1 956
369 1 369
59 1 58
34 1 33
128 1 128
508 1 509
73 1 72
950 1 953
1316 1 1319
Fail!
292 1 292
572 1 574
944 1 947
Fail!
481 1 482
1018 1 1021
663 1 666
1 1 0
963 1 966
1348 1 1351
176 1 176
832 1 835
151 1 151
510 1 511
558 1 560
719 1 722
12 1 11
5 1 4
330 1 330
737 1 740
445 1 446
338 1 338
2 1 1
1350 1 1353
975 1 978
491 1 492
179 1 179
Fail!
560 1 562
294 1 294
353 1 353
524 1 526
640 1 642
449 1 450
Fail!
858 1 861
445 1 446
260 1 260
225 1 225
1253 1 1256
855 1 858
1053 1 1056
1365 1 1368
759 1 762
207 1 207
2 1 1
913 1 916
330 1 330
690 1 693
487 1 488
Fail!
16 1 15
58 1 57
Fail!
12 1 11
461 1 462
520 1 522
Fail!
539 1 541
419 1 420
284 1 284
1304 1 1307
350 1 350
884 1 887
192 1 192
Fail!
562 1 564
892 1 895
577 1 579
338 1 338
71 1 70
140 1 140
58 1 57
1282 1 1285
430 1 431
466 1 467
20 1 19
537 1 539
924 1 927
37 1 36
10 1 9
196 1 196
Fail!
877 1 880
640 1 642
586 1 588
136 1 136
Fail!
983 1 986
65 1 64
806 1 809
1081 1 1084
363 1 363
389 1 389
58 1 57
330 1 330
59 1 58
670 1 673
853 1 856
369 1 369
516 1 517
1018 1 1021
830 1 833
469 1 470
1018 1 1021
97 1 97
924 1 927
944 1 947
357 1 357
Fail!
171 1 171
830 1 833
155 1 155
214 1 214
877 1 880
146 1 146
862 1 865
Fail!
1348 1 1351
1048 1 1051
686 1 689
2 1 1
759 1 762
1192 1 1195
560 1 562
625 1 627
1304 1 1307
Fail!
632 1 634
547 1 549
609 1 611
185 1 185
1285 1 1288
637 1 639
279 1 279
983 1 986
442 1 443
159 1 159
129 1 129
396 1 396
537 1 539
32 1 31
15 1 14
372 1 372
1278 1 1281
1174 1 1177
431 1 432
647 1 649
29 1 28
719 1 722
363 1 363
1053 1 1056
96 2 95
772 1 775
Fail!
62 1 61
219 1 219
239 1 239
574 1 576
706 1 709
1026 1 1029
120 1 120
395 1 395
269 1 269
475 1 476
5 1 4
55 1 54
Fail!
41 1 40
727 1 730
144 1 144
Fail!
533 1 535
308 1 308
34 1 33
Fail!
363 1 363
Fail!
314 1 314
Fail!
443 1 444
54 1 53
140 1 140
434 1 435
220 1 220
110 1 110
Fail!
777 1 780
253 1 253
17 1 16
54 1 53
3 1 2
719 1 722
22 1 21
983 1 986
239 1 239
690 1 693
149 1 149
626 1 628
287 1 287
1043 1 1046
155 1 155
516 1 517
597 1 599
538 1 540
445 1 446
597 1 599
811 1 814
888 1 891
737 1 740
Fail!
881 1 884
670 1 673
128 1 128
Fail!
163 1 163
81 1 80
171 1 171
140 1 140
107 1 107
759 1 762
Fail!
450 1 451
52 1 51
Fail!
Fail!
223 1 223
258 1 258
81 1 80
913 1 916
131 1 131
68 1 67
388 1 388
1235 1 1238
45 1 44
888 1 891
130 1 130
Fail!
640 1 642
472 1 473
176 1 176
572 1 574
130 1 130
819 1 822
670 1 673
947 1 950
541 1 543
135 1 135
605 1 607
16 1 15
44 1 43
461 1 462
216 1 216
70 1 69
730 1 733
136 1 136
554 1 556
Fail!
720 1 723
1168 1 1171
62 1 61
372 1 372
13 1 12
Fail!
77 1 76
1 1 0
712 1 715
759 1 762
392 1 392
2 1 1
Fail!
691 1 694
586 1 588
114 1 114
564 1 566
Fail!
1350 1 1353
169 1 169
46 1 45
143 1 143
1350 1 1353
1111 1 1114
799 1 802
149 1 149
181 1 181
50 1 49
340 1 340
799 1 802
107 1 107
610 1 612
1043 1 1046
219 1 219
Fail!
577 1 579
725 1 728
629 1 631
1266 1 1269
525 1 527
640 1 642
319 1 319
924 1 927
464 1 465
396 1 396
396 1 396
764 1 767
448 1 449
503 1 504
205 1 205
889 1 892
85 1 84
215 1 215
763 1 766
490 1 491
498 1 499
1087 1 1090
1131 1 1134
370 1 370
705 1 708
705 1 708
346 1 346
629 1 631
727 1 730
516 1 517
Fail!
1081 1 1084
922 1 925
193 1 193
1288 1 1291
806 1 809
143 1 143
1120 1 1123
411 1 412
1192 1 1195
123 1 123
148 1 148
Fail!
1122 1 1125
809 1 812
544 1 546
338 1 338
735 1 738
Fail!
152 1 152
944 1 947
70 1 69
81 1 80
44 1 43
81 1 80
858 1 861
426 1 427
953 1 956
32 1 31
915 1 918
395 1 395
855 1 858
554 1 556
202 1 202
13 1 12
260 1 260
Fail!
1048 1 1051
244 1 244
467 1 468
1179 1 1182
953 1 956
153 1 153
866 1 869
143 1 143
105 1 105
49 1 48
719 1 722
1004 1 1007
158 1 158
135 1 135
410 1 411
31 1 30
627 1 629
924 1 927
957 1 960
383 1 383
1316 1 1319
90 1 89
240 1 240
426 1 427
466 1 467
639 1 641
732 1 735
225 1 225
Fail!
16 1 15
11 1 10
238 1 238
1 1 0
Fail!
169 1 169
809 1 812
207 1 207
399 1 399
82 1 81
777 1 780
1316 1 1319
127 1 127
479 1 480
568 1 570
36 1 35
54 1 53
292 1 292
11 1 10
170 1 170
610 1 612
498 1 499
685 1 688
481 1 482
458 1 459
176 1 176
419 1 420
482 1 483
632 1 634
10 1 9
888 1 891
214 1 214
819 1 822
573 1 575
322 1 322
73 1 72
345 1 345
Fail!
258 1 258
526 1 528
135 1 135
340 1 340
557 1 559
1179 1 1182
231 1 231
502 1 503
5 1 4
11 1 10
Fail!
Fail!
858 1 861
Fail!
174 1 174
546 1 548
225 1 225
1087 1 1090
768 1 771
647 1 649
685 1 688
431 1 432
82 1 81
396 1 396
877 1 880
953 1 956
763 1 766
115 1 115
1081 1 1084
144 1 144
133 1 133
319 1 319
736 1 739
73 1 72
95 1 94
111 1 111
39 1 38
292 1 292
1018 1 1021
114 1 114
194 1 194
187 1 187
534 1 536
192 1 192
245 1 245
35 1 34
3 1 2
878 1 881
383 1 383
855 1 858
Fail!
172 1 172
199 1 199
391 1 391
475 1 476
605 1 607
311 1 311
312 1 312
311 1 311
537 1 539
727 1 730
Fail!
Fail!
326 1 326
560 1 562
282 1 282
206 1 206
1101 1 1104
33 1 32
1235 1 1238
Fail!
666 1 669
138 1 138
1009 1 1012
624 1 626
708 1 711
1124 1 1127
363 1 363
273 1 273
Fail!
632 1 634
586 1 588
453 1 454
91 1 90
255 1 255
457 1 458
29 1 28
225 1 225
78 1 77
499 1 500
783 1 786
877 1 880
74 1 73
299 1 299
574 1 576
396 1 396
282 1 282
33 1 32
584 1 586
487 1 488
1211 1 1214
Fail!
78 1 77
Fail!
558 1 560
169 1 169
67 1 66
469 1 470
145 1 145
144 1 144
62 1 61
Fail!
Fail!
1290 1 1293
375 1 375
730 1 733
107 1 107
40 1 39
98 1 98
673 1 676
296 1 296
1268 1 1271
545 1 547
1189 1 1192
690 1 693
712 1 715
62 1 61
Fail!
482 1 483
Fail!
502 1 503
29 1 28
42 1 41
816 1 819
1203 1 1206
Fail!
302 1 302
Fail!
56 1 55
2 1 1
294 1 294
44 1 43
1067 1 1070
448 1 449
Fail!
135 1 135
421 1 422
302 1 302
78 1 77
557 1 559
777 1 780
96 2 95
416 1 417
302 1 302
234 1 234
789 1 792
163 1 163
1058 1 1061
65 1 64
333 1 333
783 1 786
410 1 411
235 1 235
Fail!
567 1 569
49 1 48
391 1 391
482 1 483
392 1 392
722 1 725
176 1 176
179 1 179
242 1 242
575 1 577
303 1 303
329 1 329
953 1 956
Fail!
69 1 68
685 1 688
73 1 72
772 1 775
297 1 297
Fail!
330 1 330
503 1 504
223 1 223
494 1 495
239 1 239
727 1 730
260 1 260
1316 1 1319
735 1 738
1111 1 1114
Fail!
Fail!
97 1 97
498 1 499
1348 1 1351
131 1 131
Fail!
418 1 419
383 1 383
516 1 517
568 1 570
979 1 982
727 1 730
Fail!
193 1 193
17 1 16
421 1 422
167 1 167
1095 1 1098
978 1 981
345 1 345
199 1 199
Fail!
479 1 480
494 1 495
146 1 146
253 1 253
82 1 81
764 1 767
152 1 152
402 1 403
1146 1 1149
143 1 143
448 1 449
158 1 158
1124 1 1127
265 1 265
130 1 130
363 1 363
627 1 629
438 1 439
500 1 501
218 1 218
11 1 10
308 1 308
393 1 393
Fail!
396 1 396
452 1 453
1101 1 1104
111 1 111
789 1 792
500 1 501
Fail!
116 1 116
461 1 462
629 1 631
70 1 69
326 1 326
Fail!
76 1 75
11 1 10
1081 1 1084
1111 1 1114
1120 1 1123
663 1 666
832 1 835
1087 1 1090
736 1 739
193 1 193
202 1 202
491 1 492
542 1 544
1350 1 1353
1318 1 1321
53 1 52
691 1 694
Fail!
37 1 36
524 1 526
67 1 66
210 1 210
86 1 85
329 1 329
192 1 192
Fail!
240 1 240
1282 1 1285
1335 1 1338
94 1 93
1271 1 1274
Fail!
383 1 383
114 1 114
140 1 140
338 1 338
1268 1 1271
40 1 39
819 1 822
520 1 522
855 1 858
234 1 234
1210 1 1213
Fail!
Fail!
338 1 338
389 1 389
322 1 322
79 1 78
174 1 174
208 1 208
30 1 29
472 1 473
119 1 119
1282 1 1285
562 1 564
691 1 694
442 1 443
159 1 159
Fail!
161 1 161
947 1 950
Fail!
Fail!
179 1 179
1007 1 1010
