1 66
2 59
3 59
4 77
5 46
6 69
7 63
8 58
9 53
10 66
11 77
12 58
13 58
14 64
15 71
16 62
17 56
18 67
19 58
20 66
21 60
22 69
23 57
24 60
25 70
26 61
27 76
28 52
29 69
30 65
31 69
32 63
33 63
34 54
35 64
36 61
37 78
38 71
39 61
40 58
41 76
42 69
43 53
44 52
45 57
46 62
47 60
48 56
49 63
50 60
51 55
52 72
53 70
54 80
55 50
56 60
57 70
58 56
59 63
60 46
61 56
62 76
63 75
64 50
65 65
66 51
67 53
68 54
69 63
70 63
71 67
72 71
73 53
74 56
75 67
76 56
77 60
78 75
79 66
80 77
81 48
82 67
83 73
84 74
85 67
86 70
87 58
88 80
89 86
90 64
91 56
92 66
93 63
94 60
95 63
96 70
97 59
98 65
99 61
100 75
101 61
102 71
103 61
104 64
105 56
106 68
107 69
108 69
109 75
110 62
111 60
112 58
113 69
114 56
115 56
116 57
117 64
118 70
119 65
120 54
121 61
122 66
123 65
124 71
125 69
126 63
127 64
128 67
129 58
130 66
131 70
132 56
133 64
134 61
135 50
136 66
137 65
138 55
139 78
140 49
141 63
142 65
143 70
144 54
145 65
146 61
147 68
148 68
149 61
150 57
151 72
152 80
153 52
154 68
155 61
156 58
157 65
158 55
159 55
160 63
161 66
162 76
163 72
164 55
165 55
166 64
167 61
168 60
169 60
170 64
171 55
172 47
173 57
174 67
175 62
176 67
177 69
178 67
179 71
180 73
181 69
182 74
183 58
184 54
185 68
186 59
187 64
188 66
189 58
190 51
191 59
192 56
193 67
194 60
195 69
196 80
197 74
198 57
199 56
200 69
201 55
202 58
203 66
204 68
205 66
206 62
207 59
208 59
209 72
210 72
211 60
212 74
213 84
214 72
215 60
216 65
217 58
218 47
219 66
220 66
221 64
222 52
223 69
224 60
225 50
226 61
227 64
228 58
229 52
230 73
231 54
232 56
233 65
234 59
235 62
236 62
237 65
238 62
239 59
240 72
241 50
242 64
243 68
244 64
245 66
246 72
247 77
248 77
249 54
250 62
251 69
252 69
253 59
254 68
255 62
256 69
257 70
258 55
259 73
260 42
261 67
262 73
263 67
264 69
265 62
266 62
267 75
268 77
269 67
270 61
271 49
272 52
273 57
274 65
275 70
276 64
277 59
278 79
279 68
280 76
281 74
282 61
283 59
284 57
285 66
286 70
287 63
288 71
289 59
290 67
291 66
292 55
293 61
294 74
295 59
296 64
297 64
298 53
299 72
300 60
301 59
302 81
303 73
304 50
305 62
306 84
307 52
308 69
309 49
310 59
311 58
312 62
313 57
314 66
315 66
316 60
317 53
318 55
319 59
320 71
321 60
322 64
323 64
324 70
325 69
326 63
327 60
328 52
329 59
330 71
331 63
332 69
333 72
334 64
335 62
336 63
337 48
338 64
339 73
340 75
341 67
342 52
343 63
344 62
345 71
346 70
347 75
348 65
349 65
350 59
351 61
352 61
353 72
354 73
355 64
356 71
357 65
358 79
359 65
360 68
361 64
362 48
363 59
364 74
365 57
366 72
367 59
368 78
369 54
370 74
371 66
372 63
373 61
374 79
375 59
376 56
377 78
378 57
379 57
380 57
381 58
382 59
383 70
384 78
385 67
386 75
387 74
388 75
389 55
390 57
391 54
392 79
393 64
394 57
395 72
396 75
397 60
398 58
399 60
400 51
401 72
402 59
403 56
404 78
405 62
406 74
407 57
408 63
409 70
410 56
411 64
412 64
413 63
414 70
415 56
416 56
417 58
418 73
419 65
420 67
421 67
422 61
423 76
424 67
425 71
426 63
427 46
428 85
429 65
430 66
431 70
432 58
433 57
434 57
435 58
436 68
437 59
438 66
439 67
440 61
441 62
442 61
443 71
444 62
445 46
446 58
447 66
448 68
449 56
450 57
451 70
452 61
453 72
454 63
455 69
456 57
457 69
458 63
459 60
460 79
461 62
462 56
463 79
464 59
465 63
466 80
467 56
468 77
469 76
470 57
471 59
472 81
473 71
474 58
475 65
476 58
477 74
478 58
479 59
480 64
481 61
482 52
483 60
484 59
485 60
486 66
487 69
488 64
489 71
490 56
491 68
492 57
493 67
494 50
495 54
496 68
497 70
498 63
499 64
500 73
501 61
502 66
503 58
504 57
505 93
506 65
507 55
508 55
509 68
510 84
511 50
512 66
513 55
514 71
515 58
516 66
517 64
518 58
519 71
520 72
521 72
522 67
523 68
524 61
525 66
526 75
527 79
528 48
529 74
530 56
531 78
532 55
533 66
534 47
535 59
536 65
537 70
538 57
539 58
540 73
541 76
542 62
543 59
544 74
545 72
546 68
547 49
548 63
549 75
550 68
551 62
552 71
553 75
554 73
555 59
556 81
557 52
558 74
559 65
560 52
561 58
562 70
563 67
564 69
565 64
566 72
567 54
568 83
569 52
570 54
571 58
572 76
573 66
574 69
575 58
576 60
577 59
578 56
579 57
580 70
581 61
582 66
583 66
584 59
585 60
586 87
587 63
588 60
589 65
590 57
591 70
592 67
593 69
594 55
595 71
596 68
597 66
598 60
599 88
600 63
601 63
602 46
603 66
604 68
605 52
606 59
607 76
608 57
609 61
610 56
611 64
612 59
613 50
614 56
615 51
616 62
617 66
618 50
619 82
620 59
621 63
622 63
623 59
624 75
625 53
626 51
627 56
628 64
629 64
630 62
631 71
632 53
633 75
634 62
635 66
636 53
637 80
638 65
639 70
640 63
641 59
642 59
643 70
644 65
645 77
646 65
647 59
648 59
649 64
650 59
651 57
652 62
653 76
654 59
655 63
656 62
657 67
658 60
659 70
660 61
661 61
662 58
663 54
664 66
665 50
666 73
667 79
668 62
669 75
670 64
671 52
672 63
673 77
674 61
675 82
676 72
677 75
678 66
679 58
680 65
681 50
682 54
683 55
684 59
685 60
686 72
687 72
688 60
689 74
690 68
691 75
692 72
693 56
694 65
695 62
696 70
697 75
698 64
699 54
700 63
701 65
702 59
703 70
704 62
705 76
706 54
707 59
708 61
709 68
710 63
711 60
712 64
713 76
714 63
715 79
716 71
717 59
718 52
719 69
720 52
721 60
722 73
723 62
724 68
725 61
726 63
727 55
728 66
729 45
730 50
731 63
732 53
733 53
734 72
735 44
736 74
737 73
738 74
739 60
740 65
741 68
742 69
743 63
744 73
745 54
746 62
747 59
748 82
749 56
750 78
751 47
752 59
753 72
754 66
755 63
756 73
757 57
758 71
759 66
760 69
761 67
762 64
763 61
764 61
765 74
766 65
767 65
768 73
769 73
770 62
771 69
772 67
773 54
774 62
775 49
776 66
777 66
778 64
779 73
780 72
781 74
782 58
783 68
784 58
785 57
786 56
787 69
788 72
789 69
790 66
791 82
792 75
793 48
794 61
795 62
796 62
797 59
798 71
799 79
800 64
801 54
802 72
803 78
804 54
805 65
806 46
807 58
808 60
809 60
810 67
811 54
812 67
813 50
814 71
815 78
816 76
817 63
818 79
819 62
820 73
821 66
822 59
823 68
824 63
825 57
826 68
827 60
828 54
829 69
830 54
831 67
832 62
833 72
834 72
835 66
836 70
837 69
838 76
839 65
840 57
841 60
842 66
