1 50
2 62
3 65
4 68
5 65
6 76
7 56
8 61
9 60
10 70
11 67
12 69
13 71
14 64
15 59
16 62
17 67
18 69
19 75
20 64
21 60
22 66
23 55
24 69
25 50
26 53
27 59
28 71
29 58
30 54
31 69
32 72
33 80
34 60
35 58
36 57
37 68
38 69
39 67
40 80
41 74
42 67
43 67
44 64
45 71
46 66
47 59
48 57
49 71
50 63
51 61
52 62
53 60
54 78
55 55
56 66
57 55
58 59
59 55
60 80
61 57
62 79
63 66
64 76
65 58
66 68
67 63
68 67
69 60
70 59
71 58
72 55
73 72
74 61
75 58
76 67
77 59
78 64
79 61
80 80
81 63
82 73
83 60
84 74
85 67
86 77
87 75
88 77
89 60
90 75
91 66
92 57
93 68
94 60
95 57
96 67
97 44
98 64
99 73
100 79
101 66
102 63
103 61
104 68
105 51
106 53
107 67
108 56
109 71
110 60
111 59
112 76
113 73
114 73
115 65
116 80
117 51
118 47
119 65
120 53
121 63
122 57
123 63
124 55
125 77
126 64
127 57
128 60
129 57
130 63
131 67
132 68
133 70
134 70
135 62
136 62
137 55
138 72
139 60
140 65
141 66
142 60
143 52
144 69
145 74
146 51
147 70
148 66
149 69
150 71
151 54
152 61
153 55
154 83
155 58
156 76
157 60
158 66
159 61
160 69
161 66
162 70
163 76
164 55
165 61
166 56
167 69
168 70
169 50
170 63
171 66
172 65
173 71
174 61
175 58
176 51
177 54
178 60
179 58
180 54
181 48
182 57
183 57
184 61
185 67
186 63
187 80
188 59
189 55
190 76
191 74
192 67
193 58
194 61
195 69
196 51
197 60
198 62
199 79
200 64
201 60
202 83
203 73
204 58
205 60
206 58
207 73
208 60
209 62
210 74
211 47
212 63
213 72
214 71
215 53
216 67
217 67
218 73
219 60
220 73
221 55
222 66
223 67
224 79
225 66
226 55
227 67
228 81
229 66
230 74
231 50
232 51
233 70
234 71
235 52
236 64
237 74
238 60
239 65
240 58
241 74
242 73
243 71
244 62
245 56
246 61
247 67
248 64
249 58
250 63
251 73
252 66
253 62
254 64
255 75
256 65
257 57
258 69
259 62
260 67
261 82
262 86
263 59
264 75
265 60
266 63
267 74
268 56
269 67
270 61
271 55
272 58
273 66
274 69
275 58
276 61
277 52
278 65
279 73
280 67
281 64
282 62
283 66
284 80
285 50
286 70
287 69
288 54
289 60
290 67
291 87
292 59
293 57
294 63
295 59
296 60
297 51
298 45
299 50
300 63
301 63
302 67
303 61
304 71
305 68
306 67
307 65
308 68
309 61
310 58
311 57
312 71
313 62
314 69
315 60
316 59
317 64
318 61
319 55
320 67
321 72
322 62
323 60
324 71
325 64
326 64
327 65
328 81
329 59
330 57
331 60
332 63
333 74
334 42
335 50
336 65
337 81
338 48
339 72
340 52
341 71
342 55
343 76
344 60
345 64
346 58
347 58
348 63
349 69
350 63
351 67
352 58
353 69
354 86
355 74
356 56
357 56
358 64
359 56
360 66
361 60
362 64
363 54
364 74
365 71
366 59
367 61
368 65
369 57
370 62
371 69
372 77
373 59
374 87
375 67
376 70
377 52
378 71
379 76
380 61
381 66
382 49
383 67
384 73
385 56
386 63
387 56
388 58
389 53
390 55
391 74
392 59
393 70
394 66
395 61
396 71
397 64
398 60
399 57
400 55
401 62
402 84
403 60
404 67
405 44
406 61
407 68
408 59
409 58
410 68
411 56
412 75
413 69
414 75
415 51
416 64
417 85
418 56
419 58
420 65
421 78
422 52
423 73
424 73
425 47
426 51
427 63
428 58
429 64
430 63
431 58
432 55
433 63
434 75
435 61
436 76
437 64
438 64
439 76
440 60
441 65
442 56
443 42
444 75
445 67
446 45
447 63
448 58
449 50
450 58
451 73
452 59
453 64
454 87
455 51
456 65
457 60
458 76
459 64
460 65
461 69
462 56
463 70
464 53
465 64
466 66
467 69
468 63
469 65
470 57
471 62
472 65
473 68
474 69
475 58
476 68
477 58
478 67
479 68
480 61
481 70
482 64
483 71
484 65
485 68
486 69
487 65
488 51
