1 71
2 65
3 53
4 69
5 54
6 74
7 68
8 67
9 66
10 80
11 67
12 82
13 68
14 67
15 65
16 64
17 71
18 67
19 71
20 58
21 62
22 74
23 55
24 59
25 65
26 48
27 60
28 63
29 59
30 60
31 65
32 60
33 65
34 58
35 66
36 68
37 51
38 59
39 50
40 70
41 63
42 64
43 59
44 66
45 58
46 61
47 72
48 64
49 71
50 58
51 71
52 79
53 60
54 69
55 86
56 50
57 71
58 61
59 57
60 68
61 56
62 65
63 65
64 61
65 52
66 74
67 85
68 73
69 66
70 64
71 52
72 70
73 68
74 69
75 71
76 64
77 68
78 54
79 51
80 68
81 67
82 66
83 67
84 67
85 59
86 72
87 52
88 59
89 76
90 74
91 67
92 78
93 54
94 73
95 62
96 52
97 60
98 72
99 76
100 66
101 55
102 64
103 61
104 79
105 69
106 49
107 64
108 57
109 56
110 59
111 65
112 55
113 51
114 77
115 53
116 57
117 61
118 65
119 56
120 51
121 63
122 61
123 57
124 67
125 63
126 70
127 45
128 54
129 64
130 69
131 63
132 70
133 60
134 59
135 47
136 74
137 43
138 49
139 57
140 60
141 76
142 72
143 56
144 66
145 63
146 58
147 66
148 69
149 67
150 58
151 55
152 62
153 55
154 54
155 63
156 60
157 76
158 77
159 61
160 68
161 60
162 62
163 67
164 65
165 53
166 54
167 61
168 69
169 64
170 69
171 61
172 59
173 71
174 68
175 55
176 77
177 63
178 60
179 67
180 75
181 66
182 57
183 63
184 77
185 53
186 70
187 47
188 79
189 70
190 59
191 81
192 61
193 70
194 47
195 59
196 71
197 53
198 61
199 58
200 73
201 54
202 71
203 73
204 68
205 72
206 49
207 71
208 56
209 74
210 69
211 53
212 72
213 56
214 59
215 79
216 55
217 76
218 65
219 58
220 70
221 68
222 54
223 65
224 67
225 66
226 68
227 70
228 71
229 68
230 89
231 58
232 69
233 62
234 50
235 56
236 58
237 63
238 70
239 70
240 66
241 66
242 62
243 46
244 67
245 58
246 72
247 69
248 63
249 50
250 69
251 69
252 53
253 69
254 74
255 68
256 68
257 57
258 67
259 82
260 61
261 71
262 60
263 65
264 67
265 65
266 74
267 66
268 62
269 76
270 74
271 61
272 69
273 62
274 55
275 65
276 66
277 68
278 53
279 69
280 56
281 64
282 53
283 78
284 63
285 64
286 65
287 56
288 64
289 61
290 79
291 62
292 58
293 64
294 41
295 55
296 58
297 61
298 56
299 76
300 50
301 60
302 60
303 64
304 63
305 64
306 61
307 47
308 63
309 56
310 58
311 61
312 66
313 56
314 65
315 63
316 73
317 67
318 69
319 65
320 82
321 78
322 63
323 61
324 64
325 65
326 72
327 63
328 62
329 63
330 55
331 67
332 68
333 70
334 56
335 59
336 79
337 65
338 65
339 56
340 62
341 53
342 66
343 60
344 59
345 62
346 67
347 76
348 74
349 64
350 67
351 63
352 61
353 64
354 77
355 67
356 62
357 51
358 66
359 63
360 55
361 50
362 62
363 69
364 77
365 80
366 64
367 64
368 74
369 66
370 54
371 68
372 72
373 61
374 51
375 70
376 67
377 58
378 62
379 66
380 54
381 59
382 47
383 63
384 69
385 69
386 64
387 65
388 60
389 51
390 53
391 71
392 67
393 75
394 78
395 64
396 54
397 54
398 72
399 63
400 65
401 71
402 69
403 63
404 74
405 62
406 65
407 64
408 74
409 75
410 64
411 66
412 64
413 62
414 63
415 68
416 65
417 65
418 61
419 65
420 58
421 49
422 74
423 54
424 69
425 55
426 73
427 62
428 62
429 70
430 71
431 53
432 59
433 71
434 63
435 71
436 73
437 63
438 85
439 56
440 64
441 71
442 54
443 60
444 67
445 60
446 71
447 70
448 72
449 75
450 78
451 61
452 68
453 60
454 55
455 57
456 73
457 50
458 91
459 73
460 73
461 61
462 58
463 81
464 55
465 57
466 54
467 57
468 58
469 60
470 70
471 64
472 64
473 54
474 65
475 63
476 67
477 62
478 73
479 63
480 70
481 58
482 51
483 49
484 71
485 75
486 60
487 66
488 67
489 69
490 47
491 77
492 56
493 64
494 72
495 64
496 65
497 53
498 69
499 59
500 53
501 65
502 66
503 81
504 63
505 59
506 71
507 59
508 52
509 66
510 64
511 64
512 73
513 67
514 66
515 56
516 60
517 73
518 66
519 64
520 59
521 60
522 49
523 65
524 65
525 53
526 67
527 63
528 73
529 66
530 53
531 56
532 71
533 67
534 70
535 64
536 49
537 68
538 65
539 58
540 51
541 64
542 63
543 63
544 64
545 70
546 65
547 53
548 61
549 59
550 71
551 61
552 58
553 72
554 65
555 53
556 59
557 79
558 69
559 48
560 58
561 53
562 75
563 61
564 57
565 60
566 65
567 64
568 50
569 62
570 77
571 72
572 62
573 56
574 45
575 64
576 56
577 63
578 86
579 85
580 68
581 63
582 68
583 62
584 74
585 56
586 67
587 56
588 64
589 58
590 48
591 69
592 72
593 69
594 70
595 78
596 80
597 69
598 70
599 67
600 69
601 70
602 71
603 64
604 58
605 66
606 59
607 58
608 65
609 93
610 62
611 60
612 59
613 73
614 53
615 59
616 52
617 53
618 47
619 76
620 68
621 68
622 78
623 60
624 81
625 71
626 55
627 71
628 67
629 61
630 76
631 62
632 57
633 71
634 58
635 71
636 66
637 79
638 47
639 57
640 58
641 58
642 75
643 67
644 71
645 57
646 55
647 66
648 60
649 66
650 55
651 64
652 72
653 55
654 72
655 57
656 57
657 55
658 78
659 56
660 56
661 69
662 55
663 74
664 63
665 67
666 77
667 80
668 75
669 57
670 60
671 62
672 67
673 51
674 59
675 61
676 65
677 59
678 64
679 66
680 58
681 63
682 74
683 53
684 82
685 57
686 61
687 73
688 67
689 63
690 71
691 72
692 54
693 72
694 70
695 57
696 73
697 77
698 56
699 63
700 62
701 64
702 58
703 63
704 67
705 63
706 54
707 71
708 63
709 90
710 73
711 71
712 68
713 54
714 54
715 77
716 64
717 70
718 59
719 56
720 65
721 56
722 62
723 65
724 63
725 57
726 59
727 48
728 66
729 64
730 68
731 60
732 58
733 62
734 66
735 61
736 76
737 61
738 72
739 61
740 63
741 58
742 64
743 64
744 65
745 57
746 63
747 74
748 59
749 53
750 68
751 58
752 70
753 65
754 66
755 57
756 65
757 68
758 69
759 62
760 64
761 59
762 68
763 57
764 65
765 66
766 65
767 69
768 80
769 61
770 67
771 74
772 65
773 61
774 63
775 58
776 55
777 72
778 66
779 56
780 52
781 67
782 75
783 81
784 54
785 55
786 68
787 73
788 69
789 49
790 65
791 77
792 62
793 58
794 71
795 66
796 65
797 51
798 65
799 53
800 47
801 59
802 56
803 61
804 59
805 51
806 76
807 67
808 62
809 59
810 55
811 56
812 72
813 62
814 56
815 75
816 75
817 72
818 63
819 60
820 71
821 70
822 62
823 62
824 59
825 68
826 47
827 81
828 72
829 70
830 75
831 70
832 58
833 54
834 64
