1 71
2 54
3 55
4 72
5 64
6 72
7 57
8 79
9 67
10 66
11 75
12 60
13 64
14 54
15 56
16 76
17 60
18 60
19 63
20 55
21 58
22 63
23 64
24 44
25 70
26 84
27 74
28 64
29 78
30 68
31 71
32 76
33 55
34 68
35 62
36 57
37 75
38 61
39 58
40 66
41 72
42 55
43 52
44 67
45 64
46 66
47 50
48 64
49 62
50 55
51 66
52 53
53 66
54 57
55 55
56 62
57 74
58 69
59 58
60 50
61 60
62 47
63 59
64 53
65 60
66 64
67 61
68 83
69 76
70 71
71 66
72 60
73 67
74 59
75 70
76 68
77 66
78 62
79 67
80 74
81 67
82 58
83 65
84 55
85 67
86 49
87 61
88 55
89 51
90 68
91 59
92 79
93 74
94 69
95 75
96 74
97 53
98 68
99 67
100 62
101 58
102 82
103 70
104 60
105 82
106 76
107 55
108 56
109 56
110 79
111 65
112 68
113 71
114 71
115 63
116 64
117 43
118 56
119 68
120 57
121 60
122 44
123 57
124 60
125 65
126 78
127 69
128 59
129 49
130 58
131 69
132 62
133 72
134 61
135 68
136 58
137 68
138 56
139 60
140 54
141 67
142 75
143 60
144 55
145 60
146 69
147 43
148 80
149 70
150 76
151 60
152 65
153 57
154 65
155 53
156 59
157 63
158 57
159 58
160 59
161 57
162 69
163 54
164 60
165 57
166 62
167 69
168 70
169 62
170 71
171 57
172 45
173 73
174 59
175 78
176 89
177 52
178 54
179 69
180 65
181 63
182 61
183 72
184 76
185 53
186 87
187 65
188 66
189 57
190 65
191 78
192 70
193 59
194 80
195 67
196 77
197 61
198 65
199 68
200 94
201 55
202 68
203 62
204 62
205 55
206 66
207 58
208 51
209 44
210 63
211 56
212 63
213 61
214 74
215 60
216 78
217 58
218 40
219 54
220 67
221 66
222 55
223 75
224 58
225 70
226 57
227 48
228 66
229 71
230 62
231 64
232 63
233 67
234 51
235 63
236 66
237 59
238 60
239 76
240 69
241 54
242 70
243 70
244 63
245 61
246 56
247 58
248 57
249 75
250 66
251 59
252 59
253 77
254 68
255 50
256 56
257 63
258 67
259 64
260 65
261 59
262 41
263 62
264 57
265 65
266 67
267 75
268 65
269 64
270 73
271 53
272 83
273 60
274 75
275 61
276 56
277 52
278 74
279 67
280 75
281 78
282 68
283 60
284 53
285 66
286 57
287 50
288 58
289 66
290 62
291 45
292 63
293 59
294 63
295 61
296 58
297 70
298 78
299 52
300 66
301 60
302 79
303 73
304 64
305 70
306 70
307 58
308 54
309 67
310 55
311 57
312 78
313 71
314 72
315 65
316 72
317 71
318 67
319 59
320 76
321 64
322 52
323 54
324 55
325 61
326 65
327 63
328 65
329 61
330 59
331 54
332 66
333 64
334 53
335 60
336 79
337 57
338 52
339 67
340 72
341 61
342 73
343 82
344 66
345 77
346 72
347 69
348 59
349 59
350 72
351 71
352 73
353 67
354 66
355 74
356 58
357 74
358 56
359 61
360 68
361 61
362 64
363 65
364 62
365 66
366 54
367 63
368 59
369 71
370 63
371 74
372 52
373 83
374 73
375 72
376 64
377 70
378 66
379 57
380 72
381 70
382 54
383 69
384 59
385 61
386 44
387 83
388 64
389 67
390 70
391 82
392 63
393 68
394 49
395 83
396 71
397 58
398 69
399 73
400 64
401 53
402 52
403 62
404 86
405 57
406 61
407 52
408 72
409 56
410 80
411 59
412 70
413 77
414 60
415 61
416 45
417 56
418 67
419 61
420 59
421 61
422 62
423 69
424 67
425 55
426 65
427 55
428 62
429 59
430 66
431 66
432 69
433 74
434 75
435 74
436 62
437 60
438 64
439 49
440 77
441 74
442 67
443 49
444 68
445 60
446 69
447 67
448 76
449 64
450 70
451 60
452 73
453 74
454 58
455 61
456 47
457 67
458 69
459 58
460 65
461 59
462 64
463 57
464 74
465 82
466 57
467 55
468 60
469 63
470 68
471 76
472 64
473 64
474 73
475 64
476 58
477 64
478 58
479 55
480 72
481 64
482 49
483 65
484 60
485 61
486 61
487 64
488 51
489 65
490 73
491 55
492 67
493 63
494 74
495 49
496 74
497 57
498 58
499 52
500 58
501 80
502 57
503 61
504 64
505 60
506 56
507 70
508 70
509 77
510 64
511 59
512 57
513 59
514 64
515 49
516 59
517 66
518 66
519 52
520 75
521 69
522 69
523 66
524 66
525 67
526 63
527 54
528 73
529 68
530 78
531 53
532 65
533 78
534 62
535 60
536 68
537 78
538 63
539 55
540 64
541 68
542 71
543 61
544 56
545 59
546 70
547 61
548 63
549 66
550 70
551 63
552 65
553 65
554 59
555 69
556 62
557 64
558 55
559 47
560 73
561 76
562 61
563 61
564 65
565 74
566 64
567 62
568 68
569 73
570 48
571 62
572 59
573 73
574 73
575 51
576 61
577 73
578 60
579 71
580 59
581 64
582 74
583 56
584 78
585 70
586 80
587 62
588 63
589 64
590 68
591 61
592 68
593 61
594 73
595 66
596 71
597 63
598 75
599 52
600 64
601 61
602 58
603 50
604 68
605 66
606 61
607 53
608 62
609 57
610 76
611 62
612 60
613 71
614 68
615 61
616 54
617 67
618 63
619 75
620 64
621 70
622 59
623 72
624 58
625 62
626 69
627 71
628 66
629 69
630 50
631 57
632 56
633 70
634 68
635 59
636 59
637 66
638 50
639 56
640 59
641 59
642 70
643 55
644 76
645 66
646 56
647 57
648 71
649 54
650 51
651 72
652 55
653 61
654 66
655 67
656 68
657 72
658 59
659 65
660 85
661 70
662 62
663 49
664 51
665 55
666 77
667 78
668 54
669 65
670 73
671 67
672 68
673 77
674 80
675 70
676 66
677 54
678 53
679 69
680 67
681 70
682 63
683 61
684 76
685 79
686 56
687 70
688 70
689 55
690 63
691 63
692 64
693 59
694 73
695 77
696 65
697 50
698 64
699 46
700 72
701 63
702 65
703 74
704 59
705 64
706 70
707 73
708 50
709 55
710 55
711 55
712 73
713 68
714 65
715 72
716 55
717 81
718 67
719 65
720 72
721 53
722 51
723 53
724 57
725 67
726 55
727 81
