1 53
2 65
3 69
4 66
5 54
6 73
7 60
8 72
9 58
10 52
11 74
12 62
13 63
14 66
15 55
16 73
17 52
18 51
19 71
20 66
21 54
22 79
23 62
24 62
25 56
26 77
27 70
28 66
29 63
30 63
31 66
32 75
33 61
34 53
35 67
36 65
37 61
38 65
39 70
40 55
41 61
42 65
43 61
44 59
45 67
46 58
47 64
48 65
49 79
50 65
51 55
52 58
53 56
54 54
55 73
56 64
57 46
58 74
59 47
60 75
61 65
62 62
63 63
64 62
65 64
66 75
67 65
68 59
69 50
70 64
71 61
72 79
73 59
74 72
75 58
76 69
77 73
78 68
79 64
80 62
81 79
82 58
83 70
84 58
85 56
86 80
87 57
88 56
89 68
90 46
91 72
92 57
93 79
94 64
95 61
96 76
97 67
98 53
99 87
100 61
101 79
102 59
