1 65
2 55
3 66
4 64
5 71
6 60
7 59
8 54
9 53
10 64
11 70
12 84
13 67
14 57
15 63
16 69
17 77
18 47
19 58
20 53
21 51
22 68
23 62
24 63
25 52
26 55
27 70
28 62
29 61
30 76
31 62
32 60
33 61
34 62
35 72
36 52
37 63
38 62
39 67
40 68
41 67
42 82
43 69
44 57
45 63
46 55
47 62
48 71
49 54
50 68
51 58
52 75
53 67
54 49
55 57
56 75
57 78
58 62
59 78
60 50
61 65
62 54
63 58
64 61
65 63
66 69
67 68
68 71
69 59
70 65
71 57
72 62
73 62
74 69
75 53
76 54
77 77
78 78
79 69
80 60
81 71
82 66
83 57
84 66
85 65
86 64
87 74
88 60
89 95
90 65
91 81
92 69
93 82
94 61
95 62
96 68
97 78
98 67
99 68
100 62
101 52
102 75
103 78
104 60
105 53
106 63
107 70
108 63
109 69
110 63
111 63
112 73
113 56
114 67
115 67
116 61
117 73
118 66
119 56
120 74
121 61
122 58
123 68
124 67
125 68
126 76
127 60
128 62
129 62
130 63
131 56
132 60
133 67
134 54
135 63
136 57
137 63
138 46
139 54
140 66
141 73
142 56
143 65
144 71
145 67
146 75
147 60
148 68
149 69
150 49
151 62
152 68
153 71
154 47
155 64
156 55
157 60
158 78
159 67
160 69
161 71
162 79
163 56
164 69
165 69
166 61
167 61
168 64
169 60
170 80
171 60
172 55
173 60
174 66
175 54
176 64
177 75
178 69
179 64
180 73
181 65
182 64
183 52
184 58
185 59
186 62
187 62
188 55
189 58
190 67
191 61
192 68
193 51
194 63
195 71
196 67
197 63
198 55
199 66
200 61
201 51
202 75
203 63
204 51
205 52
206 58
207 76
208 62
209 78
210 63
211 58
212 74
213 62
214 59
215 64
216 57
217 66
218 59
219 62
220 66
221 67
222 59
223 62
224 70
225 65
226 76
227 54
228 64
229 61
230 67
231 62
232 63
233 56
234 57
235 69
236 70
237 60
238 74
239 69
240 73
241 59
242 62
243 58
244 57
245 62
246 72
247 74
248 58
249 62
250 56
251 68
252 45
253 77
254 51
255 58
256 54
257 79
258 56
259 64
260 63
261 81
262 51
263 75
264 55
265 71
266 52
267 79
268 50
269 63
270 47
271 61
272 57
273 60
274 61
275 64
276 65
277 59
278 58
279 62
280 57
281 55
282 86
283 59
284 55
285 59
286 66
287 59
288 52
289 62
290 57
291 63
292 46
293 61
294 64
295 69
296 56
297 73
298 62
299 53
300 74
301 67
302 68
303 81
304 50
305 65
306 71
307 62
308 75
309 63
310 66
311 62
312 67
313 63
314 54
315 61
316 64
317 68
318 52
319 66
320 41
321 70
322 67
323 74
324 50
325 66
326 58
327 58
328 57
329 69
330 70
331 71
332 89
333 60
334 62
335 65
336 51
337 69
338 63
339 61
340 62
341 55
342 52
343 63
344 74
345 71
346 62
347 69
348 66
349 69
350 59
351 65
352 68
353 60
354 59
355 58
356 54
357 55
358 75
359 56
360 62
361 72
362 81
363 48
364 71
365 55
366 62
367 61
368 61
369 69
370 53
371 59
372 65
373 73
374 76
375 73
376 65
377 66
378 62
379 52
380 57
381 64
382 62
383 68
384 70
385 49
386 65
387 61
388 63
389 51
390 78
391 56
392 62
393 84
394 66
395 79
396 46
397 68
398 61
399 47
400 63
401 68
402 70
403 72
404 65
405 60
406 71
407 72
408 54
409 59
410 52
411 59
412 59
413 59
414 76
415 61
416 61
417 58
418 62
419 67
420 58
421 59
422 67
423 50
424 51
425 66
426 62
427 57
428 54
429 64
430 77
431 75
432 67
433 74
434 64
435 64
436 83
437 69
438 65
439 77
440 56
441 71
442 59
443 63
444 65
445 59
446 76
447 65
448 73
449 58
450 65
451 66
452 65
453 49
454 61
455 76
456 62
457 50
458 57
459 61
460 67
461 64
462 60
463 66
464 71
465 69
466 53
467 65
468 72
469 67
470 66
471 71
472 62
473 66
474 65
475 65
476 58
477 61
478 67
479 57
480 83
481 53
482 57
483 90
484 64
485 64
486 66
487 51
488 69
489 66
490 71
491 85
492 69
493 66
494 59
495 71
496 60
497 62
498 80
499 67
500 68
501 59
502 71
503 82
504 62
505 61
506 70
507 48
508 61
509 64
510 70
511 48
512 62
513 63
514 70
515 68
516 65
517 62
518 82
519 68
520 56
521 76
522 68
523 66
524 61
525 69
526 64
527 61
528 70
529 51
530 56
531 71
532 63
533 63
534 57
535 58
536 56
537 65
538 75
539 69
540 54
541 63
542 68
543 55
544 69
545 68
546 53
547 69
548 69
549 59
550 66
551 76
552 71
553 77
554 64
555 72
556 61
557 74
558 59
559 66
560 57
561 68
562 63
563 69
564 67
565 71
566 49
567 67
568 68
569 56
570 75
571 67
572 65
573 56
574 55
575 68
576 66
577 70
578 61
579 57
580 65
581 61
582 56
583 66
584 59
585 64
586 80
587 63
588 81
589 68
590 72
591 62
592 61
593 65
594 70
595 54
596 60
597 73
598 61
599 68
600 60
601 66
602 42
603 66
604 77
605 67
606 66
607 66
608 61
609 64
610 54
611 60
612 50
613 62
614 67
615 57
616 54
617 54
618 61
619 65
620 68
621 61
622 76
623 59
624 67
625 55
626 67
627 76
628 79
629 67
630 58
631 64
632 65
633 65
634 61
635 65
636 57
637 56
638 64
639 72
640 81
641 65
642 70
643 75
644 61
645 66
646 51
647 68
648 57
649 65
650 84
651 56
652 66
653 74
654 58
655 66
656 62
657 59
658 73
659 61
660 72
661 60
662 60
663 67
664 55
665 54
666 74
667 64
668 68
669 56
670 58
671 61
672 74
673 65
674 69
675 59
676 52
677 75
678 68
679 55
680 70
681 70
682 69
683 56
684 60
685 59
686 59
687 59
688 56
689 71
690 49
691 58
692 56
693 52
694 55
695 57
696 59
697 61
698 73
699 58
700 58
701 78
702 71
703 56
704 72
705 68
706 65
707 66
708 56
709 76
710 58
711 83
712 68
713 70
714 59
715 64
716 56
717 71
718 58
719 67
720 68
721 60
722 67
723 46
724 55
725 68
726 69
727 64
728 64
729 59
730 60
731 82
732 67
733 80
734 47
735 70
736 73
737 65
738 70
739 61
740 65
741 58
742 59
743 66
744 60
745 81
746 44
747 52
748 69
749 73
750 53
751 67
752 61
753 73
754 64
755 70
756 63
757 61
758 60
759 69
760 53
761 57
762 56
763 72
764 43
765 70
766 77
767 60
768 60
769 81
770 58
771 64
772 54
773 58
774 72
775 64
776 51
777 70
778 80
779 64
780 55
781 80
782 85
783 59
784 73
785 65
786 54
787 66
788 58
789 65
790 66
791 65
792 52
793 55
794 53
795 68
796 57
797 71
798 58
799 60
800 75
801 73
802 67
803 63
804 81
805 49
806 60
807 69
808 65
809 55
810 54
811 74
812 51
813 52
814 64
815 71
816 71
817 64
818 62
819 75
820 61
821 78
822 59
823 61
824 69
825 59
826 65
827 65
828 60
829 72
830 65
831 59
832 59
833 73
834 67
835 69
836 64
837 76
838 64
839 69
840 56
841 60
842 63
843 64
844 68
845 54
846 67
847 65
848 63
849 56
850 65
851 55
852 67
853 58
854 63
855 67
856 63
857 72
858 68
859 62
860 64
861 74
862 64
863 60
864 73
865 66
866 71
867 58
868 56
869 74
870 67
871 77
872 63
873 72
874 64
875 70
876 61
877 60
878 55
879 64
880 67
881 79
882 67
883 62
884 61
885 48
886 70
887 73
888 78
889 64
890 71
891 62
892 67
893 70
894 65
895 50
896 70
897 71
898 68
899 53
900 60
901 57
902 71
903 50
904 44
905 65
906 73
907 68
908 56
909 56
910 54
911 68
912 59
913 70
914 58
915 67
916 64
917 65
918 70
919 64
920 75
921 69
922 61
923 56
924 87
925 68
926 66
927 62
928 72
929 67
930 61
931 68
932 65
933 79
934 70
935 68
936 52
937 66
938 58
939 71
940 71
941 82
942 63
943 63
944 61
945 71
946 63
947 59
948 54
949 56
950 69
951 57
952 67
953 54
954 64
955 58
956 78
957 65
958 66
959 62
960 68
961 61
962 48
