1 61
2 70
3 70
4 60
5 66
6 68
7 50
8 57
9 72
10 89
11 81
12 72
13 68
14 66
15 75
16 70
17 64
18 55
19 51
20 74
21 42
22 56
23 49
24 64
25 77
26 60
27 64
28 65
29 65
30 75
31 64
32 77
33 67
34 62
35 46
36 68
37 71
38 66
39 70
40 76
41 67
42 75
43 63
44 64
45 55
46 60
47 57
48 55
49 72
50 70
51 74
52 59
53 77
54 78
55 54
56 63
57 61
58 69
59 64
60 70
61 68
62 73
63 63
64 53
65 54
66 66
67 85
68 73
69 66
70 60
71 66
72 77
73 53
74 76
75 54
76 62
77 81
78 71
79 58
80 71
81 64
82 55
83 57
84 69
85 62
86 58
87 63
88 62
89 60
90 54
91 68
92 58
93 76
94 58
95 75
96 68
97 73
98 58
99 78
100 60
101 67
102 54
103 57
104 45
105 68
106 61
107 65
108 71
109 61
110 60
111 64
112 55
113 53
114 56
115 42
116 58
117 63
118 46
119 60
120 68
121 74
122 60
123 73
124 50
125 68
126 60
127 54
128 54
129 81
130 50
131 57
132 72
133 69
134 82
135 65
136 60
137 57
138 65
139 58
140 80
141 54
142 46
143 72
144 73
145 62
146 53
147 59
148 56
149 50
150 61
151 61
152 57
153 67
154 68
155 68
156 64
157 66
158 67
159 66
160 69
161 70
162 54
163 59
164 73
165 62
166 73
167 64
168 68
169 58
170 73
171 74
172 62
173 63
174 84
175 66
176 69
177 61
178 74
179 70
180 69
181 78
182 54
183 48
184 60
185 70
186 62
187 57
188 61
189 56
190 71
191 63
192 59
193 65
194 62
195 55
196 68
197 68
198 52
199 79
200 46
201 75
202 61
203 44
204 60
205 71
206 63
207 68
208 60
209 61
210 65
211 48
212 68
213 54
214 58
215 73
216 58
217 72
218 64
219 67
220 70
221 50
222 79
223 69
224 65
225 48
226 57
227 55
228 69
229 68
230 75
231 61
232 54
233 63
234 71
235 63
236 57
237 74
238 66
239 74
240 61
241 67
