1 52
2 59
3 64
4 62
5 61
6 72
7 63
8 56
9 50
10 61
11 58
12 75
13 63
14 68
15 70
16 71
17 74
18 54
19 51
20 52
21 69
22 56
23 73
24 67
25 71
26 86
27 66
28 56
29 58
30 62
31 60
32 52
33 67
34 61
35 68
36 72
37 71
38 63
39 64
40 71
41 79
42 62
43 51
44 62
45 76
46 70
47 64
48 69
49 67
50 85
51 66
52 71
53 58
54 74
55 58
56 61
57 54
58 56
59 59
60 66
61 70
62 68
63 51
64 66
65 72
66 50
67 70
68 59
69 71
70 63
71 58
72 57
73 73
74 64
75 61
76 58
77 65
78 67
79 70
80 64
81 62
82 66
83 65
84 52
85 58
86 68
87 66
88 70
89 64
90 60
91 47
92 53
93 74
94 66
95 64
96 61
97 61
98 60
99 56
100 62
101 58
102 65
103 59
104 53
105 61
106 61
107 70
108 71
109 71
110 66
111 74
112 68
113 73
114 61
115 54
116 75
117 62
118 68
119 55
120 65
121 67
122 63
123 66
124 69
125 71
126 63
127 81
128 52
129 64
130 54
131 57
132 65
133 62
134 50
135 69
136 68
137 67
138 69
139 66
140 70
141 59
142 74
143 76
144 56
145 60
146 78
147 68
148 51
149 59
150 68
151 66
152 63
153 63
154 64
155 70
156 79
157 60
158 64
159 52
160 69
161 58
162 67
163 69
164 69
165 85
166 53
167 64
168 64
169 64
170 66
171 64
172 60
173 63
174 56
175 58
176 59
177 67
178 72
179 73
180 60
181 63
182 60
183 57
184 74
185 80
186 61
187 72
188 72
189 64
190 57
191 57
192 63
193 52
194 65
195 56
196 63
197 65
198 70
199 51
200 57
201 67
202 61
203 59
204 80
205 60
206 66
207 73
208 76
209 61
210 61
211 65
212 66
213 56
214 55
215 58
216 66
217 58
218 67
219 58
220 56
221 83
222 67
223 61
224 66
225 65
226 64
227 80
228 63
229 64
230 65
231 69
232 69
233 70
234 64
235 70
236 56
237 79
238 65
239 67
240 78
241 51
242 71
243 71
244 72
245 67
246 70
247 64
248 59
249 63
250 48
251 75
252 73
253 64
254 63
255 57
256 69
257 58
258 76
259 58
260 58
261 74
262 55
263 79
264 66
265 64
266 66
267 76
268 71
269 68
270 63
271 56
272 72
273 65
274 66
275 68
276 70
277 66
278 61
279 65
280 69
281 57
282 71
283 61
284 66
285 49
286 74
287 51
288 78
289 66
290 68
291 74
292 74
293 66
294 71
295 50
296 58
297 67
298 57
299 67
300 65
301 57
302 68
303 61
304 67
305 67
306 80
307 57
308 77
309 64
310 74
311 62
312 55
313 57
314 61
315 72
316 56
317 63
318 54
319 51
320 73
321 63
322 61
323 79
324 56
325 66
326 70
327 57
328 55
329 71
330 68
331 69
332 60
333 55
334 58
335 59
336 64
337 59
338 63
339 56
340 76
341 61
342 69
343 50
344 69
345 55
346 69
347 61
348 57
349 62
350 58
351 61
352 71
353 63
354 54
355 58
356 69
357 69
358 58
359 69
360 62
361 65
362 53
363 69
364 57
365 69
366 61
367 72
368 52
369 58
370 64
371 59
372 68
373 72
374 71
375 83
376 61
377 55
378 61
379 55
380 62
381 66
382 76
383 73
384 77
385 47
386 74
387 61
388 56
389 66
390 77
391 59
392 65
393 62
394 59
395 64
396 75
397 59
398 69
399 77
400 53
401 60
402 56
403 50
404 75
405 57
406 65
407 61
408 61
409 66
410 72
411 77
412 64
413 48
414 69
415 70
416 49
417 65
418 58
419 72
420 71
421 62
422 52
423 67
424 55
425 71
426 50
427 71
428 72
429 65
430 77
431 66
432 81
433 49
434 66
435 61
436 70
437 60
438 41
439 65
440 80
441 49
442 77
443 78
444 60
445 72
446 70
447 66
448 52
449 66
450 54
451 72
452 69
453 58
454 75
455 86
456 73
457 65
458 67
459 71
460 62
461 67
462 63
463 76
464 72
465 47
466 55
467 58
468 60
469 50
470 71
471 74
472 60
473 66
474 60
475 65
476 63
477 62
478 66
479 70
480 46
481 60
482 76
483 62
484 72
485 42
486 61
487 65
488 62
489 52
490 59
491 55
492 64
493 60
494 53
495 69
496 59
497 61
498 62
499 63
500 64
501 67
502 70
503 63
504 58
505 73
506 63
507 68
508 58
509 75
510 70
511 66
512 64
513 71
514 57
515 77
516 63
517 66
518 44
519 55
520 76
521 59
522 80
523 65
524 80
525 56
526 58
527 62
528 55
529 61
530 57
531 55
532 65
533 72
534 64
535 72
536 57
537 58
538 56
539 71
540 69
541 63
542 75
543 70
544 53
545 71
546 64
547 52
548 70
549 55
550 74
551 68
552 55
553 55
554 58
555 74
556 63
557 57
558 70
559 74
560 77
561 67
562 64
563 66
564 59
565 66
566 71
567 76
568 70
569 50
570 52
571 67
572 84
573 65
574 55
575 52
576 68
577 58
578 61
579 59
580 59
581 60
582 69
583 68
584 62
585 63
586 78
587 44
588 69
589 68
590 53
591 47
592 57
593 69
594 66
595 70
596 61
597 58
598 63
599 66
600 60
601 79
602 77
603 72
604 77
605 63
606 67
607 54
608 60
609 58
610 75
611 51
612 46
613 70
614 81
615 65
616 62
617 67
618 66
619 67
620 76
621 68
622 81
623 64
624 52
625 53
626 59
627 61
628 65
629 74
630 61
631 52
632 66
633 65
634 63
635 58
636 65
637 67
638 46
639 64
640 73
641 70
642 68
643 72
644 58
645 51
646 64
647 44
648 67
649 57
650 66
651 51
652 74
653 77
654 65
655 61
656 59
657 67
658 70
659 67
660 73
661 53
662 77
663 70
664 71
665 52
666 65
667 62
668 71
669 73
670 70
671 72
672 57
673 70
674 71
675 51
676 75
677 65
678 74
679 65
680 70
681 59
682 70
683 66
684 58
685 75
686 72
687 63
688 65
689 68
690 64
691 71
692 71
693 57
694 67
695 75
696 58
697 72
698 53
699 60
700 57
701 65
702 51
703 54
704 61
705 71
706 48
707 64
708 55
709 70
710 60
711 63
712 53
713 74
714 70
715 64
716 55
717 68
718 64
719 68
720 62
721 68
722 56
723 68
724 65
725 58
726 67
727 66
728 55
729 56
730 68
731 63
732 68
733 71
734 65
735 63
736 66
737 64
738 67
739 70
740 71
741 61
742 51
743 59
744 66
745 75
746 63
747 56
748 75
749 61
750 54
751 68
752 66
753 70
754 58
755 48
756 74
757 64
758 65
759 62
760 61
761 63
762 61
763 67
764 65
765 72
766 61
767 54
768 86
769 69
770 76
771 59
772 65
773 64
774 64
775 69
776 64
777 55
778 81
779 64
780 67
781 60
782 61
783 68
784 55
785 57
786 54
787 71
788 78
789 54
790 55
791 85
792 67
793 60
794 59
795 59
796 72
797 69
798 61
799 55
800 63
801 64
802 69
803 60
804 54
805 64
806 71
807 53
808 80
809 68
810 55
811 59
812 65
813 56
814 58
815 65
816 59
817 71
818 55
819 60
820 57
821 79
822 70
823 62
824 71
825 56
826 61
827 58
828 59
829 72
830 56
831 57
832 63
833 50
834 53
835 65
836 71
837 62
838 66
839 61
840 61
841 57
842 59
843 64
844 57
845 60
846 63
847 56
848 71
849 65
850 63
851 68
852 62
853 68
854 68
855 58
856 64
857 57
858 54
859 59
860 58
861 54
862 71
863 50
864 79
865 67
866 73
867 54
868 63
869 60
870 61
871 67
872 82
873 70
874 58
875 68
876 53
877 54
878 52
879 73
880 75
881 75
882 51
883 70
884 59
885 60
886 56
887 71
888 64
889 61
890 53
891 66
892 65
893 56
894 50
895 74
896 72
897 49
898 74
899 66
900 61
901 77
902 71
903 52
904 60
905 61
906 63
907 67
908 58
909 80
910 67
911 59
912 62
913 57
914 63
915 59
916 51
917 60
918 75
919 66
920 63
921 67
922 62
923 68
924 59
925 49
926 53
927 73
