1 64
2 79
3 76
4 55
5 61
6 72
7 64
8 59
9 75
10 65
11 56
12 79
13 59
14 69
15 54
16 74
17 56
18 62
19 65
20 65
21 67
22 56
23 73
24 71
25 63
26 66
27 64
28 58
29 56
30 66
31 70
32 69
33 59
34 76
35 58
36 75
37 63
38 61
39 69
40 58
41 73
42 80
43 54
44 71
45 62
46 56
47 71
48 71
49 57
50 64
51 66
52 84
53 60
54 66
55 56
56 60
57 67
58 68
59 65
60 54
61 72
62 66
63 65
64 66
65 45
66 69
67 63
68 50
69 62
70 59
71 75
72 80
73 48
74 79
75 66
76 79
77 56
78 65
79 61
80 71
81 60
82 69
83 61
84 65
85 67
86 67
87 58
88 44
89 66
90 58
91 68
92 71
93 80
94 65
95 46
96 65
97 58
98 75
99 57
100 75
101 65
102 68
103 60
104 60
105 56
106 58
107 61
108 37
109 55
110 58
111 61
112 66
113 71
114 41
115 58
116 66
117 63
118 54
119 56
120 49
121 65
122 71
123 68
124 82
125 63
126 61
127 69
128 66
129 70
130 58
131 58
132 60
133 75
134 60
135 67
136 67
137 62
138 64
139 49
140 52
141 65
142 54
143 64
144 68
145 67
146 73
147 69
148 68
149 74
150 73
151 71
152 56
153 68
154 55
155 65
156 73
157 58
158 64
159 58
160 69
161 63
162 60
163 60
164 57
165 67
166 58
167 59
168 56
169 59
170 79
171 69
172 63
173 58
174 71
175 49
176 81
177 57
178 68
179 58
180 65
181 56
182 80
183 52
184 64
185 59
186 73
187 64
188 56
189 68
190 64
191 74
192 63
193 65
194 67
195 76
196 60
197 67
198 64
199 59
200 69
201 44
202 65
203 73
204 69
205 77
206 58
207 74
208 64
209 65
210 73
211 66
212 60
213 70
214 65
215 65
216 51
217 59
218 60
219 79
220 63
221 72
222 46
223 59
224 62
225 51
226 61
227 66
228 67
229 71
230 54
231 76
232 66
233 63
234 59
235 62
236 54
237 78
238 59
239 67
240 77
241 59
242 63
243 65
244 54
245 48
246 54
247 66
248 42
249 70
250 60
251 56
252 69
253 58
254 57
255 69
256 61
257 62
258 56
259 50
260 70
261 52
262 66
263 50
264 69
265 68
266 57
267 61
268 61
269 81
270 56
271 74
272 67
273 68
274 48
275 67
276 72
277 62
278 50
279 69
280 62
281 67
282 69
283 55
284 52
285 52
286 68
287 58
288 65
289 65
290 56
291 64
292 79
293 69
294 57
295 65
296 57
297 65
298 68
299 59
300 72
301 73
302 70
303 65
304 52
305 63
306 64
307 72
308 64
309 49
310 64
311 63
312 57
313 67
314 73
315 66
316 66
317 50
318 50
319 63
320 61
321 69
322 53
323 84
324 56
325 73
326 72
327 68
328 76
329 67
330 57
331 75
332 62
333 67
334 63
335 78
336 58
337 70
338 63
339 72
340 69
341 70
342 77
343 71
344 70
345 63
346 65
347 57
348 61
349 65
350 55
351 68
352 54
353 53
354 68
355 60
356 58
357 61
358 72
359 73
360 64
361 67
362 64
363 61
364 73
365 55
366 78
367 68
368 60
369 60
370 64
371 63
372 71
373 52
374 74
375 60
376 63
377 64
378 67
379 67
380 72
381 62
382 62
383 62
384 74
385 56
386 47
387 54
388 64
389 81
390 65
391 72
392 63
393 75
394 74
395 71
396 62
397 56
398 62
399 85
400 64
401 77
