6
6
16
22
26
48
61
62
69
71
79
80
86
87
96
104
105
133
139
143
144
145
148
156
158
160
166
171
178
191
198
209
220
229
245
249
253
255
257
271
289
289
292
298
302
312
325
335
343
365
385
388
396
414
421
431
436
446
447
449
453
454
463
466
488
511
518
524
537
538
540
548
554
560
566
587
606
609
619
624
625
627
634
638
642
642
645
646
663
676
697
703
706
708
719
743
746
760
768
774
788
803
812
833
836
836
842
850
860
876
876
894
932
936
936
941
948
963
963
967
975
981
984
995
996
1017
1021
1029
1038
1072
1077
1078
1093
1105
1111
1112
1117
1118
1119
1120
1137
1138
1152
1190
1236
1237
1239
1253
1257
1298
1313
1323
1338
1350
1353
1370
1370
1389
1390
1391
1402
1424
1428
1429
1457
1464
1482
1491
1508
1509
1517
1518
1520
1526
1532
1535
1538
1542
1552
1561
1569
1571
1578
1580
1588
1598
1602
1606
1612
1613
1617
1622
1624
1640
1657
1670
1671
1689
1691
1694
1714
1723
1730
1732
1743
1748
1749
1762
1771
1785
1787
1798
1805
1806
1808
1814
1829
1855
1857
1867
1901
1902
1922
1924
1934
1950
1952
1953
1958
1960
1972
1974
1986
1989
1989
1995
2006
2025
2040
2053
2053
2060
2077
2090
2092
2106
2110
2115
2137
2153
2168
2173
2175
2186
2246
2270
2288
2302
2314
2318
2321
2325
2340
2355
2363
2371
2383
2421
2426
2448
2462
2491
2491
2500
2515
2523
2524
2537
2546
2554
2567
2570
2574
2580
2595
2610
2610
2617
2628
2636
2644
2646
2658
2683
2683
2690
2694
2700
2701
2725
2733
2745
2809
2829
2832
2837
2840
2840
2874
2881
2883
2884
2885
2894
2905
2926
2946
2948
2973
2987
3012
3022
3031
3032
3040
3041
3047
3049
3056
3061
3093
3094
3110
3111
3121
3137
3150
3163
3166
3169
3171
3182
3185
3204
3211
3235
3261
3263
3269
3272
3276
3281
3287
3291
3299
3300
3305
3313
3314
3315
3319
3321
3335
3338
3352
3356
3360
3372
3378
3389
3395
3396
3416
3429
3444
3451
3453
3465
3471
3475
3479
3488
3489
3498
3511
3540
3565
3580
3585
3587
3601
3618
3627
3639
3640
3648
3656
3668
3675
3678
3686
3725
3754
3765
3768
3775
3777
3778
3790
3822
3850
3867
3907
3918
3947
3953
3954
3962
3975
3976
3978
3979
4002
4012
4017
4024
4043
4047
4052
4059
4067
4075
4094
4120
4121
4135
4147
4150
4151
4154
4198
4204
4205
4213
4219
4236
4254
4256
4257
4275
4291
4294
4295
4306
4310
4331
4348
4362
4370
4377
4378
4395
4403
4412
4433
4433
4436
4446
4449
4450
4474
4484
4485
4491
4493
4506
4535
4544
4601
4622
4631
4642
4642
4646
4646
4656
4667
4718
4731
4736
4749
4750
4799
4812
4826
4831
4832
4857
4890
4909
4913
4964
4967
4969
4975
4978
4983
4989
4993
5004
5023
5024
5027
5065
5071
5078
5079
5085
5103
5112
5116
5131
5162
5166
5195
5217
5225
5228
5241
5244
5263
5284
5310
5321
5323
5323
5328
5332
5346
5361
5362
5366
5367
5376
5386
5393
5396
5416
5424
5432
5433
5460
5464
5469
5471
5476
5487
5489
5496
5507
5522
5525
5535
5544
5561
5568
5568
5570
5572
5577
5581
5592
5600
5601
5608
5625
5626
5632
5656
5664
5672
5693
5694
5694
5704
5707
5723
5741
5742
5753
5775
5787
5795
5799
5823
5837
5838
5846
5852
5881
5895
5906
5909
5910
5913
5916
5924
5939
5943
5955
5966
5978
5986
5990
5991
5996
6013
6021
6023
6027
6039
6040
6041
6043
6061
6080
6140
6142
6146
6173
6187
6190
6195
6198
6237
6239
6245
6256
6267
6278
6281
6289
6313
6323
6339
6351
6356
6363
6364
6376
6389
6392
6393
6393
6458
6464
6483
6492
6512
6534
6550
6562
6564
6564
6564
6576
6602
6640
6657
6657
6672
6674
6696
6706
6707
6710
6714
6719
6745
6756
6757
6757
6759
6763
6767
6789
6807
6817
6833
6841
6870
6874
6891
6892
6900
6908
6922
6923
6933
6937
6944
6947
6948
6958
6966
6973
6998
7006
7062
7070
7080
7094
7116
7127
7127
7129
7130
7140
7143
7148
7184
7184
7194
7222
7228
7232
7232
7245
7253
7261
7265
7266
7267
7267
7276
7277
7277
7297
7324
7326
7334
7348
7362
7369
7370
7375
7382
7398
7400
7405
7405
7446
7470
7472
7475
7500
7522
7544
7549
7557
7575
7577
7600
7605
7607
7610
7615
7627
7628
7629
7635
7638
7642
7643
7644
7645
7653
7662
7668
7693
7696
7705
7711
7713
7713
7736
7752
7784
7789
7792
7798
7814
7816
7825
7827
7839
7842
7845
7846
7850
7853
7856
7860
7862
7864
7874
7882
7903
7912
7918
7918
7922
7927
7933
7940
7945
7972
7991
7993
7994
8012
8012
8016
8016
8017
8020
8021
8022
8026
8034
8043
8048
8056
8063
8109
8112
8116
8135
8135
8145
8155
8178
8190
8194
8207
8228
8252
8267
8290
8296
8303
8328
8332
8341
8343
8357
8375
8396
8402
8408
8413
8415
8415
8423
8426
8442
8448
8488
8499
8501
8511
8514
8527
8530
8537
8544
8575
8597
8605
8612
8612
8629
8629
8651
8655
8655
8670
8696
8707
8738
8751
8751
8759
8763
8769
8776
8795
8811
8815
8827
8828
8830
8835
8846
8871
8876
8884
8895
8906
8907
8908
8909
8916
8917
8919
8923
8946
8950
8961
8963
8970
8985
8998
9003
9005
9025
9031
9040
9066
9106
9128
9151
9160
9171
9175
9176
9176
9186
9195
9205
9213
9225
9225
9234
9246
9259
9277
9305
9306
9308
9312
9317
9335
9342
9376
9377
9380
9396
9398
9408
9422
9435
9455
9468
9489
9521
9543
9544
9546
9560
9590
9590
9593
9599
9602
9606
9618
9620
9629
9641
9654
9655
9668
9677
9678
9678
9681
9686
9733
9734
9736
9737
9742
9743
9751
9767
9774
9783
9790
9801
9807
9816
9834
9861
9871
9881
9892
9899
9915
9921
9941
9946
9978
9999
10000
10017
10018
10020
10048
10060
10091
10094
10102
10115
10134
10135
10145
10152
10156
10160
10175
10183
10186
10191
10197
10198
10206
10223
10229
10238
10261
10276
10282
10289
10301
10322
10337
10341
10343
10349
10350
10353
10365
10384
10395
10406
10417
10432
10448
10452
10476
10477
10484
10496
10538
10545
10585
10605
10606
10607
10614
10617
10626
10627
10628
10630
10661
10673
10698
10711
10716
10717
10719
10721
10724
10729
10736
10737
10741
10765
10797
10800
10824
10825
10837
10838
10841
10853
10853
10869
10880
10880
10883
10883
10895
10911
10941
10951
10958
10968
10973
10973
10998
10998
11002
11004
11004
11006
11019
11027
11031
11046
11048
11056
11073
11073
11073
11074
11076
11117
11118
11118
11122
11130
11135
11136
11146
11154
11154
11156
11163
11170
11172
11194
11195
11212
11226
11227
11243
11254
11255
11260
11287
11292
11296
11305
11342
11347
11359
11365
11374
11443
11451
11452
11460
11466
11471
11487
11494
11501
11503
11526
11528
11530
11535
11544
11546
11572
11594
11600
11638
11663
11671
11672
11677
11680
11683
11700
11724
11726
11729
11736
11761
11769
11770
11771
11781
11790
11804
11808
11811
11811
11811
11824
11829
11832
11836
11841
11846
11849
11849
11894
11895
11912
11921
11925
11934
11978
11986
12033
12048
12060
12062
12069
12089
12096
12096
12100
12103
12117
12117
12125
12163
12169
12196
12197
12222
12257
12257
12266
12299
12351
12368
12373
12391
12415
12420
12430
12434
12435
12461
12491
12498
12498
12499
12500
12501
12503
12533
12545
12545
12554
12556
12573
12583
12591
12600
12605
12606
12632
12633
12644
12648
12661
12669
12689
12728
12749
12757
12762
12764
12764
12772
12779
12785
12787
12798
12807
12808
12814
12818
12820
12840
12849
12868
12871
12872
12879
12881
12900
12901
12903
12926
12932
12938
12992
13022
13023
13026
13028
13041
13052
13053
13059
13062
13071
13073
13079
13084
13091
13092
13109
13112
13118
13125
13134
13150
13153
13160
13172
13173
13175
13180
13210
13223
13226
13241
13248
13260
13261
13264
13280
13280
13291
13320
13328
13349
13355
13358
13383
13385
13386
13387
13407
13417
13423
13425
13453
13467
13477
13497
13525
13526
13535
13536
13541
13544
13549
13562
13573
13577
13579
13581
13582
13586
13604
13606
13614
13623
13634
13652
13658
13703
13714
13731
13736
13748
13761
13824
13826
13859
13860
13861
13865
13866
13877
13886
13888
13899
13941
13957
13964
13965
13971
13975
13986
13989
13990
13995
14003
14003
14017
14028
14032
14054
14074
14083
14090
14101
14113
14127
14129
14138
14143
14191
14197
14200
14221
14221
14231
14233
14249
14253
14266
14272
14272
14273
14274
14291
14297
14317
14320
14323
14329
14339
14346
14354
14360
14372
14378
14388
14394
14406
14419
14429
14435
14436
14444
14457
14457
14459
14474
14484
14494
14503
14509
14513
14535
14549
14556
14562
14564
14566
14566
14566
14569
14591
14598
14604
14608
14611
14626
14640
14641
14661
14666
14687
14706
14717
14740
14751
14752
14769
14771
14771
14786
14788
14796
14802
14809
14810
14824
14837
14856
14865
14874
14877
14889
14890
14902
14914
14925
14926
14936
14946
14952
14965
14980
14985
14990
14996
15014
15021
15073
15085
15086
15086
15090
15098
15112
15114
15124
15133
15136
15177
15180
15184
15206
15210
15228
15244
15260
15261
15263
15267
15270
15285
15298
15303
15307
15313
15322
15326
15330
15333
15339
15356
15364
15368
15372
15376
15377
15381
15385
15402
15403
15413
15446
15447
15453
15453
15458
15461
15480
15490
15520
15536
15540
15547
15549
15564
15566
15575
15588
15592
15602
15602
15614
15616
15623
15628
15643
15653
15654
15660
15674
15693
15704
15706
15710
15730
15738
15747
15751
15758
15764
15770
15775
15781
15800
15813
15830
15844
15860
15861
15863
15878
15887
15887
15892
15896
15931
15954
15955
15979
15983
15986
16022
16044
16051
16058
16066
16072
16080
16097
16098
16107
16116
16138
16150
16161
16163
16206
16208
16211
16223
16229
16242
16261
16274
16277
16298
16306
16308
16314
16321
16332
16332
16337
16352
16358
16371
16372
16376
16389
16391
16398
16421
16423
16424
16429
16438
16442
16459
16466
16475
16480
16485
16510
16521
16522
16529
16544
16548
16550
16555
16568
16579
16582
16586
16600
16625
16637
16650
16668
16673
16682
16708
16709
16715
16719
16743
16765
16774
16775
16780
16785
16808
16811
16818
16820
16824
16830
16841
16844
16848
16848
16852
16856
16859
16863
16881
16884
16894
16897
16934
16935
16941
16956
16956
16965
16991
16993
17015
17021
17031
17047
17052
17070
17070
17074
17078
17090
17096
17104
17110
17110
17113
17121
17127
17128
17132
17145
17154
17176
17198
17207
17214
17223
17235
17247
17251
17260
17281
17288
17298
17307
17323
17327
17332
17339
17345
17355
17371
17380
17397
17410
17412
17421
17423
17463
17470
17484
17488
17490
17520
17525
17527
17528
17531
17552
17557
17561
17567
17576
17608
17617
17617
17629
17632
17636
17655
17659
17671
17673
17689
17690
17708
17709
17712
17713
17746
17776
17798
17817
17824
17830
17844
17848
17848
17860
17886
17911
17920
17920
17936
17942
17946
17960
18011
18032
18034
18038
18059
18063
18069
18083
18084
18084
18094
18111
18112
18114
18115
18117
18150
18156
18160
18177
18186
18208
18238
18243
18252
18276
18279
18288
18308
18326
18342
18366
18378
18385
18398
18403
18418
18426
18444
18460
18463
18466
18474
18492
18514
18524
18539
18548
18552
18571
18573
18602
18602
18612
18614
18619
18650
18670
18672
18688
18689
18696
18699
18704
18712
18731
18739
18764
18787
18788
18798
18810
18810
18839
18856
18857
18858
18875
18875
18881
18883
18894
18904
18907
18907
18931
18961
18965
18997
19011
19016
19020
19067
19068
19078
19091
19110
19118
19123
19140
19142
19148
19159
19160
19167
19167
19170
19172
19176
19178
19180
19183
19208
19216
19220
19221
19236
19285
19285
19293
19295
19307
19307
19320
19328
19347
19367
19376
19386
19409
19415
19421
19448
19453
19462
19468
19477
19481
19487
19496
19517
19518
19527
19572
19580
19580
19582
19583
19583
19588
19588
19600
19604
19606
19628
19635
19638
19647
19649
19664
19673
19683
19702
19718
19727
19732
19732
19735
19743
19758
19758
19775
19779
19787
19787
19803
19852
19862
19874
19884
19902
19916
19926
19931
19932
19951
19958
19958
19962
19977
19997
20016
20031
20035
20044
20061
20067
20079
20081
20123
20126
20128
20132
20137
20149
20150
20154
20160
20167
20171
20190
20190
20198
20205
20221
20230
20249
20249
20264
20304
20317
20321
20345
20362
20384
20384
20398
20400
20408
20416
20437
20441
20462
20466
20468
20485
20487
20505
20524
20538
20541
20546
20550
20551
20564
20565
20572
20579
20584
20585
20586
20593
20594
20601
20603
20605
20629
20632
20645
20658
20665
20665
20669
20674
20678
20681
20682
20684
20692
20694
20713
20714
20728
20731
20737
20739
20759
20761
20769
20785
20792
20801
20805
20822
20865
20882
20883
20888
20888
20889
20920
20936
20942
20942
20944
20951
20953
20958
20959
20985
20987
21003
21011
21042
21049
21058
21067
21079
21080
21084
21095
21100
21105
21106
21107
21108
21110
21112
21116
21120
21124
21128
21141
21149
21150
21152
21155
21155
21160
21161
21163
21163
21164
21166
21174
21178
21184
21188
21191
21198
21208
21212
21242
21247
21262
21268
21276
21281
21284
21286
21288
21303
21314
21324
21325
21330
21341
21353
21358
21362
21365
21368
21381
21385
21387
21390
21396
21416
21417
21438
21438
21446
21448
21452
21458
21520
21523
21528
21543
21556
21594
21606
21622
21624
21624
21625
21636
21637
21640
21680
21686
21691
21706
21714
21724
21726
21732
21741
21746
21749
21765
21767
21790
21815
21837
21838
21843
21849
21860
21867
21915
21946
21966
21971
22007
22007
22014
22035
22037
22064
22074
22090
22127
22149
22160
22161
22164
22181
22189
22195
22200
22225
22234
22255
22256
22262
22291
22298
22307
22329
22346
22357
22362
22365
22366
22366
22368
22368
22380
22386
22400
22400
22408
22426
22426
22438
22479
22495
22520
22521
22530
22541
22556
22557
22558
22564
22569
22593
22599
22613
22619
22650
22658
22684
22684
22697
22700
22709
22710
22710
22715
22726
22751
22762
22765
22775
22780
22787
22787
22795
22796
22829
22832
22836
22844
22850
22866
22869
22887
22911
22927
22947
22948
22950
22962
22965
22976
22984
22989
23015
23045
23050
23058
23065
23086
23099
23143
23156
23171
23172
23175
23180
23182
23188
23188
23189
23218
23219
23220
23226
23237
23257
23276
23294
23294
23298
23298
23299
23302
23326
23326
23340
23361
23365
23370
23373
23376
23397
23399
23421
23424
23425
23428
23431
23434
23445
23452
23462
23464
23478
23481
23496
23522
23523
23528
23540
23540
23542
23546
23553
23576
23576
23586
23600
23603
23651
23680
23702
23707
23708
23712
23714
23738
23752
23796
23803
23814
23827
23829
23876
23882
23885
23886
23913
23917
23919
23935
23949
23954
23957
23969
23998
24002
24002
24028
24047
24049
24049
24060
24062
24072
24075
24077
24081
24098
24115
24131
24151
24151
24176
24207
24211
24223
24247
24258
24262
24270
24271
24277
24296
24296
24309
24320
24335
24361
24366
24376
24397
24398
24401
24411
24413
24426
24428
24429
24452
24457
24506
24518
24521
24538
24540
24551
24561
24569
24577
24586
24588
24602
24607
24610
24611
24615
24619
24646
24669
24670
24672
24677
24680
24689
24699
24708
24715
24718
24735
24743
24744
24746
24749
24769
24770
24794
24809
24829
24831
24841
24844
24849
24863
24867
24867
24879
24899
24899
24913
24919
24933
24935
24938
24961
24963
24965
24985
24986
24990
25034
25042
25047
25064
25068
25074
25081
25085
25086
25090
25098
25116
25118
25118
25124
25126
25148
25153
25162
25168
25170
25171
25171
25172
25188
25200
25208
25270
25282
25293
25307
25308
25309
25309
25321
25327
25339
25340
25362
25373
25404
25404
25421
25458
25462
25471
25472
25478
25486
25491
25517
25517
25540
25540
25546
25562
25580
25592
25621
25629
25639
25641
25644
25658
25664
25671
25678
25679
25682
25688
25704
25722
25726
25729
25732
25740
25751
25755
25761
25777
25798
25802
25820
25832
25855
25861
25862
25868
25877
25906
25925
25929
25934
25966
25985
25988
25989
25997
26013
26018
26036
26051
26055
26062
26066
26083
26092
26092
26100
26104
26119
26123
26131
26141
26148
26152
26154
26171
26179
26214
26216
26229
26241
26243
26255
26264
26268
26273
26304
26308
26317
26328
26332
26362
26365
26366
26401
26411
26415
26420
26441
26490
26496
26504
26511
26519
26549
26552
26562
26563
26575
26581
26587
26587
26600
26603
26604
26607
26628
26631
26647
26651
26666
26670
26680
26685
26722
26722
26724
26732
26737
26740
26743
26754
26765
26767
26790
26791
26805
26827
26834
26835
26840
26857
26872
26873
26882
26925
26930
26948
26950
26950
26966
26967
26968
26969
26999
27019
27030
27039
27042
27046
27059
27061
27074
27094
27107
27111
27130
27149
27153
27162
27176
27188
27204
27220
27221
27235
27239
27253
27275
27280
27294
27309
27309
27312
27314
27316
27333
27340
27345
27354
27360
27367
27378
27390
27395
27428
27437
27441
27471
27474
27474
27487
27492
27492
27493
27495
27495
27498
27501
27521
27522
27537
27540
27563
27564
27564
27581
27596
27604
27606
27615
27620
27625
27625
27628
27639
27641
27660
27661
27669
27670
27685
27699
27718
27739
27741
27766
27784
27799
27805
27816
27824
27845
27850
27855
27863
27865
27880
27887
27887
27891
27910
27940
27971
27973
27984
27986
27999
28000
28012
28014
28035
28042
28047
28050
28060
28069
28080
28085
28090
28104
28125
28127
28136
28143
28153
28155
28178
28183
28185
28188
28199
28200
28215
28232
28240
28241
28256
28269
28269
28271
28313
28319
28344
28353
28357
28366
28373
28381
28386
28396
28412
28415
28434
28453
28459
28462
28471
28474
28487
28494
28498
28505
28512
28520
28523
28531
28551
28558
28569
28572
28573
28580
28583
28610
28623
28638
28648
28671
28697
28713
28732
28734
28745
28754
28761
28764
28778
28801
28804
28805
28814
28838
28841
28848
28852
28864
28869
28874
28880
28919
28927
28932
28948
28948
28952
28956
28957
28962
28972
28990
28992
29006
29052
29060
29060
29067
29100
29101
29106
29114
29119
29131
29133
29137
29141
29162
29167
29170
29181
29181
29183
29185
29187
29214
29227
29237
29248
29250
29262
29284
29304
29320
29320
29322
29323
29323
29342
29346
29348
29357
29369
29370
29383
29413
29414
29436
29447
29474
29475
29487
29517
29532
29548
29560
29576
29577
29599
29603
29613
29615
29615
29616
29642
29652
29669
29674
29678
29680
29689
29695
29725
29726
29750
29778
29779
29779
29785
29803
29806
29814
29822
29827
29878
29924
29936
29948
29949
29951
29960
29977
29978
29981
29984
29994
30006
30017
30021
30047
30049
30057
30058
30073
30081
30081
30093
30112
30117
30154
30163
30167
30168
30174
30177
30188
30190
30200
30225
30226
30229
30236
30249
30259
30259
30286
30287
30336
30337
30348
30357
30358
30360
30384
30413
30432
30436
30472
30477
30483
30484
30500
30505
30506
30527
30553
30553
30562
30564
30573
30577
30596
30610
30612
30618
30633
30646
30666
30740
30768
30797
30804
30807
30807
30811
30814
30834
30856
30859
30869
30874
30874
30899
30907
30924
30940
30942
30943
30949
30949
30964
30968
30980
30983
30988
30991
30992
30996
31000
31018
31029
31029
31046
31051
31055
31059
31067
31071
31077
31109
31112
31118
31125
31131
31135
31151
31156
31157
31171
31171
31200
31202
31204
31206
31208
31217
31227
31232
31234
31235
31257
31260
31267
31274
31283
31288
31293
31297
31313
31315
31319
31323
31326
31328
31337
31345
31349
31351
31352
31355
31368
31370
31382
31394
31406
31410
31410
31414
31421
31449
31458
31467
31473
31473
31476
31476
31476
31495
31497
31504
31546
31554
31564
31579
31588
31589
31589
31590
31607
31612
31635
31638
31647
31661
31663
31666
31695
31695
31703
31710
31719
31732
31760
31778
31781
31802
31804
31836
31838
31840
31850
31884
31899
31905
31919
31922
31923
31926
31947
31959
31966
31992
31992
32016
32022
32043
32049
32076
32096
32115
32124
32129
32132
32139
32157
32172
32188
32201
32205
32209
32210
32214
32216
32233
32251
32256
32269
32287
32291
32291
32304
32318
32318
32342
32350
32352
32357
32363
32366
32401
32403
32417
32420
32423
32434
32434
32437
32439
32465
32486
32492
32514
32519
32521
32559
32581
32591
32594
32598
32600
32611
32616
32634
32640
32642
32644
32661
32661
32666
32677
32688
32689
32709
32715
32729
32783
32788
32834
32848
32852
32857
32870
32887
32890
32906
32912
32948
32961
32983
32991
32995
33011
33015
33017
33021
33023
33029
33039
33041
33043
33044
33089
33094
33096
33097
33099
33102
33108
33109
33111
33111
33116
33119
33131
33135
33161
33164
33178
33210
33212
33227
33232
33234
33250
33257
33265
33271
33271
33281
33293
33298
33313
33348
33350
33355
33360
33363
33367
33367
33370
33375
33380
33383
33422
33425
33430
33430
33453
33453
33464
33470
33476
33488
33489
33494
33541
33573
33573
33647
33652
33687
33694
33695
33696
33704
33705
33717
33726
33741
33755
33767
33777
33783
33786
33808
33817
33821
33832
33844
33845
33892
33895
33906
33913
33950
33951
33962
33963
33965
33979
33980
33991
33998
33999
34005
34007
34016
34043
34046
34069
34074
34079
34079
34080
34080
34095
34105
34110
34117
34128
34142
34143
34147
34161
34167
34178
34179
34182
34188
34224
34250
34270
34278
34292
34309
34309
34322
34325
34333
34336
34347
34383
34384
34385
34393
34395
34405
34410
34415
34417
34420
34448
34463
34475
34511
34543
34553
34570
34589
34619
34643
34644
34648
34672
34674
34678
34679
34679
34682
34710
34710
34715
34726
34740
34741
34763
34770
34773
34792
34796
34797
34810
34811
34821
34827
34841
34845
34859
34870
34876
34878
34890
34910
34917
34917
34930
34939
34941
34953
34958
34977
34982
34987
34991
35024
35040
35044
35055
35060
35065
35072
35085
35102
35104
35111
35124
35134
35136
35145
35146
35151
35193
35199
35202
35207
35216
35223
35236
35252
35279
35279
35282
35290
35337
35341
35353
35354
35362
35376
35401
35403
35407
35407
35442
35447
35450
35461
35472
35476
35480
35512
35514
35515
35528
35580
35581
35596
35603
35605
35615
35634
35641
35654
35657
35675
35681
35693
35714
35721
35724
35726
35732
35744
35748
35753
35773
35781
35788
35790
35792
35797
35810
35811
35824
35848
35895
35895
35909
35928
35930
35949
35981
35993
35998
36002
36007
36029
36030
36037
36037
36038
36039
36042
36042
36050
36074
36092
36108
36113
36128
36131
36139
36144
36157
36183
36209
36214
36222
36225
36229
36239
36254
36261
36266
36276
36279
36283
36284
36295
36305
36316
36323
36341
36341
36350
36366
36375
36376
36449
36452
36462
36463
36474
36485
36495
36507
36517
36521
36535
36542
36554
36566
36566
36568
36577
36580
36584
36614
36618
36624
36631
36637
36648
36655
36666
36674
36675
36675
36676
36684
36706
36721
36726
36733
36735
36738
36739
36746
36770
36770
36786
36811
36816
36833
36836
36857
36858
36875
36891
36923
36935
36940
36944
36948
36951
36956
36964
36978
36983
36983
36993
37016
37020
37027
37030
37046
37050
37078
37079
37107
37114
37119
37129
37142
37166
37174
37180
37193
37193
37211
37253
37257
37258
37259
37263
37273
37274
37313
37320
37338
37343
37347
37371
37399
37424
37424
37431
37432
37445
37449
37489
37491
37498
37509
37512
37515
37584
37591
37598
37614
37617
37622
37632
37644
37649
37649
37650
37673
37678
37683
37726
37732
37734
37744
37758
37759
37772
37775
37791
37799
37799
37804
37805
37806
37809
37812
37856
37877
37888
37888
37899
37899
37901
37939
37951
37958
37963
37963
37995
37997
38001
38003
38005
38024
38028
38041
38043
38050
38066
38068
38070
38070
38070
38074
38085
38088
38088
38089
38096
38098
38131
38141
38144
38152
38157
38168
38181
38189
38191
38201
38209
38217
38219
38245
38261
38272
38275
38305
38315
38325
38331
38338
38357
38359
38364
38390
38391
38398
38406
38411
38455
38469
38489
38497
38499
38502
38504
38511
38512
38513
38524
38551
38568
38574
38589
38603
38632
38634
38645
38650
38671
38680
38680
38688
38699
38704
38745
38756
38779
38784
38785
38798
38809
38817
38831
38832
38848
38850
38859
38875
38881
38899
38919
38920
38930
38943
38976
38989
39068
39069
39069
39080
39093
39103
39107
39128
39130
39138
39156
39159
39165
39166
39171
39172
39180
39183
39183
39187
39207
39215
39231
39241
39246
39278
39284
39286
39292
39297
39310
39317
39323
39333
39335
39352
39358
39385
39399
39402
39403
39420
39428
39455
39460
39477
39477
39506
39519
39531
39532
39557
39562
39569
39573
39582
39589
39610
39617
39628
39643
39652
39659
39740
39744
39747
39748
39781
39784
39788
39789
39790
39797
39808
39810
39813
39820
39834
39837
39837
39838
39849
39855
39859
39863
39866
39868
39888
39906
39924
39934
39945
39949
39956
39966
39968
39991
39995
40006
40020
40026
40026
40032
40041
40042
40043
40052
40075
40105
40119
40123
40134
40142
40144
40146
40158
40161
40188
40206
40219
40230
40237
40239
40246
40247
40275
40293
40296
40314
40317
40332
40333
40357
40371
40374
40375
40415
40426
40426
40432
40435
40448
40461
40462
40464
40474
40513
40524
40526
40549
40563
40569
40574
40582
40589
40592
40605
40621
40632
40635
40644
40651
40653
40668
40673
40679
40690
40705
40707
40707
40714
40718
40726
40730
40738
40757
40764
40765
40811
40818
40829
40844
40859
40862
40876
40895
40914
40937
40945
40958
40962
40964
40970
40971
40974
40977
40983
40986
41011
41018
41022
41023
41024
41025
41030
41036
41047
41052
41061
41063
41071
41084
41091
41105
41108
41116
41127
41132
41134
41135
41138
41150
41155
41167
41177
41178
41192
41192
41200
41208
41210
41216
41220
41224
41228
41230
41230
41245
41247
41259
41260
41287
41287
41294
41300
41328
41369
41370
41390
41410
41418
41422
41428
41457
41463
41474
41484
41491
41492
41498
41500
41503
41508
41510
41511
41515
41516
41528
41532
41535
41542
41555
41560
41572
41606
41608
41618
41624
41643
41649
41650
41669
41676
41681
41685
41693
41759
41775
41788
41789
41797
41806
41811
41816
41817
41851
41854
41854
41863
41877
41884
41885
41885
41911
41924
41932
41955
41956
41965
41987
41989
41994
41998
42012
42016
42027
42034
42039
42040
42040
42057
42063
42075
42083
42097
42111
42123
42125
42135
42143
42143
42184
42194
42206
42217
42221
42227
42230
42235
42252
42252
42253
42253
42257
42270
42275
42283
42290
42294
42296
42301
42307
42311
42311
42315
42326
42332
42340
42366
42373
42381
42397
42409
42419
42421
42431
42435
42437
42444
42456
42468
42474
42507
42514
42515
42531
42535
42537
42546
42558
42561
42575
42586
42588
42593
42596
42597
42601
42619
42624
42642
42671
42676
42677
42687
42694
42700
42703
42709
42710
42711
42735
42742
42746
42765
42777
42795
42805
42807
42808
42816
42842
42852
42886
42887
42889
42901
42927
42932
42950
42989
43002
43006
43012
43014
43033
43033
43080
43100
43102
43127
43128
43130
43132
43138
43140
43141
43157
43160
43160
43191
43226
43229
43232
43232
43239
43244
43249
43250
43262
43263
43270
43274
43278
43325
43332
43348
43355
43356
43373
43401
43420
43424
43430
43453
43453
43464
43473
43481
43490
43495
43499
43508
43527
43538
43543
43553
43559
43569
43580
43599
43601
43608
43617
43626
43627
43628
43632
43638
43639
43643
43694
43704
43709
43717
43721
43723
43725
43730
43743
43747
43747
43755
43759
43780
43792
43799
43806
43807
43808
43815
43841
43855
43870
43883
43900
43903
43913
43923
43926
43933
43955
43971
43975
43988
43996
44018
44039
44042
44054
44054
44057
44068
44083
44084
44089
44104
44125
44135
44147
44156
44161
44180
44185
44189
44202
44216
44237
44251
44252
44256
44261
44280
44296
44304
44354
44375
44378
44391
44396
44406
44412
44414
44419
44429
44430
44448
44448
44484
44498
44504
44509
44511
44512
44523
44532
44540
44540
44557
44565
44581
44594
44614
44617
44621
44622
44629
44633
44639
44645
44651
44656
44679
44688
44691
44697
44699
44705
44707
44716
44727
44739
44742
44752
44765
44776
44804
44816
44817
44835
44846
44848
44854
44854
44863
44865
44865
44866
44887
44891
44902
44909
44915
44920
44939
44944
44972
44991
45001
45022
45061
45093
45102
45110
45112
45112
45115
45115
45128
45142
45165
45176
45189
45190
45205
45213
45237
45243
45252
45254
45259
45263
45272
45285
45286
45289
45299
45302
45320
45329
45337
45367
45376
45381
45394
45395
45395
45396
45407
45407
45440
45441
45462
45467
45473
45482
45495
45511
45532
45547
45553
45562
45562
45566
45566
45581
45595
45596
45619
45627
45644
45661
45718
45722
45722
45737
45763
45769
45771
45779
45787
45797
45808
45822
45843
45857
45858
45880
45882
45885
45891
45913
45917
45917
45924
45931
45939
45959
45961
45970
45973
45974
45996
46005
46008
46023
46037
46053
46066
46070
46085
46093
46095
46100
46107
46124
46128
46132
46178
46178
46182
46194
46209
46220
46221
46230
46237
46240
46252
46263
46265
46283
46301
46306
46307
46311
46318
46325
46331
46352
46367
46377
46378
46381
46383
46390
46391
46393
46411
46419
46446
46456
46456
46473
46500
46507
46512
46517
46522
46527
46555
46590
46593
46619
46625
46628
46674
46676
46690
46700
46701
46714
46718
46721
46724
46725
46728
46736
46740
46743
46747
46759
46769
46771
46778
46780
46799
46805
46806
46808
46819
46845
46860
46864
46867
46896
46909
46939
46953
46966
46980
46990
46992
46993
47010
47022
47043
47048
47049
47050
47081
47106
47115
47146
47149
47155
47160
47162
47163
47167
47173
47178
47181
47211
47211
47227
47245
47255
47267
47272
47274
47287
47292
47307
47307
47323
47358
47360
47362
47372
47388
47410
47414
47416
47419
47422
47424
47432
47435
47436
47439
47439
47442
47443
47444
47453
47464
47496
47498
47498
47500
47502
47504
47506
47512
47523
47554
47574
47578
47582
47597
47598
47600
47620
47626
47649
47652
47656
47667
47671
47681
47686
47688
47693
47702
47710
47726
47728
47732
47742
47756
47759
47760
47773
47791
47804
47808
47828
47835
47843
47850
47853
47860
47860
47881
47893
47893
47894
47895
47911
47922
47923
47942
47956
47959
47962
47990
48000
48004
48013
48037
48080
48130
48167
48177
48200
48207
48212
48214
48219
48226
48228
48249
48258
48264
48271
48273
48276
48278
48282
48291
48294
48299
48304
48308
48312
48325
48328
48330
48336
48344
48348
48350
48350
48357
48363
48365
48367
48382
48406
48416
48424
48431
48462
48470
48473
48493
48527
48564
48572
48574
48577
48582
48593
48602
48602
48616
48619
48623
48627
48628
48634
48635
48638
48639
48657
48661
48667
48676
48678
48681
48704
48707
48715
48721
48723
48746
48747
48758
48765
48772
48811
48824
48829
48833
48834
48837
48841
48850
48862
48868
48882
48907
48915
48915
48938
48939
48947
48953
48964
48974
48975
48983
48984
49010
49014
49018
49025
49046
49076
49078
49087
49090
49099
49100
49109
49116
49127
49128
49138
49148
49173
49180
49205
49205
49221
49239
49242
49242
49243
49258
49266
49269
49279
49288
49288
49294
49301
49325
49329
49340
49354
49360
49366
49369
49385
49405
49408
49420
49440
49454
49463
49479
49480
49485
49489
49490
49513
49518
49528
49536
49539
49566
49586
49587
49587
49599
49613
49626
49638
49647
49664
49671
49694
49700
49708
49732
49732
49734
49738
49741
49742
49763
49770
49774
49777
49784
49785
49786
49813
49820
49821
49836
49839
49845
49848
49868
49886
49888
49888
49891
49899
49904
49905
49908
49909
49919
49932
49948
49958
49959
49962
49995
50000
50003
50015
50015
50044
50070
50078
50109
50113
50120
50126
50134
50135
50141
50164
50174
50175
50177
50191
50200
50203
50226
50227
50227
50229
50245
50252
50272
50298
50300
50309
50320
50325
50356
50384
50384
50385
50393
50400
50424
50433
50442
50466
50469
50479
50482
50483
50491
50496
50500
50502
50506
50522
50531
50543
50547
50551
50570
50573
50582
50582
50604
50618
50627
50644
50656
50669
50687
50690
50690
50699
50708
50763
50767
50779
50779
50783
50790
50803
50815
50816
50825
50839
50855
50855
50861
50862
50884
50888
50936
50942
50947
50966
50976
50978
50992
50995
51000
51000
51004
51009
51013
51023
51039
51042
51043
51048
51060
51062
51072
51077
51093
51100
51101
51135
51158
51175
51184
51198
51222
51230
51246
51253
51259
51274
51285
51305
51315
51319
51343
51361
51366
51385
51387
51388
51389
51394
51397
51402
51421
51423
51428
51441
51447
51454
51455
51457
51460
51472
51496
51507
51510
51516
51518
51519
51521
51524
51524
51533
51552
51563
51572
51580
51593
51593
51598
51607
51608
51614
51625
51628
51652
51653
51665
51692
51718
51718
51720
51721
51732
51737
51746
51747
51749
51749
51770
51774
51799
51815
51816
51820
51845
51854
51860
51867
51868
51889
51893
51899
51899
51902
51917
51932
51982
51995
52012
52025
52028
52038
52044
52062
52065
52069
52097
52097
52098
52101
52105
52106
52113
52119
52124
52140
52149
52149
52153
52156
52163
52173
52177
52191
52213
52221
52232
52236
52243
52244
52245
52251
52255
52265
52269
52288
52303
52303
52306
52309
52313
52334
52343
52354
52357
52358
52373
52395
52408
52420
52420
52434
52439
52463
52474
52490
52493
52495
52534
52541
52559
52559
52570
52585
52586
52589
52618
52622
52650
52654
52657
52660
52663
52672
52679
52683
52691
52711
52717
52728
52729
52731
52735
52736
52737
52761
52767
52771
52775
52785
52801
52819
52828
52844
52846
52850
52872
52908
52917
52930
52932
52938
52938
52944
52945
52951
52974
52980
52997
53003
53022
53031
53051
53092
53100
53103
53106
53116
53145
53153
53158
53169
53170
53175
53193
53194
53202
53203
53205
53206
53210
53213
53239
53263
53265
53275
53281
53282
53289
53298
53299
53317
53330
53367
53373
53385
53395
53423
53432
53438
53465
53470
53479
53498
53524
53528
53568
53575
53587
53596
53614
53615
53616
53623
53624
53672
53676
53704
53711
53711
53737
53772
53811
53815
53838
53850
53857
53860
53881
53888
53888
53888
53902
53909
53929
53931
53938
53947
53949
53949
53950
53956
53956
53968
53976
53994
53994
53998
54008
54013
54020
54030
54031
54033
54038
54045
54047
54054
54066
54076
54077
54101
54110
54127
54130
54159
54163
54194
54199
54201
54208
54208
54209
54232
54232
54234
54235
54244
54251
54257
54259
54262
54264
54264
54289
54294
54321
54337
54355
54363
54379
54393
54397
54407
54415
54418
54431
54432
54434
54439
54440
54450
54457
54461
54477
54481
54502
54505
54524
54525
54526
54532
54543
54554
54556
54583
54584
54591
54597
54602
54605
54613
54627
54633
54678
54688
54695
54703
54741
54743
54744
54746
54748
54750
54751
54754
54776
54795
54800
54824
54834
54841
54848
54864
54880
54887
54889
54896
54903
54903
54904
54907
54918
54920
54926
54952
54960
54962
54964
54966
54980
54983
54990
54994
55020
55043
55052
55098
55132
55133
55147
55182
55182
55190
55197
55203
55233
55233
55236
55237
55246
55259
55266
55293
55306
55312
55347
55354
55360
55364
55365
55369
55375
55391
55396
55411
55418
55419
55422
55446
55458
55459
55498
55511
55521
55523
55524
55525
55535
55561
55563
55564
55565
55565
55572
55575
55583
55583
55587
55591
55596
55604
55612
55630
55630
55643
55651
55655
55659
55666
55671
55679
55684
55693
55701
55705
55712
55725
55732
55737
55743
55745
55771
55778
55785
55789
55794
55798
55808
55852
55880
55882
55903
55913
55939
55944
55947
55948
55949
55983
55983
55995
56002
56020
56029
56032
56035
56053
56060
56074
56077
56090
56110
56117
56150
56150
56151
56171
56179
56179
56182
56183
56183
56188
56194
56195
56202
56203
56210
56232
56240
56241
56252
56263
56277
56289
56298
56300
56318
56340
56344
56345
56347
56358
56369
56372
56384
56385
56386
56399
56410
56417
56419
56470
56480
56481
56488
56520
56528
56536
56541
56543
56546
56568
56569
56585
56585
56592
56604
56604
56632
56643
56652
56658
56658
56660
56663
56672
56699
56713
56716
56718
56725
56728
56754
56757
56781
56802
56806
56810
56825
56829
56848
56855
56859
56865
56886
56915
56929
56931
56944
56944
56947
56948
56958
56967
56971
56974
56977
57002
57020
57020
57051
57064
57065
57070
57076
57078
57084
57089
57093
57094
57103
57109
57118
57127
57140
57212
57213
57214
57220
57224
57226
57230
57232
57240
57242
57253
57257
57263
57267
57290
57310
57318
57321
57327
57348
57369
57377
57392
57393
57396
57410
57425
57428
57431
57435
57443
57450
57462
57489
57492
57500
57512
57518
57527
57538
57539
57539
57542
57566
57581
57591
57598
57600
57629
57643
57648
57658
57671
57675
57691
57699
57706
57729
57733
57735
57741
57751
57771
57772
57775
57780
57781
57783
57786
57795
57796
57802
57805
57808
57809
57812
57813
57819
57832
57844
57844
57849
57867
57871
57874
57883
57901
57902
57903
57904
57906
57914
57918
57919
57937
57938
57943
57964
57973
57977
57980
57997
58005
58006
58038
58046
58064
58067
58069
58082
58086
58088
58120
58130
58160
58169
58169
58181
58185
58200
58200
58214
58219
58255
58262
58308
58311
58317
58345
58346
58371
58374
58380
58408
58412
58412
58426
58435
58439
58443
58455
58471
58481
58482
58512
58523
58524
58524
58525
58531
58531
58543
58552
58553
58564
58576
58582
58599
58607
58613
58615
58618
58641
58645
58665
58676
58685
58700
58702
58703
58712
58722
58760
58774
58799
58847
58847
58848
58861
58881
58883
58886
58888
58891
58894
58895
58903
58907
58924
58930
58977
58981
59004
59005
59015
59019
59019
59029
59037
59048
59049
59049
59064
59077
59085
59104
59120
59122
59122
59130
59135
59154
59173
59192
59194
59204
59209
59229
59233
59238
59242
59245
59256
59261
59263
59264
59270
59272
59276
59290
59295
59308
59317
59334
59344
59348
59359
59367
59370
59370
59373
59374
59376
59380
59399
59401
59406
59408
59427
59479
59483
59485
59498
59507
59510
59516
59522
59531
59533
59538
59560
59571
59573
59580
59586
59588
59593
59619
59635
59666
59667
59678
59689
59704
59719
59728
59732
59735
59756
59756
59760
59778
59797
59811
59837
59845
59880
59881
59900
59937
59937
59942
59957
59995
60004
60036
60036
60038
60043
60045
60048
60060
60081
60095
60145
60151
60187
60198
60202
60256
60257
60286
60295
60296
60298
60316
60328
60336
60344
60355
60362
60380
60384
60400
60407
60410
60414
60427
60431
60433
60435
60464
60466
60474
60477
60479
60484
60493
60507
60511
60521
60531
60554
60557
60573
60586
60589
60598
60605
60612
60626
60626
60668
60675
60683
60685
60687
60689
60705
60709
60713
60721
60775
60776
60785
60798
60819
60822
60832
60842
60846
60852
60863
60869
60877
60879
60881
60920
60922
60924
60927
60928
60937
60941
60952
60952
60975
60986
60989
60991
60992
61005
61005
61010
61013
61016
61022
61038
61041
61062
61062
61080
61082
61085
61090
61091
61132
61133
61142
61142
61143
61157
61158
61174
61192
61202
61213
61225
61247
61248
61250
61256
61258
61267
61269
61277
61286
61293
61301
61313
61323
61324
61349
61350
61359
61376
61377
61384
61397
61410
61410
61421
61431
61445
61456
61492
61495
61522
61532
61537
61566
61580
61610
61613
61616
61621
61623
61631
61639
61639
61653
61679
61680
61686
61698
61702
61725
61740
61742
61756
61760
61762
61772
61793
61817
61817
61823
61823
61829
61844
61846
61857
61867
61868
61874
61914
61915
61927
61929
61942
61961
61972
61974
61987
61991
61993
61997
62001
62002
62014
62023
62037
62038
62040
62047
62050
62050
62063
62088
62089
62091
62107
62111
62126
62127
62137
62142
62145
62165
62168
62180
62198
62204
62218
62235
62237
62237
62245
62251
62252
62253
62266
62267
62267
62269
62274
62294
62320
62322
62335
62343
62350
62375
62385
62387
62396
62418
62432
62436
62456
62459
62477
62478
62488
62508
62519
62528
62537
62541
62552
62559
62565
62614
62623
62624
62643
62652
62655
62658
62659
62659
62667
62679
62691
62695
62710
62727
62737
62742
62758
62759
62764
62776
62837
62839
62849
62860
62865
62874
62885
62913
62930
62930
62934
62941
62943
62946
62965
62965
62969
62986
62989
62991
62993
63013
63019
63048
63083
63097
63112
63115
63120
63165
63184
63199
63217
63219
63227
63231
63233
63239
63268
63281
63289
63289
63294
63299
63303
63313
63319
63331
63345
63365
63366
63369
63385
63399
63406
63419
63430
63462
63464
63475
63480
63481
63525
63565
63575
63602
63605
63618
63631
63636
63663
63678
63698
63707
63719
63726
63742
63743
63751
63754
63785
63786
63786
63794
63798
63808
63810
63839
63842
63854
63866
63872
63872
63879
63884
63892
63895
63899
63909
63939
63943
63945
63958
63964
63967
63970
63975
63976
63985
63989
63999
64008
64009
64018
64024
64036
64039
64042
64046
64053
64058
64094
64098
64098
64104
64105
64110
64135
64165
64172
64180
64188
64211
64221
64227
64233
64245
64254
64276
64280
64292
64293
64301
64308
64332
64334
64336
64341
64345
64369
64376
64381
64384
64389
64393
64398
64398
64404
64405
64406
64406
64424
64440
64460
64460
64467
64468
64473
64479
64480
64483
64503
64511
64520
64524
64557
64558
64572
64573
64593
64595
64597
64598
64603
64606
64613
64637
64696
64696
64708
64719
64732
64732
64761
64767
64769
64769
64779
64800
64804
64805
64806
64808
64810
64813
64827
64829
64829
64872
64873
64874
64883
64897
64921
64930
64941
64955
64966
64972
64972
64976
64981
64988
64990
65004
65023
65033
65046
65130
65140
65148
65149
65165
65171
65172
65173
65183
65187
65197
65208
65209
65213
65233
65252
65258
65268
65281
65292
65293
65306
65310
65320
65325
65329
65333
65338
65343
65354
65380
65381
65381
65385
65390
65419
65433
65437
65439
65442
65460
65467
65471
65472
65476
65483
65483
65498
65500
65503
65522
65525
65527
65539
65540
65541
65545
65567
65584
65612
65619
65654
65678
65689
65689
65691
65720
65726
65737
65744
65751
65761
65770
65778
65797
65798
65800
65806
65808
65809
65814
65835
65848
65878
65880
65885
65889
65893
65896
65913
65968
65977
65980
65984
65986
65996
66023
66025
66026
66038
66047
66052
66069
66080
66090
66102
66185
66201
66201
66205
66216
66226
66232
66240
66258
66271
66276
66298
66298
66314
66347
66371
66373
66376
66379
66385
66387
66413
66423
66431
66440
66447
66449
66460
66460
66462
66480
66508
66523
66535
66561
66572
66590
66595
66596
66598
66601
66626
66629
66632
66635
66638
66656
66683
66709
66723
66752
66772
66797
66805
66824
66831
66834
66850
66852
66857
66872
66893
66899
66941
66948
66964
66974
66977
66990
66998
67007
67033
67036
67037
67053
67069
67075
67081
67084
67094
67095
67101
67106
67113
67135
67140
67140
67143
67167
67168
67187
67195
67199
67202
67204
67214
67227
67233
67235
67244
67244
67245
67247
67280
67281
67286
67286
67297
67315
67333
67351
67371
67375
67375
67383
67392
67399
67401
67408
67430
67435
67442
67444
67446
67447
67454
67464
67465
67476
67493
67518
67521
67526
67541
67549
67560
67562
67573
67575
67584
67585
67585
67586
67594
67595
67609
67610
67634
67668
67669
67682
67688
67700
67707
67711
67721
67727
67751
67759
67766
67776
67791
67812
67814
67836
67842
67852
67867
67893
67895
67898
67920
67922
67942
67943
67948
67951
67962
67997
68001
68013
68016
68024
68036
68039
68039
68052
68054
68063
68070
68076
68084
68084
68086
68092
68112
68126
68134
68152
68159
68180
68182
68184
68185
68186
68186
68189
68190
68194
68195
68206
68234
68241
68245
68246
68246
68252
68256
68259
68273
68277
68286
68293
68304
68326
68332
68342
68368
68371
68371
68385
68392
68392
68395
68396
68406
68425
68428
68430
68432
68439
68466
68472
68481
68483
68496
68513
68533
68555
68566
68568
68599
68611
68615
68615
68617
68634
68635
68653
68656
68665
68676
68691
68695
68715
68716
68722
68730
68746
68747
68751
68762
68764
68776
68789
68797
68799
68808
68814
68825
68830
68833
68840
68847
68854
68858
68866
68889
68933
68935
68973
68980
68987
68991
69032
69037
69041
69041
69049
69056
69061
69067
69074
69085
69091
69100
69103
69110
69114
69115
69115
69121
69131
69161
69165
69171
69196
69198
69205
69212
69217
69238
69244
69250
69258
69298
69310
69324
69332
69333
69359
69381
69386
69388
69398
69407
69409
69409
69418
69432
69433
69444
69450
69454
69460
69465
69474
69481
69492
69509
69519
69522
69533
69556
69559
69591
69603
69606
69611
69625
69628
69634
69644
69680
69681
69691
69695
69721
69726
69742
69746
69754
69762
69774
69778
69789
69803
69814
69818
69819
69828
69830
69841
69845
69866
69866
69902
69926
69945
69954
69962
69966
69993
69999
70016
70032
70037
70069
70069
70075
70078
70083
70100
70123
70132
70139
70142
70170
70184
70189
70199
70244
70256
70258
70272
70275
70276
70278
70307
70327
70327
70335
70337
70360
70371
70375
70376
70395
70396
70410
70414
70414
70437
70447
70458
70462
70471
70479
70484
70495
70496
70499
70540
70560
70562
70574
70578
70579
70579
70580
70603
70613
70616
70622
70628
70633
70665
70685
70694
70706
70719
70753
70755
70757
70776
70784
70790
70794
70794
70803
70824
70829
70831
70836
70872
70880
70887
70892
70892
70896
70920
70942
70948
70957
70965
70967
70971
70977
70997
70998
71022
71022
71027
71029
71035
71035
71035
71036
71045
71047
71048
71079
71086
71114
71127
71137
71153
71172
71173
71174
71177
71194
71197
71223
71223
71229
71233
71241
71248
71249
71254
71256
71259
71282
71284
71296
71307
71316
71318
71328
71334
71341
71358
71385
71396
71413
71418
71420
71429
71439
71439
71444
71452
71465
71472
71475
71485
71488
71492
71493
71494
71498
71503
71542
71543
71547
71605
71607
71608
71615
71619
71624
71626
71626
71632
71637
71657
71664
71680
71691
71696
71699
71701
71710
71711
71717
71719
71726
71726
71730
71748
71756
71759
71759
71760
71768
71772
71773
71778
71785
71802
71808
71822
71822
71826
71827
71840
71845
71846
71852
71853
71868
71873
71877
71894
71901
71904
71905
71917
71922
71932
71935
71955
71975
71978
71981
71983
71986
71988
71991
71998
72002
72013
72021
72021
72031
72046
72061
72064
72065
72069
72072
72075
72082
72084
72095
72124
72148
72161
72166
72166
72182
72197
72235
72240
72248
72252
72256
72271
72271
72273
72275
72291
72297
72303
72303
72315
72320
72329
72332
72333
72358
72368
72384
72468
72472
72474
72481
72493
72500
72522
72523
72596
72613
72625
72642
72648
72650
72650
72651
72660
72667
72674
72698
72700
72729
72767
72776
72788
72791
72792
72821
72823
72836
72847
72849
72854
72854
72865
72873
72876
72897
72963
72970
73015
73019
73038
73048
73056
73057
73059
73064
73073
73077
73080
73106
73120
73145
73159
73178
73190
73202
73211
73213
73264
73270
73309
73332
73332
73334
73342
73353
73357
73377
73388
73402
73427
73457
73481
73496
73498
73520
73548
73549
73555
73561
73582
73583
73584
73586
73601
73629
73638
73639
73643
73643
73655
73672
73692
73693
73712
73719
73728
73738
73742
73754
73757
73760
73762
73768
73778
73782
73792
73799
73807
73815
73823
73845
73859
73869
73870
73882
73895
73895
73907
73916
73917
73925
73933
73941
73949
73953
73956
73970
73983
73999
74007
74030
74034
74060
74071
74102
74148
74153
74168
74169
74209
74216
74224
74229
74232
74235
74245
74266
74268
74287
74295
74307
74308
74308
74308
74309
74327
74363
74377
74396
74398
74399
74410
74463
74471
74500
74526
74536
74546
74555
74594
74596
74606
74622
74664
74670
74682
74683
74701
74706
74712
74718
74719
74720
74722
74723
74725
74726
74739
74752
74762
74762
74770
74776
74777
74782
74786
74799
74803
74804
74809
74813
74819
74819
74822
74825
74829
74837
74841
74861
74875
74899
74917
74920
74920
74953
74971
74974
74977
74982
74991
75012
75016
75057
75063
75078
75088
75091
75097
75112
75116
75117
75121
75122
75122
75140
75141
75155
75155
75169
75180
75197
75199
75266
75278
75282
75302
75324
75325
75358
75362
75366
75370
75387
75392
75401
75405
75406
75408
75416
75436
75467
75469
75496
75515
75515
75541
75587
75605
75612
75620
75625
75631
75633
75634
75636
75637
75642
75673
75682
75706
75706
75723
75728
75730
75743
75751
75757
75772
75774
75775
75781
75806
75807
75813
75822
75823
75824
75838
75851
75870
75880
75901
75905
75938
75945
75949
75956
75957
75966
75970
75973
75981
75987
75994
76004
76022
76022
76027
76042
76043
76051
76052
76054
76061
76078
76116
76132
76139
76144
76146
76174
76188
76197
76202
76205
76208
76241
76257
76264
76271
76287
76292
76298
76300
76308
76319
76325
76332
76332
76340
76347
76355
76375
76393
76398
76401
76409
76518
76530
76546
76555
76555
76561
76573
76583
76615
76636
76645
76654
76664
76667
76695
76696
76701
76704
76718
76718
76754
76762
76775
76786
76788
76809
76815
76821
76825
76876
76881
76888
76891
76898
76901
76909
76912
76934
76939
76945
76945
76946
76950
76958
76969
76988
77005
77005
77008
77013
77054
77068
77070
77072
77079
77098
77098
77109
77111
77112
77119
77134
77141
77142
77153
77165
77172
77178
77198
77201
77204
77204
77210
77211
77212
77223
77227
77234
77234
77237
77239
77240
77245
77254
77256
77280
77290
77311
77315
77323
77340
77351
77359
77364
77368
77373
77404
77420
77443
77445
77448
77476
77501
77511
77526
77536
77539
77544
77547
77566
77579
77586
77593
77618
77628
77638
77649
77666
77678
77698
77700
77711
77711
77714
77729
77736
77748
77751
77760
77805
77808
77830
77832
77833
77835
77840
77849
77853
77871
77879
77888
77888
77895
77900
77902
77906
77907
77917
77920
77937
77947
77969
77984
77986
77988
77996
78003
78007
78022
78023
78034
78054
78059
78075
78078
78087
78100
78113
78149
78172
78184
78185
78186
78187
78191
78193
78204
78209
78218
78224
78226
78227
78239
78250
78252
78260
78262
78283
78284
78302
78309
78323
78372
78379
78394
78411
78417
78439
78452
78456
78461
78472
78477
78478
78480
78482
78499
78500
78509
78509
78511
78560
78561
78581
78607
78609
78610
78612
78614
78617
78634
78635
78638
78638
78639
78654
78670
78672
78687
78701
78703
78718
78722
78733
78748
78785
78791
78792
78812
78818
78822
78830
78839
78844
78865
78872
78882
78885
78896
78900
78908
78924
78935
78955
78966
78973
78984
79043
79051
79055
79065
79066
79073
79099
79108
79109
79115
79116
79123
79131
79135
79137
79139
79141
79184
79189
79195
79197
79198
79214
79232
79236
79261
79267
79282
79297
79301
79302
79307
79312
79334
79343
79357
79362
79375
79383
79390
79408
79408
79427
79428
79455
79456
79459
79489
79491
79498
79547
79549
79561
79571
79593
79606
79609
79625
79636
79641
79641
79652
79699
79703
79723
79735
79736
79749
79753
79753
79754
79760
79761
79762
79784
79829
79849
79873
79875
79878
79885
79889
79890
79914
79922
79926
79955
79966
79994
79997
80006
80009
80011
80020
80043
80047
80075
80076
80102
80106
80113
80114
80124
80125
80140
80148
80149
80153
80165
80195
80213
80218
80231
80233
80248
80273
80273
80274
80292
80305
80320
80336
80346
80373
80393
80395
80396
80397
80400
80408
80410
80436
80464
80470
80474
80509
80512
80515
80515
80519
80523
80530
80540
80577
80590
80597
80597
80601
80604
80613
80629
80636
80641
80645
80650
80652
80655
80659
80671
80673
80679
80695
80705
80715
80718
80767
80771
80784
80784
80800
80828
80850
80851
80878
80913
80917
80922
80932
80945
80949
80961
80966
80970
80972
80979
80980
80989
80997
81046
81051
81051
81059
81067
81072
81082
81083
81116
81117
81125
81126
81132
81144
81146
81168
81174
81176
81177
81186
81195
81226
81233
81241
81267
81271
81287
81292
81294
81302
81311
81321
81332
81345
81346
81350
81365
81367
81372
81374
81400
81405
81411
81414
81428
81436
81447
81456
81460
81483
81487
81491
81503
81606
81625
81625
81643
81643
81666
81673
81680
81687
81687
81704
81704
81728
81744
81744
81755
81761
81770
81771
81778
81780
81807
81820
81856
81856
81862
81864
81876
81929
81939
81951
81958
81963
81979
81982
81987
81991
81995
81997
82005
82038
82059
82073
82083
82095
82097
82105
82109
82113
82132
82134
82160
82165
82182
82185
82185
82193
82195
82206
82215
82216
82232
82232
82238
82242
82251
82254
82266
82269
82269
82275
82281
82299
82301
82306
82318
82318
82330
82331
82340
82367
82370
82373
82384
82411
82432
82445
82470
82473
82491
82493
82508
82514
82531
82536
82541
82555
82571
82580
82612
82632
82637
82638
82643
82649
82653
82659
82668
82708
82709
82709
82711
82720
82727
82735
82772
82776
82800
82818
82839
82843
82843
82844
82849
82856
82858
82876
82902
82909
82911
82920
82924
82930
82931
82944
82948
82965
82967
82972
82982
82983
82983
82990
82990
83007
83019
83024
83038
83041
83056
83069
83072
83078
83082
83086
83087
83096
83098
83099
83099
83116
83133
83138
83149
83163
83167
83229
83231
83232
83252
83253
83256
83270
83315
83325
83328
83340
83340
83343
83348
83349
83350
83360
83374
83383
83394
83395
83397
83399
83399
83400
83403
83410
83426
83427
83436
83440
83455
83457
83466
83470
83478
83492
83504
83506
83509
83518
83519
83522
83532
83560
83563
83584
83592
83601
83620
83621
83637
83640
83643
83643
83643
83645
83650
83663
83671
83671
83699
83703
83704
83707
83740
83741
83762
83778
83799
83819
83830
83839
83847
83863
83868
83872
83877
83878
83880
83882
83886
83886
83893
83893
83907
83916
83926
83927
83943
83946
83953
83955
83969
83970
83973
83977
83988
83994
83997
84014
84017
84022
84023
84052
84071
84076
84109
84115
84116
84119
84126
84130
84130
84136
84137
84140
84148
84150
84163
84164
84194
84210
84211
84215
84215
84236
84239
84239
84245
84249
84263
84281
84290
84293
84295
84300
84317
84322
84338
84342
84343
84345
84349
84350
84352
84355
84374
84378
84380
84390
84393
84406
84411
84411
84421
84431
84435
84453
84473
84473
84480
84517
84531
84532
84563
84571
84573
84576
84587
84590
84596
84598
84604
84612
84614
84620
84629
84632
84646
84659
84666
84670
84672
84673
84684
84691
84697
84710
84711
84716
84717
84718
84726
84730
84733
84766
84769
84794
84799
84801
84849
84852
84855
84858
84869
84881
84882
84903
84918
84928
84929
84942
84943
84949
84949
84978
85020
85027
85042
85043
85047
85056
85066
85094
85116
85117
85130
85140
85143
85161
85169
85171
85172
85185
85203
85214
85230
85244
85246
85246
85248
85255
85258
85263
85282
85293
85293
85303
85306
85332
85334
85337
85339
85351
85355
85355
85379
85380
85404
85431
85436
85440
85443
85451
85462
85468
85473
85486
85486
85512
85532
85538
85541
85546
85548
85549
85558
85561
85565
85572
85585
85612
85624
85711
85714
85715
85732
85739
85748
85759
85776
85784
85804
85811
85812
85828
85830
85833
85835
85840
85854
85856
85864
85864
85880
85895
85898
85901
85917
85933
85946
85950
85964
85965
85967
85984
86008
86021
86022
86034
86057
86076
86085
86118
86122
86127
86131
86132
86137
86145
86151
86157
86168
86174
86174
86178
86189
86192
86197
86210
86213
86220
86228
86234
86239
86246
86250
86252
86254
86256
86261
86264
86265
86271
86309
86310
86336
86341
86354
86355
86356
86364
86364
86366
86381
86387
86391
86392
86400
86401
86404
86409
86410
86435
86435
86437
86455
86465
86468
86482
86493
86511
86512
86514
86540
86584
86592
86641
86648
86671
86675
86675
86677
86679
86684
86694
86695
86701
86704
86709
86714
86718
86753
86754
86755
86775
86777
86783
86811
86820
86837
86838
86839
86840
86843
86848
86850
86852
86873
86889
86906
86913
86920
86921
86928
86939
86953
86970
86975
86985
86997
87001
87006
87007
87007
87010
87032
87053
87074
87082
87095
87128
87134
87146
87151
87168
87168
87169
87174
87183
87184
87185
87207
87208
87245
87274
87283
87292
87298
87301
87331
87334
87345
87350
87353
87358
87366
87373
87392
87403
87409
87410
87418
87419
87430
87441
87477
87484
87486
87494
87521
87546
87559
87570
87570
87576
87579
87583
87603
87615
87619
87622
87627
87634
87635
87641
87644
87645
87647
87672
87674
87682
87704
87711
87732
87737
87746
87763
87798
87800
87808
87838
87840
87845
87853
87854
87864
87864
87890
87891
87899
87935
87961
87969
87972
87978
87984
87984
87990
88002
88008
88009
88009
88014
88016
88087
88088
88132
88136
88154
88155
88162
88165
88167
88192
88225
88225
88226
88230
88269
88274
88276
88280
88284
88285
88291
88293
88294
88297
88304
88315
88325
88328
88341
88342
88343
88364
88367
88370
88371
88377
88378
88390
88390
88424
88432
88437
88443
88447
88457
88483
88491
88493
88508
88513
88518
88535
88542
88552
88561
88563
88564
88566
88569
88581
88599
88607
88613
88627
88630
88638
88645
88647
88648
88648
88650
88651
88668
88693
88707
88713
88723
88727
88734
88746
88748
88749
88821
88829
88836
88840
88851
88865
88878
88886
88903
88959
88977
88990
88997
89001
89006
89008
89015
89016
89026
89028
89036
89046
89046
89055
89080
89102
89120
89131
89142
89153
89158
89165
89173
89185
89200
89200
89205
89222
89224
89245
89271
89298
89313
89315
89344
89351
89354
89389
89392
89397
89400
89402
89406
89413
89427
89428
89437
89438
89446
89450
89469
89497
89503
89515
89517
89518
89522
89532
89540
89553
89563
89571
89585
89596
89599
89603
89626
89632
89635
89636
89638
89639
89646
89649
89651
89662
89678
89694
89699
89713
89720
89721
89723
89799
89819
89819
89826
89851
89862
89863
89883
89883
89884
89888
89890
89907
89913
89915
89916
89918
89920
89939
89939
89945
89949
89951
89953
89956
89963
89964
89974
89978
89979
89979
89979
89998
90001
90025
90033
90038
90085
90092
90093
90097
90101
90103
90115
90115
90132
90135
90136
90142
90143
90150
90168
90181
90181
90184
90186
90187
90200
90200
90200
90202
90206
90229
90257
90261
90285
90286
90310
90314
90318
90321
90326
90384
90388
90398
90405
90407
90421
90422
90427
90460
90466
90473
90485
90489
90499
90555
90567
90568
90574
90584
90590
90607
90623
90636
90651
90651
90657
90663
90667
90671
90671
90676
90679
90682
90691
90696
90698
90718
90722
90734
90744
90753
90757
90760
90765
90769
90786
90796
90800
90804
90810
90819
90822
90834
90839
90865
90870
90903
90907
90911
90924
90926
90948
90957
90966
90967
90967
90969
90969
90970
90992
90993
90997
90999
91020
91025
91039
91047
91054
91060
91063
91068
91076
91087
91092
91106
91107
91116
91118
91121
91121
91125
91134
91146
91177
91178
91188
91206
91210
91212
91214
91218
91219
91252
91267
91273
91273
91278
91283
91284
91299
91329
91346
91347
91386
91389
91396
91399
91399
91416
91439
91447
91454
91469
91475
91475
91478
91490
91528
91533
91537
91573
91578
91594
91596
91599
91614
91624
91628
91669
91669
91670
91676
91688
91690
91712
91730
91762
91771
91773
91782
91784
91790
91811
91813
91814
91820
91836
91848
91848
91852
91854
91881
91894
91896
91897
91905
91913
91915
91918
91929
91933
91933
91940
91952
91976
91988
91989
91989
91994
91996
92018
92023
92026
92037
92055
92060
92078
92079
92089
92112
92114
92122
92125
92133
92153
92157
92176
92176
92183
92185
92191
92201
92202
92213
92218
92222
92247
92269
92300
92308
92320
92326
92342
92346
92355
92355
92384
92395
92398
92400
92401
92414
92419
92447
92447
92449
92467
92472
92514
92525
92539
92548
92561
92571
92571
92583
92592
92599
92600
92605
92644
92686
92699
92709
92716
92722
92723
92727
92735
92743
92750
92756
92775
92779
92795
92809
92817
92829
92829
92846
92855
92862
92879
92898
92914
92932
92938
92939
92940
92940
92944
92947
92948
92948
92953
92955
92956
92992
93003
93006
93016
93018
93028
93029
93039
93039
93044
93047
93049
93057
93071
93076
93090
93117
93132
93144
93153
93162
93192
93201
93212
93213
93213
93232
93250
93282
93283
93308
93313
93315
93319
93326
93329
93343
93353
93370
93379
93380
93396
93398
93405
93408
93450
93471
93489
93498
93520
93532
93535
93542
93545
93546
93547
93553
93557
93576
93582
93589
93604
93605
93605
93622
93626
93649
93652
93655
93696
93713
93722
93730
93733
93742
93744
93745
93755
93759
93778
93792
93811
93838
93839
93841
93871
93872
93879
93893
93921
93928
93933
93934
93935
93936
93936
93937
93940
93957
93961
93974
93984
93992
94002
94005
94024
94032
94048
94049
94049
94063
94064
94067
94069
94070
94099
94106
94112
94157
94179
94182
94184
94190
94195
94216
94217
94219
94225
94242
94256
94264
94283
94290
94311
94324
94324
94325
94327
94333
94339
94349
94362
94373
94388
94397
94403
94412
94447
94453
94465
94466
94477
94486
94506
94521
94526
94550
94562
94579
94581
94603
94605
94608
94618
94623
94641
94643
94650
94666
94667
94693
94697
94701
94720
94741
94742
94750
94823
94849
94851
94851
94859
94859
94879
94902
94911
94912
94919
94945
94951
94974
94981
94981
94988
94990
94994
94996
94996
95003
95017
95024
95043
95046
95055
95058
95067
95068
95086
95086
95092
95120
95123
95124
95128
95129
95136
95147
95154
95168
95182
95206
95210
95221
95222
95226
95242
95248
95253
95254
95262
95263
95273
95277
95280
95284
95285
95297
95301
95314
95322
95335
95352
95355
95364
95369
95370
95371
95379
95388
95388
95389
95398
95404
95404
95420
95423
95428
95431
95433
95438
95439
95441
95444
95449
95469
95484
95505
95505
95521
95530
95537
95538
95540
95542
95553
95556
95574
95576
95585
95594
95597
95597
95616
95619
95628
95649
95656
95658
95660
95667
95668
95690
95693
95701
95716
95719
95728
95773
95779
95783
95789
95797
95799
95812
95833
95834
95844
95856
95867
95872
95874
95875
95884
95889
95890
95893
95903
95904
95905
95912
95920
95920
95923
95928
95931
95940
95946
95949
95966
95972
95979
95982
95984
95994
95995
96001
96006
96016
96018
96023
96027
96030
96031
96054
96057
96071
96079
96084
96085
96089
96095
96098
96099
96131
96144
96148
96158
96170
96174
96185
96191
96196
96207
96221
96223
96224
96245
96251
96266
96266
96280
96281
96288
96291
96296
96304
96305
96309
96315
96316
96341
96351
96368
96383
96386
96399
96415
96422
96443
96446
96461
96472
96475
96489
96507
96513
96532
96544
96547
96553
96557
96560
96564
96568
96574
96593
96603
96604
96624
96630
96631
96636
96643
96655
96665
96683
96699
96702
96723
96732
96734
96737
96745
96748
96761
96763
96765
96773
96795
96805
96844
96856
96871
96872
96911
96914
96920
96929
96929
96931
96936
96940
96957
96977
96984
96993
97016
97020
97021
97022
97026
97032
97045
97053
97068
97072
97075
97085
97090
97096
97106
97110
97119
97146
97169
97172
97192
97194
97215
97217
97241
97245
97246
97278
97341
97344
97364
97381
97382
97392
97398
97402
97419
97456
97466
97471
97476
97483
97484
97487
97495
97496
97506
97507
97510
97516
97530
97536
97583
97585
97598
97607
97620
97634
97644
97645
97651
97653
97666
97669
97677
97681
97682
97687
97689
97692
97705
97717
97723
97724
97729
97734
97737
97754
97757
97792
97801
97806
97815
97825
97826
97842
97864
97868
97872
97880
97895
97901
97909
97915
97917
97919
97937
98003
98039
98053
98055
98066
98066
98074
98074
98087
98117
98136
98148
98156
98167
98173
98209
98210
98238
98241
98246
98252
98256
98258
98269
98274
98277
98294
98324
98334
98341
98358
98380
98384
98394
98399
98400
98405
98414
98423
98451
98459
98486
98497
98504
98507
98516
98517
98536
98541
98541
98576
98595
98608
98623
98641
98649
98657
98662
98674
98681
98687
98693
98709
98730
98744
98768
98793
98795
98821
98846
98856
98873
98883
98893
98908
98909
98917
98928
98936
98936
98943
98945
98950
98955
98959
98960
98973
98976
98988
99002
99002
99008
99011
99031
99036
99041
99052
99056
99057
99060
99072
99078
99087
99094
99101
99126
99141
99143
99146
99155
99158
99158
99166
99171
99172
99176
99181
99182
99199
99213
99221
99222
99228
99242
99245
99245
99252
99273
99292
99316
99329
99337
99339
99370
99373
99375
99380
99381
99384
99387
99391
99416
99431
99440
99455
99467
99480
99482
99486
99487
99489
99498
99517
99528
99532
99537
99548
99563
99573
99587
99622
99622
99640
99642
99644
99646
99648
99654
99654
99656
99659
99665
99699
99706
99708
99716
99742
99750
99799
99806
99814
99831
99843
99844
99851
99863
99868
99872
99879
99897
99907
99907
99931
99933
99937
99941
99942
99950
99954
99963
99966
99995
99996
