17
26
30
65
71
87
115
191
193
259
321
330
361
382
382
412
419
424
425
470
471
495
565
579
632
641
653
668
668
681
721
729
749
781
785
812
815
841
843
867
928
931
947
961
1002
1007
1009
1032
1038
1043
1068
1070
1081
1087
1088
1107
1128
1175
1187
1203
1237
1248
1324
1329
1330
1333
1382
1390
1391
1417
1452
1481
1491
1593
1593
1632
1655
1694
1726
1788
1811
1872
1874
1890
1892
1922
1939
1962
2085
2090
2129
2147
2158
2183
2207
2211
2247
2286
2288
2333
2349
2353
2363
2396
2447
2454
2494
2520
2535
2550
2555
2639
2682
2685
2740
2785
2795
2809
2828
2863
2923
2974
2982
2984
3006
3023
3059
3071
3071
3103
3105
3139
3178
3200
3213
3279
3286
3315
3319
3330
3331
3341
3347
3383
3397
3407
3412
3422
3430
3450
3454
3481
3573
3619
3630
3632
3670
3675
3677
3713
3767
3792
3875
3899
3974
3991
4021
4033
4049
4086
4106
4158
4175
4186
4204
4210
4225
4239
4259
4288
4434
4511
4527
4544
4566
4572
4582
4599
4616
4626
4660
4711
4722
4731
4761
4834
4899
4904
4958
4970
4975
4999
5051
5058
5073
5109
5132
5180
5184
5188
5262
5271
5275
5281
5286
5289
5371
5406
5410
5425
5454
5466
5481
5499
5511
5516
5555
5563
5623
5648
5664
5665
5675
5687
5695
5732
5749
5749
5761
5777
5790
5820
5830
5837
5862
5869
5884
5919
5933
5933
5989
6025
6042
6043
6057
6082
6093
6120
6153
6203
6205
6224
6239
6247
6257
6275
6288
6290
6319
6329
6350
6350
6360
6375
6380
6383
6406
6430
6436
6456
6456
6472
6511
6512
6545
6607
6648
6658
6682
6767
6776
6848
6852
6860
6868
6912
6918
6923
6952
6970
7034
7035
7048
7049
7051
7086
7153
7169
7227
7242
7256
7279
7288
7304
7328
7348
7355
7368
7390
7398
7398
7411
7438
7464
7546
7598
7626
7688
7696
7699
7708
7715
7732
7772
7796
7808
7816
7852
7857
7859
7864
7902
7903
7918
7931
7932
7938
7946
8122
8141
8142
8174
8178
8183
8191
8205
8212
8274
8279
8289
8342
8366
8371
8395
8424
8434
8454
8458
8460
8482
8514
8533
8539
8575
8599
8608
8694
8727
8772
8780
8819
8893
8897
8902
8905
8909
8921
8929
8995
9031
9046
9057
9073
9096
9110
9128
9129
9137
9151
9164
9193
9222
9231
9232
9234
9288
9323
9433
9443
9457
9472
9497
9522
9565
9578
9624
9625
9626
9633
9649
9739
9749
9758
9803
9821
9845
9885
9889
9922
9931
10022
10035
10035
10051
10075
10083
10115
10118
10145
10160
10322
10345
10360
10371
10409
10431
10434
10484
10489
10515
10522
10545
10569
10576
10577
10586
10613
10642
10699
10787
10798
10836
10866
10889
10901
10913
10940
10973
10995
10996
11024
11034
11096
11109
11145
11167
11169
11172
11173
11201
11212
11215
11256
11262
11276
11320
11353
11361
11364
11374
11385
11431
11432
11435
11455
11469
11509
11523
11524
11535
11540
11572
11575
11579
11583
11604
11659
11690
11695
11704
11707
11726
11801
11803
11815
11824
11861
11878
11879
11890
11894
11921
11930
11945
12027
12037
12038
12096
12103
12105
12118
12152
12185
12256
12283
12307
12348
12397
12409
12412
12482
12509
12509
12520
12550
12580
12613
12655
12658
12661
12685
12729
12730
12765
12780
12812
12819
12863
12864
12866
12971
12997
13021
13025
13056
13068
13078
13086
13088
13100
13110
13118
13150
13170
13177
13190
13204
13239
13239
13243
13290
13292
13327
13340
13357
13364
13411
13433
13456
13618
13664
13685
13687
13707
13747
13759
13774
13785
13819
13846
13864
13918
13979
14000
14004
14032
14048
14092
14099
14126
14131
14133
14138
14147
14175
14202
14235
14265
14285
14318
14325
14336
14374
14374
14441
14462
14463
14492
14558
14615
14629
14672
14730
14739
14749
14764
14834
14889
14890
14894
14928
15013
15035
15070
15133
15135
15135
15144
15207
15263
15298
15303
15317
15333
15335
15369
15379
15421
15427
15440
15453
15476
15476
15482
15486
15500
15563
15585
15623
15694
15696
15704
15708
15725
15766
15819
15845
15862
15863
15872
15873
15880
15881
15920
15922
15944
15949
16002
16006
16022
16041
16060
16060
16070
16081
16091
16091
16107
16132
16202
16220
16245
16274
16275
16278
16279
16310
16315
16336
16345
16346
16369
16369
16371
16446
16447
16495
16512
16539
16541
16593
16650
16754
16806
16826
16832
16870
16958
16959
16981
16986
17005
17014
17031
17046
17063
17103
17120
17176
17204
17209
17214
17229
17242
17248
17291
17353
17384
17395
17421
17437
17491
17547
17549
17582
17615
17659
17672
17675
17685
17708
17744
17790
17830
17846
17856
17886
17887
17901
17927
17936
17947
17977
18045
18064
18077
18086
18120
18122
18132
18133
18138
18196
18239
18252
18292
18293
18376
18414
18416
18451
18559
18574
18617
18639
18671
18708
18744
18747
18757
18760
18813
18874
18923
18965
18969
18983
19016
19039
19053
19079
19102
19145
19150
19187
19265
19280
19301
19303
19336
19347
19350
19371
19390
19396
19408
19434
19442
19524
19536
19566
19593
19602
19609
19613
19694
19731
19741
19801
19810
19822
19840
19844
19849
19856
19904
19912
19918
19931
19934
19982
19989
20023
20070
20073
20127
20127
20136
20294
20322
20340
20342
20370
20385
20395
20427
20457
20464
20467
20553
20567
20578
20621
20629
20649
20659
20672
20694
20701
20706
20719
20788
20821
20836
20873
20877
20901
20901
20940
20962
20963
20972
20976
21067
21135
21165
21170
21212
21223
21276
21322
21326
21354
21437
21453
21456
21466
21468
21475
21517
21562
21570
21605
21611
21627
21651
21690
21705
21715
21797
21814
21822
21869
21874
21918
22035
22038
22055
22072
22143
22241
22275
22287
22315
22501
22506
22570
22589
22594
22597
22604
22604
22611
22669
22706
22716
22758
22764
22773
22837
22858
22860
22865
22881
22898
22942
22992
23009
23043
23043
23051
23060
23066
23072
23076
23096
23114
23116
23117
23123
23130
23133
23141
23185
23188
23202
23210
23220
23306
23320
23323
23346
23363
23364
23454
23461
23462
23509
23536
23613
23616
23625
23681
23736
23787
23798
23836
23865
23879
23915
23917
23918
23938
23982
24022
24030
24035
24042
24045
24096
24112
24233
24241
24244
24288
24297
24310
24313
24334
24350
24360
24373
24399
24410
24462
24482
24495
24508
24543
24560
24573
24628
24679
24700
24704
24721
24748
24774
24837
24849
24890
24960
24978
24996
25037
25062
25078
25099
25123
25142
25164
25166
25217
25274
25309
25333
25356
25378
25383
25487
25496
25535
25561
25566
25641
25664
25692
25720
25724
25755
25757
25842
25870
25886
25900
25909
25918
25932
25942
25954
26031
26055
26068
26113
26207
26232
26245
26306
26325
26415
26429
26437
26444
26454
26462
26469
26481
26515
26564
26569
26570
26582
26597
26628
26665
26677
26678
26678
26678
26690
26696
26744
26752
26766
26774
26783
26798
26846
26855
26862
26917
26972
27009
27025
27025
27040
27055
27077
27163
27184
27189
27196
27303
27312
27324
27389
27391
27421
27426
27440
27453
27489
27497
27498
27534
27562
27577
27592
27595
27625
27645
27651
27667
27733
27810
27845
27884
27890
27901
27903
27908
27956
27964
28015
28029
28042
28054
28124
28127
28134
28172
28172
28191
28201
28260
28263
28271
28277
28314
28318
28322
28334
28341
28348
28358
28358
28405
28421
28432
28443
28460
28536
28539
28546
28600
28610
28727
28768
28826
28856
28888
28925
28937
28980
29055
29066
29081
29115
29139
29170
29232
29250
29290
29352
29401
29472
29475
29537
29550
29581
29602
29656
29665
29670
29721
29749
29783
29784
29786
29822
29834
29856
29885
29895
29903
29918
29922
29934
29951
29958
29979
30008
30099
30134
30166
30168
30175
30177
30179
30195
30215
30233
30276
30322
30322
30370
30411
30413
30415
30416
30434
30477
30504
30513
30517
30551
30688
30692
30700
30736
30747
30804
30875
30936
30973
30993
31024
31063
31070
31076
31108
31111
31135
31155
31169
31180
31213
31220
31229
31230
31298
31313
31333
31350
31372
31436
31459
31470
31477
31487
31492
31515
31537
31539
31557
31560
31566
31613
31616
31648
31671
31707
31757
31784
31786
31829
31834
31855
31893
31916
31926
31935
32010
32066
32073
32116
32121
32130
32138
32281
32284
32289
32318
32354
32417
32426
32432
32447
32499
32536
32559
32563
32572
32601
32613
32619
32647
32700
32848
32876
32916
32922
32944
32958
32968
32971
33071
33125
33132
33188
33219
33253
33273
33304
33318
33342
33463
33511
33556
33583
33589
33649
33669
33704
33729
33745
33752
33801
33813
33816
33827
33844
33880
33889
33897
33902
33906
33924
33937
34004
34035
34108
34133
34164
34197
34202
34233
34265
34279
34293
34298
34318
34350
34358
34360
34481
34537
34539
34547
34554
34572
34614
34635
34647
34682
34698
34718
34727
34760
34775
34782
34794
34850
34871
34875
34876
34877
34879
34904
34906
34919
34995
35079
35110
35130
35143
35189
35190
35200
35251
35261
35301
35342
35404
35489
35535
35568
35597
35620
35637
35662
35704
35714
35745
35764
35781
35812
35816
35846
35847
35863
35867
35877
35920
35939
35971
36045
36047
36084
36129
36147
36174
36215
36222
36232
36325
36343
36371
36388
36397
36400
36435
36438
36440
36446
36533
36554
36580
36607
36617
36631
36648
36694
36700
36766
36819
36851
36858
36866
36877
36886
36896
36922
36961
36970
36970
36977
37000
37012
37063
37073
37073
37092
37102
37119
37161
37162
37225
37238
37286
37326
37326
37350
37388
37403
37457
37462
37478
37487
37505
37516
37546
37564
37569
37577
37592
37609
37623
37624
37646
37780
37799
37836
37838
37885
37897
38002
38027
38033
38035
38045
38058
38114
38144
38153
38172
38181
38186
38193
38213
38224
38263
38278
38283
38322
38330
38440
38512
38537
38544
38569
38575
38615
38659
38660
38661
38758
38776
38805
38834
38835
38840
38888
38900
38934
38964
38968
39043
39124
39163
39190
39196
39196
39201
39254
39308
39333
39339
39385
39422
39426
39430
39442
39506
39527
39550
39616
39675
39678
39681
39718
39737
39744
39832
39840
39857
39877
39915
39929
39933
39940
39973
40004
40089
40092
40099
40109
40122
40138
40211
40249
40337
40369
40374
40375
40379
40425
40428
40429
40438
40490
40523
40558
40620
40625
40644
40667
40683
40690
40724
40757
40757
40760
40772
40773
40805
40849
40887
40891
40948
40972
41002
41005
41015
41034
41035
41083
41087
41087
41093
41107
41182
41186
41210
41243
41254
41277
41298
41308
41310
41327
41394
41417
41428
41429
41452
41470
41499
41517
41546
41551
41572
41576
41582
41583
41596
41647
41656
41661
41663
41717
41742
41770
41771
41810
41828
41865
41938
41982
41990
41992
42000
42003
42018
42020
42038
42039
42054
42054
42058
42108
42116
42131
42134
42147
42189
42189
42200
42203
42269
42276
42332
42337
42354
42373
42391
42401
42417
42456
42470
42475
42549
42581
42583
42595
42611
42632
42650
42670
42670
42687
42714
42731
42756
42779
42792
42816
42839
42891
42941
42944
42954
42954
42966
42967
42982
42988
43026
43076
43083
43084
43094
43109
43132
43152
43180
43189
43218
43287
43294
43364
43425
43451
43459
43477
43492
43510
43522
43529
43579
43583
43595
43612
43703
43705
43720
43720
43749
43781
43784
43847
43877
43937
43946
43966
43966
43974
44055
44058
44128
44152
44160
44186
44201
44213
44300
44304
44355
44363
44398
44408
44416
44443
44445
44451
44472
44510
44514
44522
44536
44574
44609
44641
44641
44641
44646
44657
44663
44675
44755
44765
44790
44792
44793
44810
44818
44855
44909
44938
44965
44985
44993
44993
45017
45049
45060
45076
45078
45083
45085
45104
45117
45215
45218
45218
45239
45314
45317
45321
45332
45386
45395
45398
45410
45419
45482
45487
45497
45499
45518
45519
45548
45564
45642
45659
45662
45665
45748
45780
45881
45881
45919
45922
45978
45981
46054
46058
46073
46074
46083
46089
46123
46133
46163
46165
46171
46176
46201
46204
46267
46268
46280
46313
46415
46532
46583
46603
46649
46714
46741
46766
46769
46807
46829
46855
46857
46862
46884
46890
46927
46946
46951
46967
46992
46996
47040
47083
47140
47144
47232
47240
47260
47300
47301
47317
47371
47388
47443
47470
47474
47492
47522
47578
47598
47635
47658
47694
47710
47724
47727
47752
47763
47776
47787
47811
47847
47929
47997
48000
48015
48025
48026
48039
48041
48045
48060
48066
48092
48113
48113
48126
48161
48202
48207
48221
48347
48350
48410
48435
48446
48457
48468
48471
48521
48532
48603
48626
48722
48762
48764
48832
48854
48900
48929
48967
49030
49063
49075
49086
49087
49091
49099
49157
49194
49252
49256
49261
49269
49297
49318
49343
49369
49498
49508
49689
49697
49719
49721
49746
49763
49789
49798
49828
49843
49851
49875
49903
49911
49915
49922
50038
50068
50075
50088
50125
50173
50182
50226
50246
50252
50263
50316
50325
50333
50386
50508
50533
50536
50557
50654
50655
50677
50687
50738
50758
50759
50940
50962
50963
50987
51011
51021
51029
51054
51076
51115
51123
51138
51193
51216
51232
51254
51300
51330
51374
51400
51417
51420
51423
51445
51458
51461
51524
51546
51624
51640
51644
51665
51725
51796
51815
51818
51820
51833
51852
51869
51880
51882
51889
51905
51959
51966
52051
52064
52081
52135
52185
52223
52243
52263
52274
52295
52299
52305
52319
52336
52349
52395
52401
52405
52410
52423
52427
52429
52510
52532
52561
52566
52574
52587
52593
52621
52640
52681
52697
52788
52833
52840
52882
52893
52902
52906
52918
52921
52933
52979
52988
52992
53083
53117
53136
53145
53158
53200
53206
53238
53309
53332
53366
53383
53474
53512
53522
53529
53538
53564
53569
53575
53592
53595
53597
53619
53658
53670
53681
53715
53732
53800
53834
53889
53893
53893
53898
53905
53916
53922
53953
54018
54045
54137
54202
54207
54224
54253
54256
54268
54291
54314
54395
54396
54400
54403
54444
54472
54530
54541
54562
54568
54588
54602
54603
54628
54628
54660
54693
54732
54826
54828
54832
54845
54847
54863
54870
54872
54907
54954
54995
55008
55013
55032
55033
55048
55062
55095
55118
55153
55176
55185
55197
55198
55213
55250
55259
55262
55272
55275
55306
55311
55314
55315
55324
55330
55357
55369
55418
55493
55511
55529
55531
55561
55567
55602
55629
55635
55644
55656
55683
55683
55705
55722
55766
55786
55795
55827
55891
55916
55932
55956
55968
55977
55993
56003
56006
56021
56028
56029
56034
56058
56060
56100
56119
56140
56140
56180
56186
56224
56281
56319
56347
56354
56369
56370
56409
56511
56520
56523
56524
56573
56575
56602
56648
56657
56682
56699
56709
56716
56735
56735
56740
56777
56880
56924
56968
56970
56979
56990
56993
56993
57025
57108
57114
57219
57242
57242
57280
57295
57304
57326
57340
57397
57401
57417
57427
57432
57446
57456
57460
57512
57517
57524
57542
57579
57593
57645
57677
57729
57772
57788
57819
57826
57832
57834
57903
57970
58003
58016
58050
58082
58169
58196
58229
58263
58304
58353
58379
58400
58414
58431
58440
58470
58471
58498
58536
58581
58601
58641
58655
58656
58667
58694
58721
58727
58748
58751
58878
58917
58941
58943
58967
58969
58986
59039
59058
59073
59204
59225
59254
59329
59382
59396
59429
59481
59483
59512
59520
59529
59624
59629
59648
59659
59666
59668
59670
59728
59748
59808
59827
59857
59913
59940
59977
60017
60022
60026
60044
60064
60119
60139
60166
60168
60199
60213
60227
60241
60246
60270
60276
60284
60315
60326
60386
60401
60437
60458
60459
60487
60513
60523
60566
60571
60574
60662
60676
60681
60700
60714
60740
60785
60820
60851
60853
60892
60904
60913
60927
60932
60950
60964
60967
60976
61035
61045
61074
61156
61178
61218
61249
61281
61308
61339
61413
61415
61421
61448
61482
61491
61514
61539
61565
61571
61590
61658
61673
61683
61694
61720
61724
61831
61845
61874
61892
61898
61913
61920
61924
61947
61948
61993
62012
62022
62069
62080
62083
62111
62130
62136
62143
62145
62168
62183
62184
62199
62222
62268
62301
62351
62365
62372
62442
62482
62491
62494
62521
62523
62544
62547
62566
62596
62637
62644
62657
62664
62725
62762
62816
62840
62845
62872
62880
62967
62991
62999
63002
63021
63022
63028
63034
63059
63167
63178
63210
63220
63242
63247
63252
63273
63281
63296
63315
63355
63358
63370
63408
63434
63459
63462
63519
63537
63556
63628
63707
63735
63745
63762
63763
63766
63781
63811
63837
63838
63879
63885
63907
63940
64002
64042
64047
64049
64101
64123
64129
64139
64155
64200
64246
64266
64272
64293
64306
64312
64342
64360
64365
64376
64378
64379
64396
64426
64453
64475
64491
64508
64517
64527
64540
64578
64583
64600
64612
64619
64651
64700
64720
64723
64725
64732
64748
64758
64774
64781
64783
64855
64915
64924
64929
64950
64967
64993
65009
65016
65016
65028
65038
65102
65103
65109
65128
65159
65164
65205
65242
65244
65289
65354
65381
65384
65392
65415
65424
65448
65460
65518
65527
65528
65582
65606
65616
65681
65709
65720
65772
65871
65897
65904
65931
65935
65964
66010
66026
66036
66094
66138
66186
66212
66282
66335
66337
66372
66390
66416
66437
66451
66453
66475
66480
66524
66557
66577
66622
66663
66751
66757
66764
66844
66848
66885
66888
66928
66930
67006
67024
67029
67082
67102
67130
67132
67134
67214
67235
67288
67301
67303
67311
67365
67378
67379
67390
67398
67445
67447
67494
67527
67531
67567
67632
67633
67633
67668
67675
67706
67717
67745
67762
67822
67829
67848
67871
67891
67894
67898
67911
67924
68024
68026
68085
68096
68111
68132
68157
68159
68160
68217
68221
68221
68226
68236
68244
68265
68272
68286
68313
68336
68410
68414
68426
68447
68471
68473
68491
68502
68504
68514
68521
68537
68589
68614
68615
68628
68630
68646
68647
68655
68664
68719
68723
68727
68737
68765
68776
68784
68848
68862
68864
68873
68885
68897
69013
69043
69132
69135
69139
69186
69243
69278
69296
69329
69385
69405
69486
69488
69494
69508
69524
69584
69596
69640
69656
69696
69718
69726
69755
69782
69801
69825
69937
69964
69981
69987
70012
70030
70035
70078
70080
70080
70157
70174
70194
70202
70217
70221
70236
70249
70302
70324
70334
70353
70367
70371
70400
70447
70482
70512
70627
70638
70643
70651
70654
70655
70673
70716
70761
70799
70830
70841
70844
70848
70885
70915
70934
70948
70993
71001
71031
71083
71086
71110
71120
71127
71147
71165
71210
71223
71230
71237
71259
71318
71326
71461
71471
71527
71536
71554
71554
71562
71562
71604
71661
71694
71713
71714
71720
71764
71795
71811
71826
71845
71878
71879
71914
71923
71958
71995
71997
72038
72135
72190
72197
72197
72275
72305
72327
72382
72397
72405
72415
72416
72419
72454
72469
72532
72553
72558
72627
72634
72638
72685
72690
72717
72747
72752
72766
72768
72807
72830
72858
72861
72871
72874
72889
72902
72969
72970
73070
73081
73100
73167
73174
73206
73256
73271
73278
73299
73312
73329
73346
73444
73488
73492
73508
73508
73555
73578
73608
73677
73718
73739
73776
73789
73804
73868
73878
73940
73950
73973
74000
74061
74147
74182
74267
74282
74301
74314
74338
74397
74441
74469
74469
74470
74482
74492
74498
74514
74565
74571
74593
74594
74594
74639
74674
74706
74727
74758
74784
74804
74845
74882
74937
74946
74957
74998
75014
75023
75049
75072
75076
75124
75132
75181
75185
75219
75229
75245
75255
75272
75309
75372
75396
75407
75409
75423
75464
75470
75482
75485
75526
75602
75679
75796
75809
75942
75957
75977
76008
76025
76027
76036
76038
76039
76149
76149
76178
76235
76236
76284
76302
76307
76333
76343
76343
76468
76487
76510
76523
76556
76633
76665
76667
76683
76801
76805
76811
76831
76876
76948
76966
76973
76985
77011
77041
77065
77075
77132
77137
77178
77202
77235
77261
77262
77285
77331
77346
77348
77363
77417
77421
77443
77454
77502
77505
77534
77550
77586
77605
77605
77611
77627
77659
77678
77679
77706
77718
77730
77761
77796
77805
77817
77913
77928
77936
77937
77964
77968
78001
78014
78016
78021
78032
78062
78098
78173
78249
78353
78362
78498
78503
78521
78584
78585
78588
78604
78610
78620
78661
78700
78711
78720
78746
78756
78802
78807
78812
78859
78861
78925
78927
78955
78981
78997
79009
79058
79095
79103
79104
79149
79172
79173
79180
79207
79224
79258
79259
79268
79278
79280
79287
79289
79300
79310
79352
79362
79403
79455
79472
79492
79511
79535
79542
79617
79648
79652
79652
79661
79671
79688
79712
79716
79722
79750
79797
79805
79807
79849
79854
79855
79864
79931
79990
80040
80042
80062
80153
80164
80178
80184
80190
80221
80263
80265
80285
80306
80323
80335
80346
80372
80381
80387
80392
80394
80404
80460
80473
80492
80497
80513
80544
80551
80595
80630
80642
80645
80657
80680
80700
80703
80703
80711
80745
80768
80790
80800
80802
80875
80890
80898
80918
80922
80959
80976
80986
81105
81127
81140
81157
81186
81203
81219
81222
81223
81229
81306
81308
81320
81338
81359
81384
81392
81402
81449
81485
81487
81509
81582
81607
81611
81631
81634
81674
81675
81685
81694
81727
81764
81775
81783
81804
81840
81909
81951
82001
82008
82012
82022
82024
82095
82153
82157
82162
82164
82213
82235
82255
82276
82296
82358
82362
82367
82382
82396
82408
82444
82475
82507
82517
82523
82553
82590
82592
82622
82642
82669
82671
82719
82779
82783
82793
82800
82808
82868
82877
82901
82904
82912
82923
82940
82947
82951
82994
83125
83134
83139
83160
83175
83197
83232
83235
83251
83305
83309
83320
83325
83327
83334
83337
83353
83358
83374
83380
83420
83448
83482
83492
83521
83524
83533
83553
83571
83580
83580
83581
83637
83638
83652
83660
83708
83743
83759
83766
83767
83769
83775
83804
83812
83825
83844
83860
83907
83938
83945
83991
84025
84027
84047
84237
84257
84337
84338
84397
84430
84434
84454
84458
84500
84539
84619
84638
84649
84670
84673
84700
84704
84735
84743
84769
84775
84785
84800
84804
84811
84828
84838
84879
84932
84939
84939
84952
84967
85010
85045
85085
85106
85142
85161
85178
85193
85288
85291
85294
85313
85314
85357
85367
85372
85376
85390
85468
85476
85493
85500
85598
85626
85640
85658
85688
85688
85728
85739
85755
85777
85780
85831
85849
85929
85955
85965
85991
86010
86032
86055
86093
86095
86100
86101
86129
86159
86171
86210
86216
86230
86245
86285
86296
86310
86346
86398
86424
86439
86447
86480
86505
86535
86547
86558
86565
86603
86607
86657
86699
86801
86826
86847
86890
86923
86957
87000
87024
87030
87052
87125
87162
87162
87205
87208
87234
87276
87281
87294
87333
87348
87390
87392
87395
87406
87457
87467
87482
87491
87496
87512
87528
87557
87596
87601
87609
87635
87636
87649
87719
87763
87772
87799
87838
87857
87862
87886
87891
87932
87935
87961
87962
87963
87968
87979
87981
88040
88067
88127
88140
88224
88241
88249
88364
88375
88386
88423
88434
88496
88545
88558
88559
88587
88637
88650
88743
88770
88773
88781
88802
88884
88893
88894
88898
88900
88908
88940
88954
89033
89071
89076
89088
89089
89125
89148
89159
89164
89169
89170
89181
89288
89289
89321
89330
89336
89386
89391
89450
89457
89497
89542
89551
89585
89658
89674
89677
89690
89749
89759
89843
89888
89914
89920
89936
89946
89956
89975
89997
90008
90012
90017
90026
90046
90076
90082
90094
90096
90136
90140
90169
90190
90201
90204
90262
90293
90297
90320
90320
90339
90352
90387
90389
90419
90450
90453
90453
90473
90503
90507
90559
90623
90644
90648
90713
90728
90748
90754
90789
90803
90824
90900
90905
90916
90919
90934
90963
90996
91049
91055
91056
91071
91079
91105
91116
91117
91123
91157
91189
91245
91260
91281
91291
91320
91347
91351
91360
91367
91370
91386
91389
91406
91407
91448
91453
91526
91534
91535
91598
91598
91619
91686
91690
91692
91694
91734
91769
91809
91875
91883
91901
91971
91978
91981
91985
91997
92086
92105
92113
92238
92240
92301
92350
92357
92369
92405
92419
92469
92472
92489
92545
92601
92614
92653
92664
92667
92668
92696
92709
92728
92753
92778
92822
92859
92900
92917
92974
92993
93002
93003
93015
93056
93068
93070
93071
93140
93166
93226
93272
93276
93342
93346
93381
93397
93399
93409
93410
93425
93432
93510
93513
93520
93538
93629
93639
93677
93680
93689
93708
93755
93779
93830
93883
93900
93905
93957
93957
93978
94015
94053
94084
94090
94104
94141
94182
94194
94213
94213
94220
94232
94286
94311
94316
94378
94382
94402
94449
94475
94490
94495
94531
94536
94567
94585
94627
94655
94666
94695
94706
94720
94730
94733
94743
94768
94773
94776
94787
94796
94837
94851
94855
94888
94906
94922
95024
95058
95071
95073
95075
95077
95082
95107
95115
95133
95140
95142
95171
95278
95296
95301
95304
95306
95307
95319
95325
95329
95336
95345
95364
95381
95428
95429
95471
95512
95525
95536
95548
95556
95557
95561
95628
95630
95656
95685
95688
95694
95696
95703
95711
95732
95742
95792
95803
95805
95819
95838
95840
95870
95873
95876
95904
95906
95918
95943
95965
95970
95982
95997
96009
96065
96080
96099
96104
96106
96127
96132
96148
96156
96159
96209
96235
96236
96254
96280
96301
96348
96366
96376
96388
96449
96458
96480
96532
96567
96575
96622
96630
96651
96721
96733
96742
96795
96796
96796
96838
96892
96905
96917
96940
96944
96962
97030
97059
97074
97093
97177
97196
97244
97256
97281
97309
97320
97321
97324
97392
97401
97449
97522
97538
97547
97551
97639
97653
97666
97667
97718
97744
97763
97773
97780
97822
97836
97848
97860
97933
97962
97988
98031
98046
98065
98114
98136
98141
98200
98214
98230
98304
98310
98381
98445
98454
98497
98526
98533
98544
98557
98570
98570
98572
98617
98633
98633
98648
98713
98722
98739
98813
98843
98850
98858
98877
98879
98914
98922
98943
98996
99038
99070
99071
99103
99128
99133
99142
99163
99198
99220
99240
99259
99290
99294
99329
99338
99353
99363
99390
99419
99472
99526
99564
99574
99582
99610
99611
99667
99728
99733
99749
99764
99816
99820
99824
99825
99877
99902
99911
99951
