0      0.00  33089.41
1      0.40  33000.00
2      1.77  32700.00
3      3.15  32400.00
4      4.55  32100.00
5      5.96  31800.00
6      7.38  31500.00
7      8.81  31200.00
8     10.26  30900.00
9     11.73  30600.00
10     13.20  30300.00
11     14.70  30000.00
12     16.20  29700.00
13     17.73  29400.00
14     19.27  29100.00
15     20.82  28800.00
16     22.39  28500.00
17     23.98  28200.00
18     25.58  27900.00
19     27.20  27600.00
20     28.84  27300.00
21     30.50  27000.00
22     32.18  26700.00
23     33.87  26400.00
24     35.59  26100.00
25     37.32  25800.00
26     39.07  25500.00
27     40.85  25200.00
28     42.65  24900.00
29     44.46  24600.00
30     46.31  24300.00
31     48.17  24000.00
32     50.06  23700.00
33     51.97  23400.00
34     53.90  23100.00
35     55.86  22800.00
36     57.85  22500.00
37     59.86  22200.00
38     61.90  21900.00
39     63.97  21600.00
40     66.07  21300.00
41     68.20  21000.00
42     70.36  20700.00
43     72.55  20400.00
44     74.77  20100.00
45     77.02  19800.00
46     79.31  19500.00
47     81.64  19200.00
48     84.00  18900.00
49     86.40  18600.00
50     88.84  18300.00
51     91.32  18000.00
52     93.84  17700.00
53     96.41  17400.00
54     99.01  17100.00
55    101.67  16800.00
56    104.37  16500.00
57    107.12  16200.00
58    109.93  15900.00
59    112.78  15600.00
60    115.70  15300.00
61    118.67  15000.00
62    121.70  14700.00
63    124.79  14400.00
64    127.95  14100.00
65    131.17  13800.00
66    134.47  13500.00
67    137.84  13200.00
68    141.29  12900.00
69    144.82  12600.00
70    148.43  12300.00
71    152.14  12000.00
72    155.94  11700.00
73    159.83  11400.00
74    163.83  11100.00
75    167.94  10800.00
76    172.17  10500.00
77    176.51  10200.00
78    180.99   9900.00
79    185.61   9600.00
80    190.37   9300.00
81    195.29   9000.00
82    200.37   8700.00
83    205.63   8400.00
84    211.09   8100.00
85    216.75   7800.00
86    222.63   7500.00
87    228.75   7200.00
88    235.14   6900.00
89    241.80   6600.00
90    248.78   6300.00
91    256.10   6000.00
92    263.79   5700.00
93    271.90   5400.00
94    280.47   5100.00
95    289.56   4800.00
96    299.24   4500.00
97    309.58   4200.00
98    320.69   3900.00
99    332.69   3600.00
100    345.74   3300.00
101    360.02   3000.00
102    375.81   2700.00
103    393.46   2400.00
104    413.46   2100.00
105    436.54   1800.00
106    463.81   1500.00
107    497.14   1200.00
108    540.00    900.00
109    600.00    600.00
110    700.00    300.00
