0      0.00  14159.92
1      1.39  14000.00
2      3.64  13750.00
3      5.94  13500.00
4      8.27  13250.00
5     10.65  13000.00
6     13.08  12750.00
7     15.56  12500.00
8     18.08  12250.00
9     20.66  12000.00
10     23.29  11750.00
11     25.98  11500.00
12     28.73  11250.00
13     31.53  11000.00
14     34.41  10750.00
15     37.35  10500.00
16     40.36  10250.00
17     43.45  10000.00
18     46.61   9750.00
19     49.86   9500.00
20     53.19   9250.00
21     56.62   9000.00
22     60.14   8750.00
23     63.76   8500.00
24     67.49   8250.00
25     71.34   8000.00
26     75.31   7750.00
27     79.41   7500.00
28     83.64   7250.00
29     88.03   7000.00
30     92.57   6750.00
31     97.29   6500.00
32    102.19   6250.00
33    107.30   6000.00
34    112.61   5750.00
35    118.17   5500.00
36    123.98   5250.00
37    130.08   5000.00
38    136.49   4750.00
39    143.25   4500.00
40    150.39   4250.00
41    157.97   4000.00
42    166.03   3750.00
43    174.65   3500.00
44    183.91   3250.00
45    193.91   3000.00
46    204.78   2750.00
47    216.69   2500.00
48    229.84   2250.00
49    244.55   2000.00
50    261.22   1750.00
51    280.45   1500.00
52    303.17   1250.00
53    330.95   1000.00
54    366.67    750.00
55    416.67    500.00
56    500.00    250.00
