0      0.00  61003.39
1      0.06  60975.00
2      0.67  60704.00
3      1.27  60433.00
4      1.88  60162.00
5      2.49  59891.00
6      3.11  59620.00
7      3.73  59349.00
8      4.35  59078.00
9      4.97  58807.00
10      5.59  58536.00
11      6.22  58265.00
12      6.85  57994.00
13      7.49  57723.00
14      8.13  57452.00
15      8.77  57181.00
16      9.41  56910.00
17     10.06  56639.00
18     10.71  56368.00
19     11.36  56097.00
20     12.02  55826.00
21     12.68  55555.00
22     13.34  55284.00
23     14.00  55013.00
24     14.67  54742.00
25     15.35  54471.00
26     16.02  54200.00
27     16.70  53929.00
28     17.38  53658.00
29     18.07  53387.00
30     18.76  53116.00
31     19.45  52845.00
32     20.15  52574.00
33     20.85  52303.00
34     21.55  52032.00
35     22.26  51761.00
36     22.97  51490.00
37     23.69  51219.00
38     24.41  50948.00
39     25.13  50677.00
40     25.86  50406.00
41     26.59  50135.00
42     27.32  49864.00
43     28.06  49593.00
44     28.80  49322.00
45     29.55  49051.00
46     30.30  48780.00
47     31.05  48509.00
48     31.81  48238.00
49     32.58  47967.00
50     33.34  47696.00
51     34.12  47425.00
52     34.89  47154.00
53     35.67  46883.00
54     36.46  46612.00
55     37.25  46341.00
56     38.04  46070.00
57     38.84  45799.00
58     39.65  45528.00
59     40.46  45257.00
60     41.27  44986.00
61     42.09  44715.00
62     42.91  44444.00
63     43.74  44173.00
64     44.57  43902.00
65     45.41  43631.00
66     46.26  43360.00
67     47.11  43089.00
68     47.96  42818.00
69     48.82  42547.00
70     49.69  42276.00
71     50.56  42005.00
72     51.44  41734.00
73     52.32  41463.00
74     53.21  41192.00
75     54.10  40921.00
76     55.00  40650.00
77     55.91  40379.00
78     56.82  40108.00
79     57.74  39837.00
80     58.67  39566.00
81     59.60  39295.00
82     60.53  39024.00
83     61.48  38753.00
84     62.43  38482.00
85     63.39  38211.00
86     64.35  37940.00
87     65.32  37669.00
88     66.30  37398.00
89     67.29  37127.00
90     68.28  36856.00
91     69.28  36585.00
92     70.29  36314.00
93     71.30  36043.00
94     72.32  35772.00
95     73.35  35501.00
96     74.39  35230.00
97     75.44  34959.00
98     76.49  34688.00
99     77.56  34417.00
100     78.63  34146.00
101     79.71  33875.00
102     80.80  33604.00
103     81.89  33333.00
104     83.00  33062.00
105     84.11  32791.00
106     85.24  32520.00
107     86.37  32249.00
108     87.52  31978.00
109     88.67  31707.00
110     89.83  31436.00
111     91.01  31165.00
112     92.19  30894.00
113     93.38  30623.00
114     94.59  30352.00
115     95.80  30081.00
116     97.03  29810.00
117     98.27  29539.00
118     99.52  29268.00
119    100.78  28997.00
120    102.05  28726.00
121    103.33  28455.00
122    104.63  28184.00
123    105.94  27913.00
124    107.26  27642.00
125    108.60  27371.00
126    109.94  27100.00
127    111.31  26829.00
128    112.68  26558.00
129    114.07  26287.00
130    115.47  26016.00
131    116.89  25745.00
132    118.33  25474.00
133    119.78  25203.00
134    121.24  24932.00
135    122.72  24661.00
136    124.22  24390.00
137    125.73  24119.00
138    127.26  23848.00
139    128.81  23577.00
140    130.38  23306.00
141    131.96  23035.00
142    133.57  22764.00
143    135.19  22493.00
144    136.83  22222.00
145    138.50  21951.00
146    140.18  21680.00
147    141.88  21409.00
148    143.61  21138.00
149    145.36  20867.00
150    147.13  20596.00
151    148.92  20325.00
152    150.74  20054.00
153    152.59  19783.00
154    154.46  19512.00
155    156.35  19241.00
156    158.27  18970.00
157    160.22  18699.00
158    162.20  18428.00
159    164.21  18157.00
160    166.24  17886.00
161    168.31  17615.00
162    170.41  17344.00
163    172.55  17073.00
164    174.72  16802.00
165    176.92  16531.00
166    179.16  16260.00
167    181.44  15989.00
168    183.75  15718.00
169    186.11  15447.00
170    188.51  15176.00
171    190.95  14905.00
172    193.44  14634.00
173    195.97  14363.00
174    198.55  14092.00
175    201.18  13821.00
176    203.86  13550.00
177    206.60  13279.00
178    209.39  13008.00
179    212.25  12737.00
180    215.16  12466.00
181    218.14  12195.00
182    221.18  11924.00
183    224.30  11653.00
184    227.49  11382.00
185    230.75  11111.00
186    234.10  10840.00
187    237.53  10569.00
188    241.05  10298.00
189    244.66  10027.00
190    248.37   9756.00
191    252.19   9485.00
192    256.12   9214.00
193    260.16   8943.00
194    264.33   8672.00
195    268.63   8401.00
196    273.08   8130.00
197    277.67   7859.00
198    282.42   7588.00
199    287.35   7317.00
200    292.46   7046.00
201    297.78   6775.00
202    303.31   6504.00
203    309.07   6233.00
204    315.10   5962.00
205    321.40   5691.00
206    328.01   5420.00
207    334.96   5149.00
208    342.28   4878.00
209    350.02   4607.00
210    358.24   4336.00
211    366.98   4065.00
212    376.32   3794.00
213    386.36   3523.00
214    397.20   3252.00
215    408.98   2981.00
216    421.89   2710.00
217    436.15   2439.00
218    452.09   2168.00
219    470.16   1897.00
220    491.00   1626.00
221    515.64   1355.00
222    545.75   1084.00
223    584.47    813.00
224    638.67    542.00
225    729.00    271.00
