7951
14491
25491
41610
51768
69079
87087
105446
109958
110173
134056
140948
162907
193891
194404
203910
232212
240054
250067
253406
283165
283312
288120
299582
312580
326651
344602
362749
362966
363478
365633
389374
394001
398020
402072
402466
422593
431876
435343
443385
470570
477544
479653
490443
518826
523020
525591
541607
562443
565166
567022
574581
609926
631085
652853
653145
656133
658129
691876
695735
701563
703882
712109
716258
716407
725548
727210
735532
744471
749713
770647
771036
775250
775999
798500
806882
831356
851171
852533
854288
857179
887077
892776
896274
900192
918424
919901
926419
931825
932020
936361
937905
991848
1012041
1014781
1015479
1029618
1031559
1042654
1043418
1075519
1078783
1092930
1100331
1112949
1129326
1136285
1139521
1171711
1179332
1183806
1190657
1207592
1212176
1232965
1234857
1240125
1286731
1296968
1303377
1324675
1351464
1356222
1357981
1366059
1396210
1401234
1420095
1424887
1425088
1433614
1450846
1473441
1486666
1509083
1516883
1527756
1527869
1536038
1556761
1557816
1559987
1562998
1575830
1578286
1591429
1604187
1612506
1616374
1621891
1629581
1669694
1678468
1686254
1687662
1691241
1693542
1706579
1711303
1718240
1722851
1734132
1735587
1737569
1743267
1746295
1759129
1774192
1786548
1828418
1837048
1860573
1861733
1870802
1905822
1920959
1923173
1933457
1945587
1967428
1989331
2003543
2008317
2021100
2044286
2046180
2051566
2058976
2071654
2083492
2093017
2105604
2132173
2136177
2137264
2139835
2192719
2204685
2217144
2220529
2228106
2233349
2235838
2243512
2255650
2263016
2269638
2291973
2313505
2320099
2329875
2329912
2345198
2346302
2351718
2360253
2383053
2394203
2399738
2412683
2426525
2439291
2442669
2459100
2461859
2495215
2496121
2499643
2507967
2510931
2511529
2517247
2523720
2529936
2540802
2543606
2561899
2562673
2565270
2568842
2594791
2612045
2636568
2636731
2642720
2655388
2661004
2684512
2701245
2703674
2704277
2721392
2747901
2759798
2787784
2811096
2827862
2838286
2838309
2841436
2852663
2856294
2863544
2866980
2870459
2877339
2884706
2920302
2931378
2952715
2963823
2965520
2973141
2974877
2976360
2998440
3006276
3025847
3039625
3040463
3043827
3055074
3060144
3070313
3080651
3102831
3104340
3104409
3107198
3134700
3136657
3149432
3171360
3179221
3190907
3199386
3212426
3220159
3237636
3259006
3263022
3287092
3290965
3298700
3322566
3350952
3370795
3381042
3389890
3400788
3408860
3416241
3421784
3431831
3462925
3465594
3487703
3501026
3507072
3523938
3530277
3539208
3551631
3559528
3569339
3588950
3597033
3597570
3598130
3608184
3626601
3635868
3646146
3663407
3665270
3697487
3706060
3714405
3736678
3754876
3755621
3761786
3764844
3774619
3781896
3800037
3804195
3805375
3835812
3846092
3847023
3847856
3850760
3864616
3872424
3878235
3886694
3888054
3890140
3913312
3918262
3924733
3926963
3927177
3930165
3958458
3982326
3987107
3988896
4001925
4002605
4007937
4031917
4045014
4045364
4050010
4065036
4066988
4077099
4092924
4101433
4107870
4112497
4117571
4155751
4167794
4175364
4176044
4179618
4194138
4203298
4214553
4216593
4221448
4226365
4254891
4259236
4276017
4289209
4307732
4308915
4318387
4318487
4369851
4370651
4374091
4376912
4396463
4400743
4417766
4422391
4437590
4437642
4442723
4464806
4471772
4484740
4503786
4513754
4522763
4532363
4550683
4569743
4571604
4575690
4584796
4593065
4608784
4620055
4626904
4646849
4664146
4682047
4694309
4749306
4752122
4759296
4770498
4802115
4805942
4811113
4820808
4821756
4830408
4833324
4839519
4840522
4852687
4853815
4864627
4876793
4885307
4886688
4890962
4903261
4905152
4921315
4926728
4939964
4942705
5049998
5061792
5071817
5075788
5090835
5119311
5119432
5126034
5129839
5132472
5135097
5136808
5144707
5148087
5169343
5170704
5174880
5184460
5199374
5210758
5214475
5220166
5230069
5231555
5268202
5276609
5284872
5288102
5306906
5309935
5322833
5330460
5331748
5355292
5362218
5385258
5418681
5447909
5448470
5449191
5452437
5453541
5479387
5485605
5493046
5508849
5513615
5529563
5531389
5531627
5534158
5534896
5535530
5536772
5538559
5540988
5543079
5544825
5563518
5566461
5567682
5587604
5594286
5597822
5598117
5605687
5616339
5626493
5630564
5634868
5643969
5664381
5685404
5696196
5699635
5704480
5730285
5746151
5754762
5785529
5806852
5828801
5828922
5840203
5841526
5852901
5867975
5868133
5880010
5883338
5887834
5899958
5905207
5918048
5939534
5955438
5957639
5973350
5975617
5977140
5978054
5982408
5993737
6006028
6026160
6035353
6060446
6062733
6076173
6077236
6100477
6121107
6122585
6139764
6154746
6164763
6185794
6194203
6198722
6199435
6202535
6204323
6206666
6216938
6217496
6223528
6232465
6232943
6235274
6245860
6265665
6267259
6271411
6275106
6309064
6311806
6318648
6335585
6341910
6345180
6372987
6382413
6385329
6391393
6396207
6401707
6416988
6421819
6443053
6443722
6451047
6452375
6459878
6461960
6463088
6464883
6473841
6486519
6492248
6494942
6498074
6512398
6520051
6523572
6524448
6524572
6528839
6532062
6539932
6546363
6547415
6548868
6550836
6553579
6555730
6577521
6578488
6580877
6586572
6587247
6596005
6603967
6619050
6631605
6635356
6644614
6648554
6650230
6653867
6669795
6674998
6689712
6691077
6694674
6701180
6709776
6746962
6747378
6765768
6771985
6773638
6781792
6799220
6810201
6814339
6822417
6836639
6841537
6845609
6881687
6883342
6886046
6892751
6906501
6915030
6915841
6928449
6930725
6941264
6946174
6955022
6955181
6985096
6996936
7043635
7074649
7086271
7125429
7128096
7130251
7130362
7133226
7135777
7135963
7136078
7138814
7153638
7158253
7161261
7168688
7174438
7176279
7179561
7181346
7183781
7197439
7202308
7213110
7215537
7218796
7228018
7234186
7242284
7255005
7261761
7278352
7281922
7283069
7289892
7290779
7315045
7322312
7325086
7333454
7336837
7339674
7340367
7346670
7352731
7353569
7379960
7388322
7388570
7399131
7414588
7420754
7426170
7432248
7435091
7448817
7456430
7458877
7464279
7486438
7499758
7502076
7502948
7509110
7512970
7515708
7527489
7536973
7540510
7561386
7578173
7582290
7590886
7597173
7600623
7601190
7604473
7613485
7616984
7627776
7633409
7646346
7651436
7667317
7677617
7680549
7680825
7689659
7691871
7710486
7728127
7732442
7743914
7744849
7746546
7764960
7766383
7766719
7776565
7811201
7816985
7822125
7840598
7841647
7844167
7852940
7873623
7882768
7884027
7899755
7912130
7915425
7915908
7926024
7934635
7936372
7943621
7966374
7981659
7987453
7996890
