1952
6522
25443
25684
38031
40954
42020
61622
80673
82306
87680
95758
104176
113874
134187
143571
160529
168863
201356
211164
212233
217750
219963
232648
247903
279464
291680
293260
305906
309382
324995
325628
331264
338942
340702
358948
361773
364524
376100
376937
385537
389230
419488
430182
439507
447679
452967
453469
456313
472614
474410
482447
496022
515077
518350
527578
555033
561621
569339
570412
572194
574560
611787
627061
683214
700504
722751
739599
757481
761394
763149
771367
774572
784759
804162
804926
807346
836783
839340
852395
863445
865381
875351
878767
885063
902480
906341
917561
919483
925173
934814
967894
994425
1002849
1010662
1068276
1078271
1081341
1091876
1096777
1109690
1111886
1113654
1120321
1128240
1136258
1140064
1152815
1156249
1156489
1159020
1161090
1173788
1193810
1199788
1210366
1246822
1315717
1316609
1325364
1341590
1346663
1365466
1378715
1385816
1412156
1415860
1417707
1431390
1440529
1441641
1451923
1456818
1467895
1479399
1494474
1501445
1505794
1508000
1526373
1540875
1579638
1629316
1631756
1633615
1647530
1651335
1656621
1667250
1671257
1678544
1683372
1708225
1710899
1713717
1730714
1741268
1753471
1754365
1761509
1772822
1777454
1785919
1812020
1824135
1845420
1857839
1860913
1862343
1891338
1897384
1909411
1912379
1928574
1932703
1935279
1939689
1944743
1949002
1957844
1978942
2017917
2019641
2027269
2052962
2053892
2072351
2072935
2074487
2085783
2098890
2102550
2102691
2115123
2116245
2126916
2127355
2128646
2130270
2131238
2132605
2136489
2149546
2150348
2197771
2222192
2222929
2239054
2241156
2251681
2252096
2258168
2280175
2301653
2304321
2314394
2340806
2353055
2355189
2356064
2357168
2388258
2396877
2401512
2402593
2425062
2431590
2438839
2451149
2471497
2472742
2475455
2484943
2490445
2509284
2522596
2526777
2529902
2535123
2573379
2574650
2579073
2580474
2604002
2606429
2611406
2613565
2618615
2638075
2643086
2644939
2648474
2672597
2681835
2707092
2720563
2723614
2738615
2740005
2749869
2757921
2764242
2769694
2788348
2793219
2810620
2817892
2836265
2839142
2862038
2869301
2888348
2893197
2898695
2899055
2899061
2905460
2927123
2938305
2940143
2944474
2948040
2954490
2971315
2971615
2974630
2974704
2974934
2975254
2983610
2992962
2997687
3015160
3016899
3022831
3058883
3075626
3078287
3086082
3100998
3103224
3141607
3155913
3190340
3192667
3195936
3201250
3212149
3221586
3223120
3233545
3261929
3273589
3294323
3303669
3329281
3332414
3332470
3334139
3334879
3336616
3384702
3393192
3400918
3403111
3406581
3439420
3460668
3465250
3476754
3485224
3490061
3500563
3508485
3523110
3530701
3547447
3561246
3563588
3566295
3602800
3612809
3643103
3663637
3666097
3673631
3679382
3692804
3693380
3693508
3698555
3700542
3721303
3725285
3730968
3738506
3741561
3744024
3747643
3748112
3766754
3788273
3796000
3799440
3811921
3827200
3835626
3837604
3838379
3845297
3848294
3859392
3859849
3867880
3874383
3879421
3882090
3888608
3890708
3908561
3910556
3915564
3916614
3920118
3929167
3931177
3953703
3977213
4012754
4019391
4019813
4027383
4082004
4086799
4098414
4103155
4103263
4119565
4130797
4134477
4142264
4142831
4149803
4167592
4167723
4175598
4179841
4215916
4224898
4232051
4237996
4243055
4245398
4261345
4265800
4273228
4282034
4286240
4293612
4334952
4354876
4365451
4371522
4373699
4377030
4381372
4402791
4403874
4407893
4426639
4429560
4432947
4459004
4466359
4474614
4475321
4477045
4482947
4492046
4501061
4502113
4522156
4525287
4525489
4544914
4566137
4573387
4578437
4585552
4595173
4595745
4625273
4648751
4655369
4685149
4688814
4694074
4695913
4704147
4730281
4745467
4770270
4770356
4805236
4808886
4810456
4814983
4816882
4837930
4839949
4853691
4856703
4864250
4869817
4880457
4927536
4961378
4971103
4975614
4983473
4989863
5063180
5065043
5090023
5096137
5101285
5103495
5113652
5121908
5121959
5126000
5131149
5175415
5178932
5191532
5191971
5200649
5226200
5228576
5247995
5253653
5258207
5262093
5293321
5310922
5321803
5339182
5341419
5370852
5371654
5379659
5397005
5422044
5424333
5433014
5435744
5461455
5461738
5477063
5478288
5513056
5521417
5546365
5571971
5572342
5578884
5597875
5600529
5600549
5611514
5614002
5614718
5623028
5643988
5675334
5678583
5693388
5695981
5727365
5745199
5770423
5773433
5774605
5778062
5779105
5785146
5786209
5806392
5821354
5835184
5851179
5852805
5855985
5878006
5881773
5904178
5920756
5934482
5943172
5946089
5952810
5956894
5967229
5969493
6009059
6016972
6031331
6037546
6043560
6046022
6048247
6069104
6076490
6112049
6119931
6123655
6136521
6140013
6142017
6161577
6164630
6176031
6176756
6178615
6179553
6200175
6213338
6221168
6230352
6235723
6248781
6265322
6283645
6285268
6301246
6301323
6305023
6306670
6321261
6333025
6338856
6350177
6353589
6364071
6367725
6375284
6390676
6392131
6394284
6424273
6449008
6466261
6469368
6487272
6488534
6520003
6520598
6527103
6527576
6529916
6539909
6554624
6556441
6559946
6562996
6572541
6574686
6582558
6589624
6601438
6606038
6612459
6653018
6662982
6664228
6665492
6669504
6671317
6682022
6714785
6737397
6739586
6750183
6750387
6757477
6762837
6769586
6769705
6781897
6797282
6822920
6830525
6842439
6851513
6855732
6867014
6885416
6888878
6892137
6901122
6905117
6907687
6912481
6947975
6949290
6953727
6965159
6969885
7005327
7006901
7021117
7021820
7021912
7040089
7040450
7047318
7048186
7065346
7067390
7075618
7079877
7094165
7095045
7100198
7110472
7112927
7131113
7131552
7143920
7153347
7169540
7179325
7189775
7197317
7197376
7198461
7201697
7202826
7221943
7223354
7225547
7230258
7232760
7233045
7246224
7253026
7258935
7271444
7275782
7288517
7296125
7306817
7319350
7324678
7336554
7347593
7355570
7361379
7396851
7397527
7400430
7420900
7429025
7447731
7464969
7467279
7502240
7504867
7520048
7527060
7542371
7565591
7581109
7594768
7596395
7602269
7625553
7639803
7640530
7670407
7672138
7686268
7693181
7696874
7698278
7702614
7713381
7718176
7722329
7727430
7731719
7737371
7738119
7740169
7740848
7765864
7792239
7797268
7835227
7857366
7869236
7870845
7872453
7881313
7892989
7919330
7924162
7929107
7946214
7949030
7958223
7970973
7971253
7974351
7998607
