27407
35686
58639
75800
77873
100058
117159
124761
127931
148971
152060
152081
186652
205224
210023
214091
218950
222084
224795
230260
240229
266881
267285
285421
286101
293555
298955
336413
360645
378454
394781
410657
420039
435381
445008
454877
462071
499600
530404
564074
567421
570651
589457
612241
622221
641104
693065
715863
720806
748325
778360
811024
829646
842360
900222
909354
922439
932418
945841
967333
1010682
1015794
1025457
1047452
1059362
1085651
1120178
1136709
1139241
1142150
1144882
1177284
1204028
1209976
1291274
1315407
1330696
1333475
1359356
1371488
1389615
1391275
1398779
1436543
1440223
1440283
1458478
1474537
1482855
1506570
1506858
1511109
1520245
1544331
1551630
1562292
1574586
1597923
1620077
1685028
1685570
1710145
1726285
1741239
1746145
1747439
1749093
1749399
1761520
1792995
1809431
1821675
1829415
1833969
1888406
1910809
1922558
1941934
1942835
1967058
1996487
2006240
2046816
2085311
2085873
2088398
2094582
2119353
2136634
2141848
2172059
2264090
2292613
2306768
2307196
2317587
2332196
2356391
2369572
2369998
2376310
2400106
2455682
2496380
2503205
2504692
2506274
2510038
2510082
2511448
2515238
2523321
2546767
2594226
2606459
2621066
2622150
2644618
2656461
2659653
2694155
2701522
2702194
2725077
2733390
2742920
2789467
2796115
2811559
2812700
2818560
2825973
2836004
2846952
2850459
2857797
2873911
2876947
2883865
2903056
2942418
2966069
2981957
2987850
2994456
3053211
3055139
3107576
3123019
3125984
3133015
3140523
3153771
3190801
3196111
3231223
3254828
3260451
3286069
3293829
3293906
3302356
3311379
3324241
3328440
3363211
3403567
3415554
3437222
3446290
3488399
3491400
3513551
3518511
3526910
3548449
3570491
3570868
3574093
3580987
3598461
3634233
3641318
3669334
3670936
3688292
3694809
3711850
3716481
3719514
3733015
3760669
3773956
3787498
3793963
3802225
3813150
3817892
3830408
3850217
3851539
3863365
3892244
3892376
3896029
3914675
3950290
3958341
3983463
4009713
4082950
4091938
4095865
4105328
4107487
4110240
4116822
4121470
4124652
4153417
4156614
4178729
4203828
4235239
4236660
4255066
4259465
4261695
4261757
4265219
4271729
4289224
4293099
4315968
4332747
4346714
4367609
4377355
4417253
4446284
4478695
4496281
4501838
4516182
4534576
4586035
4588411
4601593
4606542
4615356
4619893
4657275
4659907
4661192
4685658
4716436
4719600
4733355
4756253
4764683
4801825
4809976
4836885
4850578
4861218
4888048
4897986
4904272
4910253
4921006
4939881
4945136
4972416
4979517
4999287
5001379
5001810
5003042
5012243
5026091
5036967
5057060
5063225
5085782
5169810
5196489
5204325
5211890
5237962
5241803
5246246
5250179
5252501
5256980
5260549
5270280
5270867
5276544
5324922
5329722
5345117
5358233
5362804
5372715
5390680
5394732
5402388
5403664
5405486
5406526
5429169
5443706
5444401
5450682
5450805
5461214
5485989
5498716
5524718
5530284
5557983
5563895
5615934
5628904
5632003
5676174
5680268
5683941
5694926
5713931
5779263
5786198
5791361
5822699
5834941
5873367
5911448
5917921
5960449
5964903
5970744
5998629
6036248
6083090
6096879
6110587
6161642
6171507
6185305
6194248
6203869
6207305
6249642
6255804
6266540
6274370
6286377
6288761
6301953
6337069
6341494
6358480
6366566
6389249
6414159
6420893
6432873
6458869
6459367
6465418
6495812
6518120
6540197
6565919
6581201
6609999
6620264
6625428
6656987
6669115
6686184
6689493
6696764
6704032
6705060
6715540
6729516
6750848
6779662
6796494
6854260
6855550
6873431
6891465
6916888
6959206
6965164
6969516
6979386
6980164
6995128
7002250
7027128
7061874
7064105
7089311
7090750
7103448
7117003
7143745
7152521
7171017
7181689
7205830
7207371
7210051
7219163
7221247
7236097
7256597
7291645
7340285
7357679
7361610
7383598
7396329
7397761
7450102
7457716
7468758
7476748
7479063
7488024
7494394
7500427
7544917
7547670
7570108
7585633
7591924
7592009
7604917
7609172
7630801
7635903
7647005
7651355
7651636
7674663
7694425
7729762
7737156
7784344
7784345
7795754
7802181
7811824
7813556
7816319
7828912
7830388
7835395
7840455
7848050
7856930
7858270
7861864
7890715
7926566
7942654
7943082
7954508
7960210
7960556
7975592
7997643
