5739
14359
24794
33121
44005
44609
50733
56860
67156
74687
76497
76769
86718
87559
108992
114814
119309
122438
122740
129876
135850
136246
141928
150665
153740
157404
162220
164558
172880
178749
183388
210515
216681
218593
219786
237962
252388
258670
262070
266544
270929
279052
279305
285037
293860
296268
301410
303917
308546
324775
331150
340772
344534
357866
366530
399223
406172
408673
409582
410634
410859
412232
412614
426883
434083
471903
491446
493778
495603
506585
545175
545199
556656
559040
566941
596242
621204
622653
628847
642265
668358
683589
685070
693803
744558
755026
759360
795608
800905
803231
806470
808456
824654
837114
860781
864414
871799
876340
876732
883020
886815
888511
892552
898312
904205
906185
907399
907577
915501
922512
959173
964854
972241
1003609
1016324
1020925
1025399
1027731
1030746
1030931
1068163
1090670
1096242
1099245
1100528
1119532
1122194
1129668
1137379
1155316
1157629
1174075
1181114
1217838
1222017
1236735
1242454
1249502
1257235
1258137
1265264
1273257
1274423
1278035
1294839
1311099
1323104
1344223
1344443
1346630
1365990
1395036
1405735
1418024
1422661
1432363
1433861
1457790
1464976
1482168
1496074
1498403
1505073
1537662
1569296
1573227
1580397
1581572
1582924
1583154
1586474
1589558
1603491
1607238
1611516
1618095
1627723
1630012
1632586
1653402
1661764
1664556
1667182
1670493
1671104
1676476
1681400
1687338
1687382
1704150
1706271
1707687
1712195
1720156
1725673
1729657
1747295
1750964
1762589
1763282
1763570
1765284
1782352
1788903
1791393
1808820
1809219
1836924
1842520
1847822
1851799
1855775
1856213
1861503
1864502
1873466
1893201
1896555
1913504
1914068
1941021
1950786
1951985
1954818
1955329
1967812
1974945
2001433
2013546
2033361
2042427
2044235
2048716
2050255
2050585
2055199
2082768
2083766
2089834
2110379
2112461
2122691
2130089
2136494
2143699
2161482
2170811
2180544
2187019
2189999
2195439
2195850
2196216
2196388
2197117
2211357
2215209
2223753
2225002
2251672
2253124
2254911
2258167
2265108
2273192
2276831
2277878
2278238
2283364
2301884
2305039
2306002
2306496
2318385
2329420
2349127
2362378
2372674
2378272
2384557
2409072
2426273
2431924
2432176
2444116
2468361
2469362
2494826
2495008
2501516
2503409
2504633
2516656
2557460
2578550
2579042
2592400
2593222
2595443
2606129
2610171
2631069
2641779
2677236
2685571
2686188
2687982
2694149
2699224
2702411
2706169
2717664
2718725
2721519
2744260
2744277
2778132
2783905
2792126
2798331
2801764
2801873
2803771
2805024
2810423
2815505
2818119
2819557
2821895
2830856
2852287
2852649
2854929
2865869
2867964
2876549
2885666
2900263
2909743
2911776
2920593
2923763
2941192
2946963
2982614
3004273
3034193
3037474
3041836
3042149
3056886
3067807
3076936
3079470
3093212
3100499
3104986
3111881
3117518
3121495
3123910
3127598
3129198
3136954
3152068
3155317
3158484
3165074
3165880
3181883
3192897
3199017
3209991
3217816
3237740
3240606
3250766
3260070
3260341
3266158
3266483
3272299
3282702
3290776
3305788
3314016
3316745
3332083
3332556
3332779
3332884
3338653
3347369
3350182
3354397
3359669
3391864
3393341
3427863
3435066
3435732
3440077
3442239
3446906
3449970
3451138
3452312
3460023
3470522
3472839
3511816
3515991
3516324
3518430
3521675
3547149
3548167
3556270
3572319
3576774
3589688
3595306
3612304
3624322
3638144
3652450
3658047
3664407
3672667
3677793
3688100
3688138
3710406
3734487
3744161
3750713
3756136
3776589
3782542
3792813
3797638
3804437
3806598
3813337
3828001
3829545
3841358
3841492
3845913
3848433
3855639
3870386
3885173
3897982
3906903
3931564
3932431
3938179
3942630
3946984
3949758
3958480
3970801
3973183
3973320
3975533
3977173
3992891
4008980
4013246
4023637
4040265
4045577
4053715
4062724
4070958
4072540
4076565
4090157
4092390
4094929
4097463
4100743
4106648
4123046
4124062
4124269
4133011
4142895
4142918
4166547
4184048
4190297
4198997
4201627
4205819
4205860
4217806
4223696
4232827
4237864
4238606
4239146
4240152
4251355
4256837
4258864
4260364
4270512
4282012
4283679
4287912
4307351
4321613
4327833
4330307
4355436
4361938
4366325
4373058
4373293
4388285
4391016
4392821
4398390
4413451
4421015
4425785
4440752
4452200
4467887
4480815
4481031
4484671
4486873
4487862
4489993
4494697
4497324
4497840
4504435
4508497
4509993
4519983
4532820
4548006
4551030
4558096
4566155
4569528
4574903
4593970
4596027
4599447
4608537
4614341
4620369
4637886
4650895
4658973
4674029
4675378
4696421
4701804
4712467
4720490
4730470
4739048
4746728
4748964
4750564
4760152
4779273
4809358
4816200
4832150
4844041
4848421
4864191
4881761
4883962
4888725
4898889
4916961
4918459
4939243
4942199
4949687
4954207
4989550
5004013
5009425
5015719
5015822
5017479
5024184
5029403
5042358
5046934
5053292
5061610
5062522
5069641
5071242
5074558
5094310
5099819
5100180
5104641
5109424
5111851
5116739
5126348
5130522
5137360
5156358
5163253
5184617
5192004
5197071
5210642
5233018
5243194
5244948
5256538
5264013
5274016
5279605
5283416
5303959
5304544
5313676
5341222
5347191
5355737
5356393
5360242
5375327
5382569
5387908
5412873
5422636
5423635
5444877
5449757
5453709
5458738
5470981
5480176
5488723
5489752
5515195
5518689
5519249
5521867
5527224
5534636
5557075
5560648
5560872
5578917
5582146
5582468
5586831
5587333
5591111
5591328
5597763
5638393
5638922
5645372
5647909
5658348
5674147
5687655
5695528
5714829
5719528
5737023
5739664
5743317
5752560
5761906
5777218
5780177
5780828
5782887
5794479
5799693
5803979
5808772
5820316
5821720
5831722
5870245
5888174
5898908
5908185
5909288
5918911
5932824
5942576
5944632
5956824
5970306
5970965
5976672
5980325
6003011
6018460
6020613
6021369
6030296
6042176
6043627
6045688
6053499
6058314
6072329
6072578
6083080
6093751
6115637
6118320
6142034
6142808
6146548
6154890
6162134
6173113
6173168
6176579
6198748
6199553
6202034
6213051
6220000
6235449
6240411
6255596
6259149
6263189
6268907
6276856
6278008
6284815
6288463
6297311
6315102
6321623
6330213
6333138
6340045
6344097
6353893
6357726
6366235
6374589
6376802
6377141
6396316
6396897
6411978
6420103
6425494
6430434
6459981
6461668
6462957
6472049
6487933
6490146
6505111
6517724
6552811
6559284
6565904
6567843
6570128
6579237
6596354
6603865
6619159
6637719
6638590
6648169
6653426
6654028
6665606
6676352
6698657
6702823
6706633
6723224
6725858
6728030
6729993
6730845
6735458
6742490
6744217
6750196
6753216
6754068
6754980
6771721
6778056
6780104
6792023
6797080
6814359
6823955
6828628
6839898
6849646
6859429
6860640
6863147
6872610
6897250
6905311
6907184
6917913
6943975
6945398
6952749
6959088
6960870
6966232
6969721
6975534
6975573
6990140
7012504
7013502
7013916
7014713
7017492
7021716
7023050
7023255
7038388
7041607
7041709
7057589
7058928
7062049
7078753
7087076
7087641
7089175
7091141
7096661
7101616
7101703
7119992
7127132
7130510
7130579
7142563
7146195
7154657
7159045
7164447
7167540
7175826
7177187
7180935
7188584
7189990
7204656
7206179
7223744
7225232
7228512
7239106
7246971
7251495
7253001
7259833
7264195
7272730
7274092
7286958
7295164
7300087
7304431
7310423
7352867
7358263
7361707
7364916
7372873
7378170
7378260
7380947
7388138
7394626
7396956
7403194
7403515
7407091
7417459
7421613
7422447
7426932
7428337
7446830
7449041
7452141
7458380
7459783
7476010
7476751
7479853
7490983
7494056
7495039
7516160
7518732
7526431
7543674
7543693
7547813
7555144
7557685
7562408
7569358
7589289
7594079
7594782
7614634
7618059
7628011
7629212
7637162
7647487
7651250
7666482
7666958
7672035
7672433
7697283
7711051
7714527
7720647
7727347
7732949
7753698
7756839
7774831
7777552
7802062
7814570
7821129
7825660
7846140
7867293
7880737
7891837
7895568
7902052
7905391
7906137
7908262
7910683
7922251
7927914
7962875
7987128
7988719
7991949
7995100
