24076
41589
45649
50793
52716
73713
76927
85155
88921
89881
98316
101333
113302
184463
225452
258391
308534
364890
374880
416052
417872
438194
469172
475847
476452
479217
491732
534517
559619
611557
614365
614915
630713
655847
658572
726271
730932
753061
766367
771968
794918
799432
802303
811967
819971
835069
873043
892723
908608
921492
938227
947837
975800
977885
1007618
1050518
1069504
1073638
1079910
1098604
1105425
1130655
1142804
1147536
1164198
1177005
1192551
1193619
1203692
1212802
1226335
1311993
1317033
1320057
1323816
1329383
1335110
1387365
1441235
1492714
1498532
1507419
1512659
1526480
1552747
1571566
1573367
1574571
1574601
1577632
1629667
1741391
1809274
1855024
1913149
1937857
1972377
1975577
2005988
2018965
2057681
2064826
2095815
2124305
2126764
2180127
2192007
2211778
2258411
2266133
2273928
2298822
2306191
2309394
2323114
2352415
2373318
2390406
2396025
2416644
2458985
2473675
2499295
2524923
2538369
2564476
2605527
2606091
2632107
2641793
2644482
2648588
2669441
2672478
2680041
2711507
2828330
2910327
2925177
2953226
2956298
2994588
3010815
3010983
3078663
3087314
3096183
3116208
3174790
3256961
3276681
3307078
3325154
3326898
3349818
3358905
3367740
3410013
3430427
3477369
3503925
3547437
3552542
3574185
3614307
3634980
3638303
3648364
3666217
3666472
3686238
3699673
3739449
3750424
3777612
3796444
3813182
3843566
3878676
3879166
3909936
3925750
3928079
3933897
3971307
3991958
4065395
4074733
4098250
4109456
4139642
4140638
4143343
4189557
4196859
4197390
4224163
4235384
4242892
4255503
4256359
4267370
4278326
4359626
4388180
4393496
4440315
4466353
4505802
4568822
4591780
4606964
4623799
4639916
4689253
4704838
4723780
4738190
4840419
4867125
4869151
4907202
4937272
4979662
5008410
5012012
5033644
5035273
5037070
5040184
5054118
5061591
5106788
5150051
5160356
5226463
5237510
5264887
5332877
5363115
5390805
5435984
5446235
5503498
5506450
5524096
5533143
5538894
5573041
5613848
5641954
5677756
5752714
5779885
5780689
5787325
5943115
5950403
5952157
5954464
5960410
5980103
5993462
6010822
6068302
6074740
6118865
6127868
6148500
6170306
6221877
6230392
6244553
6259063
6287755
6299285
6388317
6431061
6431729
6445979
6454023
6469706
6497411
6504849
6517245
6540013
6552983
6668906
6690096
6696808
6712901
6734484
6765285
6773830
6778319
6788289
6818976
6838689
6855938
6900420
6903835
6924347
6925541
6951966
6994301
7004867
7063006
7076149
7083056
7129216
7146962
7179407
7201371
7217520
7220951
7222243
7245993
7307241
7343663
7344225
7394067
7405043
7412696
7447516
7465919
7507646
7542400
7579956
7585810
7636170
7654345
7677857
7687369
7727847
7739459
7809485
7837047
7855965
7869376
7871819
7893237
7907983
7919605
7978939
