9760
27404
47096
54928
68079
72328
85025
92280
110567
111905
123864
125413
148321
164315
189235
202070
237886
240120
244079
249310
260282
273464
304288
309909
311731
322231
334874
339835
348569
350185
393392
393598
400595
400952
402807
422086
428971
435917
436193
437324
438719
442865
445692
473386
485367
486087
489122
498081
529010
542519
548556
556019
561277
568996
569101
585430
602164
603985
609292
619319
625383
627536
640154
643441
647950
665122
667828
669918
672579
711877
723638
724843
768879
772853
774982
787545
792397
794401
800435
810588
823439
855725
856969
860281
867344
873392
874191
874734
876022
876114
890341
899565
914913
915990
928209
941502
948773
950058
964104
968513
991542
999709
1006532
1015393
1029628
1030086
1035676
1047307
1047967
1058130
1068990
1069460
1090689
1092205
1094415
1110991
1113809
1116147
1124463
1130057
1130246
1135714
1137154
1141372
1142820
1142897
1162654
1166569
1185870
1211601
1222015
1233089
1234131
1238505
1238914
1239569
1261111
1262765
1263823
1265698
1286881
1314335
1316663
1317178
1358317
1361761
1370411
1377572
1385322
1388015
1388287
1395138
1424132
1438528
1440103
1446978
1454703
1467309
1484946
1490671
1499283
1499823
1500403
1518897
1524629
1525403
1528929
1548365
1549036
1552920
1571274
1571504
1574068
1578723
1581442
1585967
1590159
1599651
1614430
1616024
1616454
1624552
1637609
1638638
1640080
1676585
1696431
1696610
1705969
1740917
1742194
1756166
1756916
1766785
1772267
1793155
1826609
1830643
1837494
1844045
1844556
1855850
1856292
1868003
1870800
1871883
1876099
1883974
1900146
1909263
1926973
1929110
1943891
1949332
1949513
1954496
1955315
1963767
1966174
2030348
2036348
2038698
2043601
2051806
2061024
2063065
2069409
2069828
2098443
2104925
2112747
2117047
2124134
2138850
2144231
2148036
2151047
2174160
2176724
2202515
2204170
2239377
2240123
2243721
2290160
2295048
2296874
2309446
2317147
2345485
2358309
2362636
2363963
2391134
2391458
2404393
2427548
2434233
2435990
2440110
2499535
2500618
2542276
2548961
2552613
2562230
2568641
2573466
2580336
2589000
2593920
2599092
2611403
2617829
2627730
2634474
2636387
2641135
2642681
2667316
2677893
2694669
2698609
2701708
2702500
2714458
2715596
2722723
2741840
2746996
2747671
2771681
2799947
2838021
2850537
2854066
2857636
2864696
2872019
2872469
2876464
2887181
2887721
2889400
2922123
2934642
2939125
2944279
2946697
2947673
2952568
2954847
2960022
2965471
2977856
3000249
3004139
3004696
3006084
3011146
3023311
3041716
3043327
3046738
3052146
3058403
3064328
3070791
3078268
3082424
3095603
3104271
3115069
3133341
3146318
3150448
3159738
3161857
3163093
3177669
3178293
3186283
3210509
3228619
3251632
3252323
3252429
3270438
3270499
3295824
3302687
3306680
3315239
3320951
3336478
3367082
3367755
3397507
3398364
3415088
3440676
3453950
3457513
3460813
3469849
3503187
3527832
3566616
3579993
3584504
3590624
3591021
3614560
3620307
3621859
3638700
3640455
3666663
3669367
3715032
3715353
3716623
3730720
3739074
3743556
3744114
3746380
3746749
3758914
3764827
3768012
3777031
3777704
3781109
3782367
3784955
3792481
3802990
3807760
3819225
3823947
3824818
3838834
3860990
3879002
3891548
3891944
3892168
3906049
3910801
3912006
3915494
3925407
3926284
3933953
3940453
3950684
3956861
3966166
3979281
3979789
3980330
3990137
4004720
4017803
4031568
4032210
4062499
4066619
4081176
4085428
4108417
4111278
4121435
4127667
4137524
4146780
4155419
4162264
4182449
4184241
4190869
4199364
4214883
4232593
4241347
4255204
4279255
4290613
4354952
4355097
4362192
4368429
4376473
4387730
4404585
4405090
4405591
4427929
4446163
4466577
4492341
4505590
4512375
4525515
4531752
4547057
4549642
4550611
4555031
4582190
4600443
4609357
4611743
4622506
4629357
4643676
4656421
4664124
4671721
4691351
4693969
4699573
4704299
4717489
4720882
4748063
4754013
4763239
4772703
4789848
4803402
4810900
4820237
4824439
4829519
4835812
4846931
4851090
4854960
4857247
4884508
4900224
4930728
4935848
4949457
4954452
4956085
5001417
5018567
5018738
5049925
5056174
5127114
5128965
5132265
5136024
5164265
5171126
5202969
5258599
5266859
5274597
5275666
5284697
5285523
5287216
5291863
5305535
5315657
5317039
5321433
5325849
5333562
5353583
5360257
5362810
5374110
5378234
5383837
5384175
5390474
5399220
5400727
5415797
5424835
5429222
5437437
5437759
5449063
5451579
5455772
5473948
5476910
5534235
5538582
5544330
5578943
5590661
5593910
5596387
5607645
5619166
5632887
5640451
5658298
5659328
5662869
5676970
5683327
5707877
5710419
5716509
5718718
5723525
5739034
5772416
5781522
5805479
5833641
5833844
5842039
5845919
5864038
5867384
5878310
5907169
5923059
5928610
5930966
5952853
5961336
5967421
5970507
5971907
5987094
5988361
5988599
5997426
6019576
6022404
6036499
6040045
6040914
6054092
6075345
6089277
6101297
6101911
6109899
6148014
6161378
6167562
6171751
6192489
6198126
6211012
6218763
6229602
6231451
6232396
6235572
6250823
6252267
6263640
6278536
6298084
6298618
6301170
6316725
6320910
6340475
6351413
6352340
6382272
6403089
6406103
6420083
6435691
6449289
6449363
6472619
6485667
6508583
6511379
6521966
6531744
6565475
6569010
6573171
6581671
6589054
6603410
6607355
6630079
6637058
6687084
6691450
6744006
6746712
6760121
6771188
6790722
6800416
6801808
6804936
6809705
6812011
6815634
6819661
6827998
6834443
6835621
6839917
6841783
6846399
6848316
6848515
6857870
6876321
6879975
6882585
6892736
6907593
6914290
6924547
6932865
6976846
6989427
6999958
7003882
7005430
7011266
7012418
7043510
7043827
7044670
7054692
7065856
7075451
7087332
7089184
7089587
7092290
7096744
7102802
7110548
7141318
7144115
7158696
7159169
7160623
7164907
7199645
7203640
7218451
7221577
7224716
7225034
7229150
7229757
7243245
7254869
7261672
7266093
7267326
7267942
7288199
7306547
7313534
7334808
7337436
7343418
7352634
7354748
7361174
7366409
7377180
7413077
7426560
7429799
7436019
7454219
7476315
7479519
7479802
7483922
7499711
7505903
7509372
7532235
7533410
7534835
7535699
7536329
7540084
7544010
7563164
7569207
7571831
7580955
7597679
7605104
7607046
7607835
7617097
7622089
7655512
7665147
7675058
7686235
7688982
7693303
7693588
7711214
7715645
7723427
7746427
7750357
7751947
7759805
7776526
7784671
7787858
7789095
7789755
7794231
7821351
7822004
7828641
7837533
7841947
7851104
7851521
7851777
7862404
7874242
7903962
7948927
7951227
7952601
7963893
7990331
