4793
5495
9710
28815
50748
68430
118874
129900
144110
160722
170207
170859
173637
176513
200472
226392
230551
257494
276475
299904
328738
349488
383264
409892
421027
435211
484923
535171
536368
543879
555635
562761
567934
568614
573447
587473
588991
590458
626060
690419
704164
709573
717033
724134
724763
746515
751236
790928
791220
826891
844563
863825
869430
873471
900700
900985
904748
922741
942771
949173
964842
968014
973257
994053
1090970
1091146
1126313
1151215
1170017
1172283
1200236
1208205
1215162
1233091
1252719
1263288
1304530
1310086
1330322
1345058
1383484
1409789
1429008
1435526
1436289
1443352
1450575
1468372
1485682
1502232
1521480
1526125
1541214
1542336
1543134
1548460
1561204
1587319
1589362
1607752
1630504
1642944
1727045
1750255
1763448
1768283
1773207
1777088
1844718
1845011
1858845
1927774
1929787
1956028
2037191
2051179
2059710
2072355
2106913
2111542
2129753
2133185
2138258
2141045
2156240
2216517
2236370
2255250
2262827
2266717
2298368
2320119
2332224
2337177
2352688
2354681
2354842
2358288
2358427
2364959
2369950
2384851
2413120
2439265
2445458
2467597
2492775
2511933
2550372
2595040
2608169
2640852
2641368
2643174
2669580
2696541
2702373
2706464
2723420
2746696
2771668
2782378
2786844
2807717
2824531
2825402
2906595
2928116
2948080
3003983
3063031
3110357
3177346
3209324
3233377
3243814
3261186
3277375
3304869
3371159
3396829
3402083
3408323
3409300
3414263
3420379
3433698
3436661
3443207
3487448
3491187
3531623
3533752
3562644
3601147
3733404
3737496
3743381
3945113
3954220
3965372
3969010
3969498
3972363
3979703
4005738
4040529
4045309
4067643
4079392
4088821
4153990
4161361
4174944
4186639
4208377
4265447
4307612
4310588
4329660
4342392
4342841
4359554
4365671
4373958
4386807
4409774
4423641
4425267
4458463
4470587
4482087
4520759
4522235
4524616
4545573
4559784
4562866
4574663
4577392
4587176
4590998
4641639
4662243
4669096
4677915
4690671
4691707
4700664
4822427
4825461
4898536
4901354
4901459
4967792
4979229
4999190
5004319
5009719
5035568
5044545
5059397
5062356
5063832
5083658
5086745
5115529
5135174
5162436
5235004
5240152
5262026
5283174
5287859
5291075
5301457
5305654
5321917
5342453
5351828
5358626
5392985
5393921
5407833
5419460
5438712
5453571
5463023
5486346
5494345
5523359
5534805
5541632
5548719
5550211
5563738
5570054
5582776
5588782
5602402
5639667
5665032
5697442
5697841
5710315
5722081
5751908
5761264
5769885
5794623
5819266
5833701
5844066
5889426
5902368
5903208
5903687
5934976
5938701
5953711
5957710
6001959
6084281
6099126
6100210
6109436
6110286
6119159
6128465
6138068
6190605
6190611
6210074
6227315
6249878
6293136
6301659
6316697
6372828
6394230
6399887
6423267
6429960
6453924
6467320
6479520
6526623
6530583
6558803
6597984
6683975
6734213
6748619
6782451
6797661
6805051
6832649
6841254
6889499
6949759
7010932
7019226
7096467
7103560
7103966
7121314
7122746
7144473
7145104
7156997
7201763
7253753
7268622
7286277
7302541
7305389
7318434
7330683
7332412
7350105
7358269
7378600
7432871
7446000
7452944
7481274
7540131
7583328
7591248
7595736
7654096
7659916
7671351
7674303
7682877
7691767
7700955
7702494
7703425
7706133
7712295
7726492
7738970
7739593
7756197
7773318
7777271
7787769
7822373
7829693
7869194
7906027
7924540
7935761
7944331
7982422
7984417
