2712
18505
31357
43092
57457
60389
74856
81900
102999
153105
159720
165530
166254
169516
201443
204388
206740
214828
228285
231262
254785
257809
259719
290978
291870
295503
322612
337856
362613
375767
386165
408783
410969
419701
422887
435644
455763
497324
509969
518133
545851
577366
583068
600675
612245
615544
636125
636241
646606
646979
650172
656122
671791
681037
694910
712479
716723
723003
725203
747775
752090
756302
778009
800141
801980
803902
808163
818266
838765
839384
843912
849262
860856
887316
900495
909222
912552
918755
936351
942671
947690
960446
963813
968143
970285
973015
973663
979148
987750
988131
991148
993379
1015354
1037127
1040617
1041161
1042722
1051819
1083628
1101049
1113350
1114614
1116290
1119871
1131620
1140652
1150895
1152018
1156415
1158624
1173286
1178010
1184555
1187481
1196037
1199215
1204231
1212391
1219256
1249128
1249892
1252451
1257661
1262365
1270046
1271710
1275347
1292475
1294924
1296275
1298013
1302331
1305636
1307963
1310855
1312898
1324740
1336948
1364727
1380902
1401052
1411209
1412351
1415434
1430391
1431319
1431462
1433396
1437357
1475610
1478981
1497437
1512269
1513633
1522716
1540629
1552692
1571321
1571455
1580335
1580963
1582636
1585856
1588145
1593507
1595821
1603254
1607461
1613900
1625141
1636230
1637026
1667273
1677748
1686655
1716702
1733152
1734760
1752453
1754016
1761277
1761904
1781101
1786999
1789458
1799869
1811264
1815880
1822382
1822932
1825215
1832110
1845123
1847829
1866759
1868281
1869632
1869650
1873871
1873919
1875154
1882150
1883404
1883649
1884168
1886728
1908079
1910229
1918967
1937939
1957940
1968927
1970397
1971547
1980047
1981091
1987870
1988208
1994404
1999066
2005403
2013079
2018356
2027813
2039101
2039166
2039865
2041800
2046664
2057984
2068341
2068947
2071725
2097866
2100156
2126694
2133440
2133671
2135911
2142521
2174858
2175918
2192397
2208472
2217039
2254853
2257270
2263166
2278111
2284588
2289462
2290708
2300302
2304149
2320060
2325168
2338823
2346041
2352505
2356956
2362434
2380982
2387290
2403318
2445977
2446975
2456838
2464553
2469038
2469562
2472552
2479005
2479222
2526414
2530707
2543560
2574844
2583737
2586485
2593200
2601557
2603347
2606509
2614713
2626276
2628372
2641834
2646040
2668413
2673311
2675843
2676475
2683853
2688311
2690505
2699739
2700490
2730280
2731033
2733518
2748086
2761353
2795080
2798315
2807241
2810062
2815036
2817203
2818660
2847251
2850351
2857482
2859297
2869713
2873004
2873268
2900057
2920353
2943919
2947350
2958499
2977258
2980038
2981058
2983430
2988342
2988698
2992141
3025234
3026044
3026063
3045495
3074990
3084896
3085833
3117529
3124172
3133362
3136429
3147866
3154327
3156240
3161955
3162396
3171754
3174325
3174887
3184220
3204957
3234368
3247475
3255898
3256443
3263713
3268215
3273105
3294345
3296647
3297902
3310524
3313020
3318211
3321911
3342603
3345109
3355834
3359533
3364608
3375374
3384095
3394943
3396056
3409071
3420665
3430846
3431636
3433175
3440063
3450199
3478361
3495861
3505865
3511517
3514170
3525528
3542325
3544740
3563920
3566900
3569133
3575873
3577709
3587510
3590036
3590569
3600187
3606740
3614048
3618437
3632268
3645382
3669463
3677095
3698311
3717738
3723176
3729267
3746554
3748841
3750198
3753061
3762543
3767726
3773027
3775247
3777362
3780394
3789077
3790666
3794662
3801814
3806755
3827194
3827832
3854938
3865820
3868798
3878954
3890815
3891602
3892485
3913549
3915703
3920142
3925647
3940372
3943357
3944734
3951264
3954564
3958223
3963906
3966233
3967638
3970271
3972434
3977279
3984090
3985719
3997093
4001564
4002473
4013465
4016730
4058990
4061534
4067152
4076082
4089848
4090950
4100317
4107022
4114242
4124178
4129174
4129178
4131793
4137965
4150584
4178092
4180934
4217941
4235080
4250699
4280399
4303237
4319786
4322343
4329552
4342978
4351549
4353006
4354299
4364917
4366291
4381458
4387263
4416832
4418251
4421308
4463745
4470685
4471706
4479932
4495717
4504196
4516866
4519476
4534185
4537017
4541316
4547111
4554760
4565072
4571581
4571664
4581046
4586461
4590223
4623825
4626135
4648897
4670137
4677494
4683917
4701905
4704836
4706890
4715799
4723481
4732995
4737763
4743697
4757764
4764419
4770297
4773988
4780707
4785739
4789312
4798721
4801937
4804693
4812276
4832779
4837589
4840713
4840803
4847454
4854410
4856074
4885077
4898992
4899813
4911486
4915399
4921046
4927266
4932162
4948498
4952813
4953558
4959221
4960499
4964295
4965630
4972550
4987539
5020991
5026275
5027140
5029026
5031281
5036165
5036918
5044099
5050949
5067071
5071193
5076970
5088253
5095172
5105135
5119610
5136405
5151849
5152396
5155692
5158007
5160501
5164365
5167948
5175968
5176456
5191908
5210057
5218658
5221050
5221297
5228533
5231916
5245627
5246610
5251394
5251689
5257787
5260896
5267080
5269114
5279158
5284779
5297342
5318605
5327495
5347357
5349271
5368606
5391109
5399356
5406099
5408379
5410742
5416351
5420703
5428324
5434087
5441419
5453704
5458411
5470440
5485768
5487541
5539084
5564585
5567271
5578613
5580750
5581137
5605572
5612649
5623143
5636337
5638396
5647560
5652740
5654398
5654454
5654564
5662071
5685897
5692559
5700869
5708771
5730901
5736118
5740650
5744557
5754658
5775583
5789690
5793180
5793427
5798642
5802551
5805349
5811170
5812635
5816421
5818405
5824410
5829858
5837520
5841120
5844562
5848381
5850395
5873583
5874625
5883980
5904797
5928922
5936368
5943563
5947470
5952031
5957652
5957729
5961738
5970504
5992618
6002422
6014444
6039472
6044878
6048524
6051661
6053903
6055375
6055842
6067980
6092390
6115792
6116733
6131716
6134493
6135346
6138268
6142591
6160180
6160200
6178456
6187843
6196293
6198094
6202474
6221931
6237003
6264386
6275614
6277364
6279382
6285451
6290533
6292404
6296646
6302392
6304702
6308461
6310296
6322414
6335301
6335352
6336843
6349620
6355528
6364150
6370896
6394996
6403860
6412126
6414119
6435261
6439669
6456293
6462415
6473513
6486751
6499478
6499999
6509875
6529725
6548971
6561843
6576184
6583078
6587318
6600684
6602522
6630900
6634998
6655031
6660418
6664509
6675877
6680897
6699439
6708772
6708800
6709427
6711592
6727607
6761388
6788102
6804485
6812605
6820194
6832207
6832340
6838340
6842530
6843879
6858421
6859122
6864370
6869782
6873049
6902350
6911253
6917399
6921587
6923093
6923419
6925174
6942441
6947562
6949857
6952155
6962336
6967995
6971849
6977603
6994237
7032734
7035720
7038883
7042538
7046084
7104655
7106199
7106924
7109805
7141467
7149028
7150189
7151795
7159250
7159433
7161652
7163415
7178876
7179853
7201904
7214311
7228836
7230037
7230357
7235908
7238374
7249719
7268391
7269893
7275346
7304768
7315817
7332953
7342534
7359501
7361990
7365078
7369528
7378114
7389850
7398372
7411795
7419421
7427539
7475453
7480235
7482275
7511453
7515908
7522045
7532137
7550714
7566568
7569401
7572931
7586026
7590925
7593675
7604331
7605951
7606718
7627354
7639786
7640202
7643645
7643980
7684410
7693826
7694764
7700093
7705784
7712627
7728946
7733157
7734840
7737382
7740302
7748040
7756265
7766488
7769897
7793209
7804260
7804719
7806597
7806961
7823579
7826811
7834114
7845216
7856173
7857671
7879516
7906456
7907320
7916909
7948725
7980376
7998734
